{"/app/api/index.js":{"path":"/app/api/index.js","statementMap":{"0":{"start":{"line":3,"column":29},"end":{"line":3,"column":84}},"1":{"start":{"line":5,"column":15},"end":{"line":5,"column":57}},"2":{"start":{"line":7,"column":18},"end":{"line":7,"column":64}},"3":{"start":{"line":9,"column":21},"end":{"line":9,"column":88}},"4":{"start":{"line":11,"column":20},"end":{"line":11,"column":83}},"5":{"start":{"line":13,"column":19},"end":{"line":13,"column":81}},"6":{"start":{"line":15,"column":20},"end":{"line":15,"column":83}},"7":{"start":{"line":17,"column":10},"end":{"line":17,"column":36}},"8":{"start":{"line":18,"column":0},"end":{"line":18,"column":39}},"9":{"start":{"line":19,"column":0},"end":{"line":21,"column":4}},"10":{"start":{"line":22,"column":11},"end":{"line":22,"column":35}},"11":{"start":{"line":23,"column":0},"end":{"line":23,"column":52}},"12":{"start":{"line":24,"column":0},"end":{"line":24,"column":49}},"13":{"start":{"line":25,"column":0},"end":{"line":25,"column":47}},"14":{"start":{"line":26,"column":0},"end":{"line":26,"column":49}},"15":{"start":{"line":27,"column":0},"end":{"line":31,"column":3}},"16":{"start":{"line":28,"column":2},"end":{"line":30,"column":5}},"17":{"start":{"line":32,"column":0},"end":{"line":34,"column":3}},"18":{"start":{"line":33,"column":2},"end":{"line":33,"column":57}},"19":{"start":{"line":35,"column":0},"end":{"line":35,"column":21}}},"fnMap":{"0":{"name":"(anonymous_0)","decl":{"start":{"line":27,"column":13},"end":{"line":27,"column":14}},"loc":{"start":{"line":27,"column":33},"end":{"line":31,"column":1}},"line":27},"1":{"name":"(anonymous_1)","decl":{"start":{"line":32,"column":17},"end":{"line":32,"column":18}},"loc":{"start":{"line":32,"column":29},"end":{"line":34,"column":1}},"line":32}},"branchMap":{"0":{"loc":{"start":{"line":22,"column":11},"end":{"line":22,"column":35}},"type":"binary-expr","locations":[{"start":{"line":22,"column":11},"end":{"line":22,"column":27}},{"start":{"line":22,"column":31},"end":{"line":22,"column":35}}],"line":22}},"s":{"0":1,"1":1,"2":1,"3":1,"4":1,"5":1,"6":1,"7":1,"8":1,"9":1,"10":1,"11":1,"12":1,"13":1,"14":1,"15":1,"16":0,"17":1,"18":1,"19":1},"f":{"0":0,"1":1},"b":{"0":[1,1]},"inputSourceMap":{"version":3,"sources":["index.js"],"names":["app","use","bodyParser","json","urlencoded","extended","port","process","env","PORT","productRoutes","ordersRoutes","itemsRoutes","tablesRoutes","get","req","res","status","send","message","listen","console","log","module","exports"],"mappings":";;;;AAAA;;AACA;;AACA;;AACA;;AACA;;AACA;;AAEA,IAAMA,GAAG,GAAG,0BAAZ;AACAA,GAAG,CAACC,GAAJ,CAAQC,uBAAWC,IAAX,EAAR;AACAH,GAAG,CAACC,GAAJ,CAAQC,uBAAWE,UAAX,CAAsB;AAAEC,EAAAA,QAAQ,EAAE;AAAZ,CAAtB,CAAR;AAEA,IAAMC,IAAI,GAAGC,OAAO,CAACC,GAAR,CAAYC,IAAZ,IAAoB,IAAjC;AAEAT,GAAG,CAACC,GAAJ,CAAQ,eAAR,EAAyBS,yBAAzB;AACAV,GAAG,CAACC,GAAJ,CAAQ,aAAR,EAAuBU,wBAAvB;AACAX,GAAG,CAACC,GAAJ,CAAQ,YAAR,EAAsBW,uBAAtB;AACAZ,GAAG,CAACC,GAAJ,CAAQ,aAAR,EAAuBY,wBAAvB;AAEAb,GAAG,CAACc,GAAJ,CAAQ,GAAR,EAAa,UAACC,GAAD,EAAMC,GAAN;AAAA,SACXA,GAAG,CAACC,MAAJ,CAAW,GAAX,EAAgBC,IAAhB,CAAqB;AACnBC,IAAAA,OAAO,EAAE;AADU,GAArB,CADW;AAAA,CAAb;AAMAnB,GAAG,CAACoB,MAAJ,CAAWd,IAAX,EAAiB,YAAM;AACrBe,EAAAA,OAAO,CAACC,GAAR,qCAAyChB,IAAzC;AACD,CAFD;AAIAiB,MAAM,CAACC,OAAP,GAAiBxB,GAAjB","sourceRoot":"/app/api","sourcesContent":["import express from 'express'\nimport bodyParser from 'body-parser'\nimport productRoutes from './server/routes/productRoutes.js';\nimport ordersRoutes from './server/routes/ordersRoutes';\nimport itemsRoutes from './server/routes/itemsRoutes';\nimport tablesRoutes from './server/routes/tablesRoutes';\n\nconst app = express();\napp.use(bodyParser.json());\napp.use(bodyParser.urlencoded({ extended: false }));\n\nconst port = process.env.PORT || 3000;\n\napp.use('/api/products', productRoutes);\napp.use('/api/orders', ordersRoutes);\napp.use('/api/items', itemsRoutes);\napp.use('/api/tables', tablesRoutes);\n\napp.get('*', (req, res) =>\n  res.status(200).send({\n    message: 'Bem-Vindo a API Burguer Queen'\n  })\n);\n\napp.listen(port, () => {\n  console.log(`Server is running on PORT ${port}`);\n});\n\nmodule.exports = app"]},"_coverageSchema":"1a1c01bbd47fc00a2c39e90264f33305004495a9","hash":"fa8db9a097e2024dce5ce6c21ecaa97a7951f078","contentHash":"365863a9220d07504fea54227acb100b2506b56660891faa080fdaab0528353b"},"/app/api/server/routes/productRoutes.js":{"path":"/app/api/server/routes/productRoutes.js","statementMap":{"0":{"start":{"line":3,"column":29},"end":{"line":3,"column":84}},"1":{"start":{"line":5,"column":15},"end":{"line":5,"column":33}},"2":{"start":{"line":7,"column":25},"end":{"line":7,"column":92}},"3":{"start":{"line":9,"column":20},"end":{"line":9,"column":42}},"4":{"start":{"line":10,"column":0},"end":{"line":10,"column":69}},"5":{"start":{"line":11,"column":0},"end":{"line":11,"column":66}},"6":{"start":{"line":12,"column":0},"end":{"line":12,"column":68}},"7":{"start":{"line":13,"column":0},"end":{"line":13,"column":72}},"8":{"start":{"line":14,"column":0},"end":{"line":14,"column":77}},"9":{"start":{"line":15,"column":0},"end":{"line":15,"column":31}}},"fnMap":{},"branchMap":{},"s":{"0":1,"1":1,"2":1,"3":1,"4":1,"5":1,"6":1,"7":1,"8":1,"9":1},"f":{},"b":{},"inputSourceMap":{"version":3,"sources":["productRoutes.js"],"names":["productRoutes","get","ProductController","getAllProducts","post","addProduct","getProduct","put","updatedProduct","deleteProduct","module","exports"],"mappings":";;;;AAAA;;AACA;;AAEA,IAAMA,aAAa,GAAG,sBAAtB;AACAA,aAAa,CAACC,GAAd,CAAkB,GAAlB,EAAuBC,8BAAkBC,cAAzC;AACAH,aAAa,CAACI,IAAd,CAAmB,GAAnB,EAAwBF,8BAAkBG,UAA1C;AACAL,aAAa,CAACC,GAAd,CAAkB,MAAlB,EAA0BC,8BAAkBI,UAA5C;AACAN,aAAa,CAACO,GAAd,CAAkB,MAAlB,EAA0BL,8BAAkBM,cAA5C;AACAR,aAAa,UAAb,CAAqB,MAArB,EAA6BE,8BAAkBO,aAA/C;AACAC,MAAM,CAACC,OAAP,GAAiBX,aAAjB","sourceRoot":"/app/api/server/routes","sourcesContent":["import { Router } from 'express';\nimport ProductController from '../controllers/ProductController';\n\nconst productRoutes = Router()\nproductRoutes.get('/', ProductController.getAllProducts)\nproductRoutes.post('/', ProductController.addProduct)\nproductRoutes.get('/:id', ProductController.getProduct)\nproductRoutes.put('/:id', ProductController.updatedProduct)\nproductRoutes.delete('/:id', ProductController.deleteProduct)\nmodule.exports = productRoutes"]},"_coverageSchema":"1a1c01bbd47fc00a2c39e90264f33305004495a9","hash":"dd4eec3fba7d1faf62526011cf69619c48aec5a7","contentHash":"5a6fbecf3ac616d60df5f16543e54c9299d45fb44bf7d3d63d24e69bfec457bf"},"/app/api/server/controllers/ProductController.js":{"path":"/app/api/server/controllers/ProductController.js","statementMap":{"0":{"start":{"line":3,"column":29},"end":{"line":3,"column":84}},"1":{"start":{"line":5,"column":19},"end":{"line":5,"column":80}},"2":{"start":{"line":7,"column":25},"end":{"line":7,"column":99}},"3":{"start":{"line":9,"column":23},"end":{"line":9,"column":95}},"4":{"start":{"line":11,"column":20},"end":{"line":11,"column":89}},"5":{"start":{"line":13,"column":23},"end":{"line":13,"column":85}},"6":{"start":{"line":15,"column":13},"end":{"line":15,"column":62}},"7":{"start":{"line":17,"column":11},"end":{"line":17,"column":34}},"8":{"start":{"line":21,"column":0},"end":{"line":296,"column":3}},"9":{"start":{"line":23,"column":4},"end":{"line":23,"column":62}},"10":{"start":{"line":26,"column":2},"end":{"line":294,"column":6}},"11":{"start":{"line":29,"column":28},"end":{"line":64,"column":9}},"12":{"start":{"line":33,"column":8},"end":{"line":63,"column":36}},"13":{"start":{"line":34,"column":10},"end":{"line":62,"column":11}},"14":{"start":{"line":35,"column":12},"end":{"line":61,"column":13}},"15":{"start":{"line":37,"column":16},"end":{"line":37,"column":34}},"16":{"start":{"line":38,"column":16},"end":{"line":38,"column":34}},"17":{"start":{"line":39,"column":16},"end":{"line":39,"column":68}},"18":{"start":{"line":42,"column":16},"end":{"line":42,"column":44}},"19":{"start":{"line":44,"column":16},"end":{"line":48,"column":17}},"20":{"start":{"line":45,"column":18},"end":{"line":45,"column":74}},"21":{"start":{"line":47,"column":18},"end":{"line":47,"column":59}},"22":{"start":{"line":50,"column":16},"end":{"line":50,"column":65}},"23":{"start":{"line":53,"column":16},"end":{"line":53,"column":34}},"24":{"start":{"line":54,"column":16},"end":{"line":54,"column":51}},"25":{"start":{"line":55,"column":16},"end":{"line":55,"column":48}},"26":{"start":{"line":56,"column":16},"end":{"line":56,"column":65}},"27":{"start":{"line":60,"column":16},"end":{"line":60,"column":39}},"28":{"start":{"line":67,"column":8},"end":{"line":67,"column":54}},"29":{"start":{"line":70,"column":6},"end":{"line":70,"column":28}},"30":{"start":{"line":75,"column":24},"end":{"line":114,"column":9}},"31":{"start":{"line":79,"column":8},"end":{"line":113,"column":38}},"32":{"start":{"line":80,"column":10},"end":{"line":112,"column":11}},"33":{"start":{"line":81,"column":12},"end":{"line":111,"column":13}},"34":{"start":{"line":83,"column":16},"end":{"line":86,"column":17}},"35":{"start":{"line":84,"column":18},"end":{"line":84,"column":37}},"36":{"start":{"line":85,"column":18},"end":{"line":85,"column":24}},"37":{"start":{"line":88,"column":16},"end":{"line":88,"column":70}},"38":{"start":{"line":89,"column":16},"end":{"line":89,"column":66}},"39":{"start":{"line":92,"column":16},"end":{"line":92,"column":38}},"40":{"start":{"line":93,"column":16},"end":{"line":93,"column":35}},"41":{"start":{"line":94,"column":16},"end":{"line":94,"column":35}},"42":{"start":{"line":95,"column":16},"end":{"line":95,"column":74}},"43":{"start":{"line":98,"column":16},"end":{"line":98,"column":48}},"44":{"start":{"line":99,"column":16},"end":{"line":99,"column":71}},"45":{"start":{"line":100,"column":16},"end":{"line":100,"column":66}},"46":{"start":{"line":103,"column":16},"end":{"line":103,"column":36}},"47":{"start":{"line":104,"column":16},"end":{"line":104,"column":53}},"48":{"start":{"line":105,"column":16},"end":{"line":105,"column":57}},"49":{"start":{"line":106,"column":16},"end":{"line":106,"column":66}},"50":{"start":{"line":110,"column":16},"end":{"line":110,"column":40}},"51":{"start":{"line":117,"column":8},"end":{"line":117,"column":50}},"52":{"start":{"line":120,"column":6},"end":{"line":120,"column":24}},"53":{"start":{"line":125,"column":28},"end":{"line":172,"column":9}},"54":{"start":{"line":129,"column":8},"end":{"line":171,"column":38}},"55":{"start":{"line":130,"column":10},"end":{"line":170,"column":11}},"56":{"start":{"line":131,"column":12},"end":{"line":169,"column":13}},"57":{"start":{"line":133,"column":16},"end":{"line":133,"column":42}},"58":{"start":{"line":134,"column":16},"end":{"line":134,"column":35}},"59":{"start":{"line":136,"column":16},"end":{"line":139,"column":17}},"60":{"start":{"line":137,"column":18},"end":{"line":137,"column":37}},"61":{"start":{"line":138,"column":18},"end":{"line":138,"column":24}},"62":{"start":{"line":141,"column":16},"end":{"line":141,"column":73}},"63":{"start":{"line":142,"column":16},"end":{"line":142,"column":66}},"64":{"start":{"line":145,"column":16},"end":{"line":145,"column":35}},"65":{"start":{"line":146,"column":16},"end":{"line":146,"column":35}},"66":{"start":{"line":147,"column":16},"end":{"line":147,"column":85}},"67":{"start":{"line":150,"column":16},"end":{"line":150,"column":47}},"68":{"start":{"line":152,"column":16},"end":{"line":156,"column":17}},"69":{"start":{"line":153,"column":18},"end":{"line":153,"column":85}},"70":{"start":{"line":155,"column":18},"end":{"line":155,"column":73}},"71":{"start":{"line":158,"column":16},"end":{"line":158,"column":66}},"72":{"start":{"line":161,"column":16},"end":{"line":161,"column":36}},"73":{"start":{"line":162,"column":16},"end":{"line":162,"column":53}},"74":{"start":{"line":163,"column":16},"end":{"line":163,"column":49}},"75":{"start":{"line":164,"column":16},"end":{"line":164,"column":66}},"76":{"start":{"line":168,"column":16},"end":{"line":168,"column":40}},"77":{"start":{"line":175,"column":8},"end":{"line":175,"column":54}},"78":{"start":{"line":178,"column":6},"end":{"line":178,"column":28}},"79":{"start":{"line":183,"column":24},"end":{"line":229,"column":9}},"80":{"start":{"line":187,"column":8},"end":{"line":228,"column":38}},"81":{"start":{"line":188,"column":10},"end":{"line":227,"column":11}},"82":{"start":{"line":189,"column":12},"end":{"line":226,"column":13}},"83":{"start":{"line":191,"column":16},"end":{"line":191,"column":35}},"84":{"start":{"line":193,"column":16},"end":{"line":196,"column":17}},"85":{"start":{"line":194,"column":18},"end":{"line":194,"column":37}},"86":{"start":{"line":195,"column":18},"end":{"line":195,"column":24}},"87":{"start":{"line":198,"column":16},"end":{"line":198,"column":73}},"88":{"start":{"line":199,"column":16},"end":{"line":199,"column":66}},"89":{"start":{"line":202,"column":16},"end":{"line":202,"column":35}},"90":{"start":{"line":203,"column":16},"end":{"line":203,"column":35}},"91":{"start":{"line":204,"column":16},"end":{"line":204,"column":66}},"92":{"start":{"line":207,"column":16},"end":{"line":207,"column":44}},"93":{"start":{"line":209,"column":16},"end":{"line":213,"column":17}},"94":{"start":{"line":210,"column":18},"end":{"line":210,"column":84}},"95":{"start":{"line":212,"column":18},"end":{"line":212,"column":68}},"96":{"start":{"line":215,"column":16},"end":{"line":215,"column":66}},"97":{"start":{"line":218,"column":16},"end":{"line":218,"column":36}},"98":{"start":{"line":219,"column":16},"end":{"line":219,"column":53}},"99":{"start":{"line":220,"column":16},"end":{"line":220,"column":49}},"100":{"start":{"line":221,"column":16},"end":{"line":221,"column":66}},"101":{"start":{"line":225,"column":16},"end":{"line":225,"column":40}},"102":{"start":{"line":232,"column":8},"end":{"line":232,"column":50}},"103":{"start":{"line":235,"column":6},"end":{"line":235,"column":24}},"104":{"start":{"line":240,"column":27},"end":{"line":286,"column":9}},"105":{"start":{"line":244,"column":8},"end":{"line":285,"column":38}},"106":{"start":{"line":245,"column":10},"end":{"line":284,"column":11}},"107":{"start":{"line":246,"column":12},"end":{"line":283,"column":13}},"108":{"start":{"line":248,"column":16},"end":{"line":248,"column":35}},"109":{"start":{"line":250,"column":16},"end":{"line":253,"column":17}},"110":{"start":{"line":251,"column":18},"end":{"line":251,"column":37}},"111":{"start":{"line":252,"column":18},"end":{"line":252,"column":24}},"112":{"start":{"line":255,"column":16},"end":{"line":255,"column":69}},"113":{"start":{"line":256,"column":16},"end":{"line":256,"column":66}},"114":{"start":{"line":259,"column":16},"end":{"line":259,"column":35}},"115":{"start":{"line":260,"column":16},"end":{"line":260,"column":35}},"116":{"start":{"line":261,"column":16},"end":{"line":261,"column":69}},"117":{"start":{"line":264,"column":16},"end":{"line":264,"column":49}},"118":{"start":{"line":266,"column":16},"end":{"line":270,"column":17}},"119":{"start":{"line":267,"column":18},"end":{"line":267,"column":58}},"120":{"start":{"line":269,"column":18},"end":{"line":269,"column":92}},"121":{"start":{"line":272,"column":16},"end":{"line":272,"column":66}},"122":{"start":{"line":275,"column":16},"end":{"line":275,"column":36}},"123":{"start":{"line":276,"column":16},"end":{"line":276,"column":53}},"124":{"start":{"line":277,"column":16},"end":{"line":277,"column":49}},"125":{"start":{"line":278,"column":16},"end":{"line":278,"column":66}},"126":{"start":{"line":282,"column":16},"end":{"line":282,"column":40}},"127":{"start":{"line":289,"column":8},"end":{"line":289,"column":53}},"128":{"start":{"line":292,"column":6},"end":{"line":292,"column":27}},"129":{"start":{"line":295,"column":2},"end":{"line":295,"column":27}},"130":{"start":{"line":298,"column":0},"end":{"line":298,"column":35}}},"fnMap":{"0":{"name":"(anonymous_0)","decl":{"start":{"line":21,"column":0},"end":{"line":21,"column":1}},"loc":{"start":{"line":21,"column":12},"end":{"line":296,"column":1}},"line":21},"1":{"name":"ProductController","decl":{"start":{"line":22,"column":11},"end":{"line":22,"column":28}},"loc":{"start":{"line":22,"column":31},"end":{"line":24,"column":3}},"line":22},"2":{"name":"(anonymous_2)","decl":{"start":{"line":28,"column":11},"end":{"line":28,"column":12}},"loc":{"start":{"line":28,"column":23},"end":{"line":71,"column":5}},"line":28},"3":{"name":"_callee","decl":{"start":{"line":31,"column":44},"end":{"line":31,"column":51}},"loc":{"start":{"line":31,"column":62},"end":{"line":64,"column":7}},"line":31},"4":{"name":"_callee$","decl":{"start":{"line":33,"column":53},"end":{"line":33,"column":61}},"loc":{"start":{"line":33,"column":72},"end":{"line":63,"column":9}},"line":33},"5":{"name":"getAllProducts","decl":{"start":{"line":66,"column":15},"end":{"line":66,"column":29}},"loc":{"start":{"line":66,"column":39},"end":{"line":68,"column":7}},"line":66},"6":{"name":"(anonymous_6)","decl":{"start":{"line":74,"column":11},"end":{"line":74,"column":12}},"loc":{"start":{"line":74,"column":23},"end":{"line":121,"column":5}},"line":74},"7":{"name":"_callee2","decl":{"start":{"line":77,"column":44},"end":{"line":77,"column":52}},"loc":{"start":{"line":77,"column":63},"end":{"line":114,"column":7}},"line":77},"8":{"name":"_callee2$","decl":{"start":{"line":79,"column":53},"end":{"line":79,"column":62}},"loc":{"start":{"line":79,"column":74},"end":{"line":113,"column":9}},"line":79},"9":{"name":"addProduct","decl":{"start":{"line":116,"column":15},"end":{"line":116,"column":25}},"loc":{"start":{"line":116,"column":36},"end":{"line":118,"column":7}},"line":116},"10":{"name":"(anonymous_10)","decl":{"start":{"line":124,"column":11},"end":{"line":124,"column":12}},"loc":{"start":{"line":124,"column":23},"end":{"line":179,"column":5}},"line":124},"11":{"name":"_callee3","decl":{"start":{"line":127,"column":44},"end":{"line":127,"column":52}},"loc":{"start":{"line":127,"column":63},"end":{"line":172,"column":7}},"line":127},"12":{"name":"_callee3$","decl":{"start":{"line":129,"column":53},"end":{"line":129,"column":62}},"loc":{"start":{"line":129,"column":74},"end":{"line":171,"column":9}},"line":129},"13":{"name":"updatedProduct","decl":{"start":{"line":174,"column":15},"end":{"line":174,"column":29}},"loc":{"start":{"line":174,"column":40},"end":{"line":176,"column":7}},"line":174},"14":{"name":"(anonymous_14)","decl":{"start":{"line":182,"column":11},"end":{"line":182,"column":12}},"loc":{"start":{"line":182,"column":23},"end":{"line":236,"column":5}},"line":182},"15":{"name":"_callee4","decl":{"start":{"line":185,"column":44},"end":{"line":185,"column":52}},"loc":{"start":{"line":185,"column":63},"end":{"line":229,"column":7}},"line":185},"16":{"name":"_callee4$","decl":{"start":{"line":187,"column":53},"end":{"line":187,"column":62}},"loc":{"start":{"line":187,"column":74},"end":{"line":228,"column":9}},"line":187},"17":{"name":"getProduct","decl":{"start":{"line":231,"column":15},"end":{"line":231,"column":25}},"loc":{"start":{"line":231,"column":36},"end":{"line":233,"column":7}},"line":231},"18":{"name":"(anonymous_18)","decl":{"start":{"line":239,"column":11},"end":{"line":239,"column":12}},"loc":{"start":{"line":239,"column":23},"end":{"line":293,"column":5}},"line":239},"19":{"name":"_callee5","decl":{"start":{"line":242,"column":44},"end":{"line":242,"column":52}},"loc":{"start":{"line":242,"column":63},"end":{"line":286,"column":7}},"line":242},"20":{"name":"_callee5$","decl":{"start":{"line":244,"column":53},"end":{"line":244,"column":62}},"loc":{"start":{"line":244,"column":74},"end":{"line":285,"column":9}},"line":244},"21":{"name":"deleteProduct","decl":{"start":{"line":288,"column":15},"end":{"line":288,"column":28}},"loc":{"start":{"line":288,"column":40},"end":{"line":290,"column":7}},"line":288}},"branchMap":{"0":{"loc":{"start":{"line":35,"column":12},"end":{"line":61,"column":13}},"type":"switch","locations":[{"start":{"line":36,"column":14},"end":{"line":39,"column":68}},{"start":{"line":41,"column":14},"end":{"line":50,"column":65}},{"start":{"line":52,"column":14},"end":{"line":56,"column":65}},{"start":{"line":58,"column":14},"end":{"line":58,"column":22}},{"start":{"line":59,"column":14},"end":{"line":60,"column":39}}],"line":35},"1":{"loc":{"start":{"line":44,"column":16},"end":{"line":48,"column":17}},"type":"if","locations":[{"start":{"line":44,"column":16},"end":{"line":48,"column":17}},{"start":{"line":44,"column":16},"end":{"line":48,"column":17}}],"line":44},"2":{"loc":{"start":{"line":81,"column":12},"end":{"line":111,"column":13}},"type":"switch","locations":[{"start":{"line":82,"column":14},"end":{"line":89,"column":66}},{"start":{"line":91,"column":14},"end":{"line":95,"column":74}},{"start":{"line":97,"column":14},"end":{"line":100,"column":66}},{"start":{"line":102,"column":14},"end":{"line":106,"column":66}},{"start":{"line":108,"column":14},"end":{"line":108,"column":22}},{"start":{"line":109,"column":14},"end":{"line":110,"column":40}}],"line":81},"3":{"loc":{"start":{"line":83,"column":16},"end":{"line":86,"column":17}},"type":"if","locations":[{"start":{"line":83,"column":16},"end":{"line":86,"column":17}},{"start":{"line":83,"column":16},"end":{"line":86,"column":17}}],"line":83},"4":{"loc":{"start":{"line":83,"column":22},"end":{"line":83,"column":165}},"type":"binary-expr","locations":[{"start":{"line":83,"column":22},"end":{"line":83,"column":36}},{"start":{"line":83,"column":40},"end":{"line":83,"column":55}},{"start":{"line":83,"column":59},"end":{"line":83,"column":73}},{"start":{"line":83,"column":77},"end":{"line":83,"column":95}},{"start":{"line":83,"column":99},"end":{"line":83,"column":119}},{"start":{"line":83,"column":123},"end":{"line":83,"column":142}},{"start":{"line":83,"column":146},"end":{"line":83,"column":165}}],"line":83},"5":{"loc":{"start":{"line":131,"column":12},"end":{"line":169,"column":13}},"type":"switch","locations":[{"start":{"line":132,"column":14},"end":{"line":142,"column":66}},{"start":{"line":144,"column":14},"end":{"line":147,"column":85}},{"start":{"line":149,"column":14},"end":{"line":158,"column":66}},{"start":{"line":160,"column":14},"end":{"line":164,"column":66}},{"start":{"line":166,"column":14},"end":{"line":166,"column":22}},{"start":{"line":167,"column":14},"end":{"line":168,"column":40}}],"line":131},"6":{"loc":{"start":{"line":136,"column":16},"end":{"line":139,"column":17}},"type":"if","locations":[{"start":{"line":136,"column":16},"end":{"line":139,"column":17}},{"start":{"line":136,"column":16},"end":{"line":139,"column":17}}],"line":136},"7":{"loc":{"start":{"line":152,"column":16},"end":{"line":156,"column":17}},"type":"if","locations":[{"start":{"line":152,"column":16},"end":{"line":156,"column":17}},{"start":{"line":152,"column":16},"end":{"line":156,"column":17}}],"line":152},"8":{"loc":{"start":{"line":189,"column":12},"end":{"line":226,"column":13}},"type":"switch","locations":[{"start":{"line":190,"column":14},"end":{"line":199,"column":66}},{"start":{"line":201,"column":14},"end":{"line":204,"column":66}},{"start":{"line":206,"column":14},"end":{"line":215,"column":66}},{"start":{"line":217,"column":14},"end":{"line":221,"column":66}},{"start":{"line":223,"column":14},"end":{"line":223,"column":22}},{"start":{"line":224,"column":14},"end":{"line":225,"column":40}}],"line":189},"9":{"loc":{"start":{"line":193,"column":16},"end":{"line":196,"column":17}},"type":"if","locations":[{"start":{"line":193,"column":16},"end":{"line":196,"column":17}},{"start":{"line":193,"column":16},"end":{"line":196,"column":17}}],"line":193},"10":{"loc":{"start":{"line":209,"column":16},"end":{"line":213,"column":17}},"type":"if","locations":[{"start":{"line":209,"column":16},"end":{"line":213,"column":17}},{"start":{"line":209,"column":16},"end":{"line":213,"column":17}}],"line":209},"11":{"loc":{"start":{"line":246,"column":12},"end":{"line":283,"column":13}},"type":"switch","locations":[{"start":{"line":247,"column":14},"end":{"line":256,"column":66}},{"start":{"line":258,"column":14},"end":{"line":261,"column":69}},{"start":{"line":263,"column":14},"end":{"line":272,"column":66}},{"start":{"line":274,"column":14},"end":{"line":278,"column":66}},{"start":{"line":280,"column":14},"end":{"line":280,"column":22}},{"start":{"line":281,"column":14},"end":{"line":282,"column":40}}],"line":246},"12":{"loc":{"start":{"line":250,"column":16},"end":{"line":253,"column":17}},"type":"if","locations":[{"start":{"line":250,"column":16},"end":{"line":253,"column":17}},{"start":{"line":250,"column":16},"end":{"line":253,"column":17}}],"line":250},"13":{"loc":{"start":{"line":266,"column":16},"end":{"line":270,"column":17}},"type":"if","locations":[{"start":{"line":266,"column":16},"end":{"line":270,"column":17}},{"start":{"line":266,"column":16},"end":{"line":270,"column":17}}],"line":266}},"s":{"0":1,"1":1,"2":1,"3":1,"4":1,"5":1,"6":1,"7":1,"8":1,"9":0,"10":1,"11":1,"12":0,"13":0,"14":0,"15":0,"16":0,"17":0,"18":0,"19":0,"20":0,"21":0,"22":0,"23":0,"24":0,"25":0,"26":0,"27":0,"28":0,"29":1,"30":1,"31":1,"32":2,"33":2,"34":1,"35":0,"36":0,"37":1,"38":1,"39":0,"40":0,"41":0,"42":0,"43":0,"44":0,"45":0,"46":0,"47":0,"48":0,"49":0,"50":1,"51":1,"52":1,"53":1,"54":0,"55":0,"56":0,"57":0,"58":0,"59":0,"60":0,"61":0,"62":0,"63":0,"64":0,"65":0,"66":0,"67":0,"68":0,"69":0,"70":0,"71":0,"72":0,"73":0,"74":0,"75":0,"76":0,"77":0,"78":1,"79":1,"80":0,"81":0,"82":0,"83":0,"84":0,"85":0,"86":0,"87":0,"88":0,"89":0,"90":0,"91":0,"92":0,"93":0,"94":0,"95":0,"96":0,"97":0,"98":0,"99":0,"100":0,"101":0,"102":0,"103":1,"104":1,"105":0,"106":0,"107":0,"108":0,"109":0,"110":0,"111":0,"112":0,"113":0,"114":0,"115":0,"116":0,"117":0,"118":0,"119":0,"120":0,"121":0,"122":0,"123":0,"124":0,"125":0,"126":0,"127":0,"128":1,"129":1,"130":1},"f":{"0":1,"1":0,"2":1,"3":0,"4":0,"5":0,"6":1,"7":1,"8":2,"9":1,"10":1,"11":0,"12":0,"13":0,"14":1,"15":0,"16":0,"17":0,"18":1,"19":0,"20":0,"21":0},"b":{"0":[0,0,0,0,0],"1":[0,0],"2":[1,0,0,0,0,1],"3":[0,1],"4":[1,0,0,0,0,0,0],"5":[0,0,0,0,0,0],"6":[0,0],"7":[0,0],"8":[0,0,0,0,0,0],"9":[0,0],"10":[0,0],"11":[0,0,0,0,0,0],"12":[0,0],"13":[0,0]},"inputSourceMap":{"version":3,"sources":["ProductController.js"],"names":["util","Utils","ProductController","req","res","productsService","getAllProducts","allProducts","length","setSuccess","send","setError","body","name","price","type","isExtras","hasOptions","createdAt","updatedAt","newProduct","addProduct","createdProduct","message","alteredProduct","id","params","Number","updateProduct","getProduct","theProduct","deleteProduct","ProductToDelete","module","exports"],"mappings":";;;;;;;;;;;;AAAA;;AACA;;AAEA,IAAMA,IAAI,GAAG,IAAIC,iBAAJ,EAAb;;IAEMC,iB;;;;;;;;;;;;oDAC0BC,G,EAAIC,G;;;;;;;;uBAEFC,4BAAgBC,cAAhB,E;;;AAApBC,gBAAAA,W;;AACN,oBAAIA,WAAW,CAACC,MAAZ,GAAqB,CAAzB,EAA4B;AAC1BR,kBAAAA,IAAI,CAACS,UAAL,CAAgB,GAAhB,EAAqB,oBAArB,EAA2CF,WAA3C;AACD,iBAFD,MAEO;AACLP,kBAAAA,IAAI,CAACS,UAAL,CAAgB,GAAhB,EAAqB,kBAArB;AACD;;iDACMT,IAAI,CAACU,IAAL,CAAUN,GAAV,C;;;;;AAEPJ,gBAAAA,IAAI,CAACW,QAAL,CAAc,GAAd;iDACOX,IAAI,CAACU,IAAL,CAAUN,GAAV,C;;;;;;;;;;;;;;;;;;;;;qDAIaD,G,EAAKC,G;;;;;;sBACvB,CAACD,GAAG,CAACS,IAAJ,CAASC,IAAV,IAAkB,CAACV,GAAG,CAACS,IAAJ,CAASE,KAA5B,IAAqC,CAACX,GAAG,CAACS,IAAJ,CAASG,IAA/C,IAAuD,CAACZ,GAAG,CAACS,IAAJ,CAASI,QAAjE,IAA6E,CAACb,GAAG,CAACS,IAAJ,CAASK,UAAvF,IAAqG,CAACd,GAAG,CAACS,IAAJ,CAASM,SAA/G,IAA4H,CAACf,GAAG,CAACS,IAAJ,CAASO,S;;;;;AACxInB,gBAAAA,IAAI,CAACW,QAAL,CAAc,GAAd,EAAmB,iCAAnB;kDACOX,IAAI,CAACU,IAAL,CAAUN,GAAV,C;;;AAEHgB,gBAAAA,U,GAAajB,GAAG,CAACS,I;;;uBAEQP,4BAAgBgB,UAAhB,CAA2BD,UAA3B,C;;;AAAvBE,gBAAAA,c;AACNtB,gBAAAA,IAAI,CAACS,UAAL,CAAgB,GAAhB,EAAqB,gBAArB,EAAuCa,cAAvC;kDACOtB,IAAI,CAACU,IAAL,CAAUN,GAAV,C;;;;;AAEPJ,gBAAAA,IAAI,CAACW,QAAL,CAAc,GAAd,EAAmB,aAAMY,OAAzB;kDACOvB,IAAI,CAACU,IAAL,CAAUN,GAAV,C;;;;;;;;;;;;;;;;;;;;;qDAGiBD,G,EAAKC,G;;;;;;AACzBoB,gBAAAA,c,GAAiBrB,GAAG,CAACS,I;AACnBa,gBAAAA,E,GAAOtB,GAAG,CAACuB,M,CAAXD,E;;oBACHE,MAAM,CAACF,EAAD,C;;;;;AACTzB,gBAAAA,IAAI,CAACW,QAAL,CAAc,GAAd,EAAmB,oCAAnB;kDACOX,IAAI,CAACU,IAAL,CAAUN,GAAV,C;;;;;uBAGqBC,4BAAgBuB,aAAhB,CAA8BH,EAA9B,EAAkCD,cAAlC,C;;;AAAtBI,gBAAAA,a;;AACN,oBAAI,CAACA,aAAL,EAAoB;AAClB5B,kBAAAA,IAAI,CAACW,QAAL,CAAc,GAAd,6CAAuDc,EAAvD;AACD,iBAFD,MAEO;AACLzB,kBAAAA,IAAI,CAACS,UAAL,CAAgB,GAAhB,EAAqB,iBAArB,EAAwCmB,aAAxC;AACD;;kDACM5B,IAAI,CAACU,IAAL,CAAUN,GAAV,C;;;;;AAEPJ,gBAAAA,IAAI,CAACW,QAAL,CAAc,GAAd;kDACOX,IAAI,CAACU,IAAL,CAAUN,GAAV,C;;;;;;;;;;;;;;;;;;;;;qDAIaD,G,EAAKC,G;;;;;;AACnBqB,gBAAAA,E,GAAOtB,GAAG,CAACuB,M,CAAXD,E;;oBAEHE,MAAM,CAACF,EAAD,C;;;;;AACTzB,gBAAAA,IAAI,CAACW,QAAL,CAAc,GAAd,EAAmB,oCAAnB;kDACOX,IAAI,CAACU,IAAL,CAAUN,GAAV,C;;;;;uBAIkBC,4BAAgBwB,UAAhB,CAA2BJ,EAA3B,C;;;AAAnBK,gBAAAA,U;;AAEN,oBAAI,CAACA,UAAL,EAAiB;AACf9B,kBAAAA,IAAI,CAACW,QAAL,CAAc,GAAd,4CAAsDc,EAAtD;AACD,iBAFD,MAEO;AACLzB,kBAAAA,IAAI,CAACS,UAAL,CAAgB,GAAhB,EAAqB,eAArB,EAAsCqB,UAAtC;AACD;;kDACM9B,IAAI,CAACU,IAAL,CAAUN,GAAV,C;;;;;AAEPJ,gBAAAA,IAAI,CAACW,QAAL,CAAc,GAAd;kDACOX,IAAI,CAACU,IAAL,CAAUN,GAAV,C;;;;;;;;;;;;;;;;;;;;;qDAIgBD,G,EAAKC,G;;;;;;AACtBqB,gBAAAA,E,GAAOtB,GAAG,CAACuB,M,CAAXD,E;;oBAEHE,MAAM,CAACF,EAAD,C;;;;;AACTzB,gBAAAA,IAAI,CAACW,QAAL,CAAc,GAAd,EAAmB,gCAAnB;kDACOX,IAAI,CAACU,IAAL,CAAUN,GAAV,C;;;;;uBAIuBC,4BAAgB0B,aAAhB,CAA8BN,EAA9B,C;;;AAAxBO,gBAAAA,e;;AAEN,oBAAIA,eAAJ,EAAqB;AACnBhC,kBAAAA,IAAI,CAACS,UAAL,CAAgB,GAAhB,EAAqB,iBAArB;AACD,iBAFD,MAEO;AACLT,kBAAAA,IAAI,CAACW,QAAL,CAAc,GAAd,gCAA0Cc,EAA1C;AACD;;kDACMzB,IAAI,CAACU,IAAL,CAAUN,GAAV,C;;;;;AAEPJ,gBAAAA,IAAI,CAACW,QAAL,CAAc,GAAd;kDACOX,IAAI,CAACU,IAAL,CAAUN,GAAV,C;;;;;;;;;;;;;;;;;;;;AAKf6B,MAAM,CAACC,OAAP,GAAiBhC,iBAAjB","sourceRoot":"/app/api/server/controllers","sourcesContent":["import productsService from '../services/productsService';\nimport Utils from '../utils/Utils'\n\nconst util = new Utils();\n\nclass ProductController {\n    static async getAllProducts(req,res) {\n      try {\n        const allProducts = await productsService.getAllProducts()\n        if (allProducts.length > 0) {\n          util.setSuccess(200, 'Products retrieved', allProducts)\n        } else {\n          util.setSuccess(200, 'No Product found')\n        }\n        return util.send(res)\n      } catch (error) {\n        util.setError(400, error)\n        return util.send(res)\n      }\n    }\n  \n    static async addProduct(req, res) {\n      if (!req.body.name || !req.body.price || !req.body.type || !req.body.isExtras || !req.body.hasOptions || !req.body.createdAt || !req.body.updatedAt) {\n        util.setError(400, 'Please provide complete details')\n        return util.send(res)\n      }\n      const newProduct = req.body\n      try {\n        const createdProduct = await productsService.addProduct(newProduct)\n        util.setSuccess(201, 'Product Added!', createdProduct)\n        return util.send(res)\n      } catch (error) {\n        util.setError(400, error.message)\n        return util.send(res)\n      }}\n  \n    static async updatedProduct(req, res) {\n      const alteredProduct = req.body\n      const { id } = req.params\n      if (!Number(id)) {\n        util.setError(400, 'Please input a valid numeric value')\n        return util.send(res)\n      }\n      try {\n        const updateProduct = await productsService.updateProduct(id, alteredProduct)\n        if (!updateProduct) {\n          util.setError(404, `Cannot find Product with the id: ${id}`)\n        } else {\n          util.setSuccess(200, 'Product updated', updateProduct)\n        }\n        return util.send(res)\n      } catch (error) {\n        util.setError(404, error)\n        return util.send(res)\n      }\n    }\n  \n    static async getProduct(req, res) {\n      const { id } = req.params\n  \n      if (!Number(id)) {\n        util.setError(400, 'Please input a valid numeric value')\n        return util.send(res)\n      }\n  \n      try {\n        const theProduct = await productsService.getProduct(id)\n  \n        if (!theProduct) {\n          util.setError(404, `Cannot find Product with the id ${id}`)\n        } else {\n          util.setSuccess(200, 'Found Product', theProduct)\n        }\n        return util.send(res)\n      } catch (error) {\n        util.setError(404, error)\n        return util.send(res)\n      }\n    }\n  \n    static async deleteProduct(req, res) {\n      const { id } = req.params\n  \n      if (!Number(id)) {\n        util.setError(400, 'Please provide a numeric value')\n        return util.send(res)\n      }\n  \n      try {\n        const ProductToDelete = await productsService.deleteProduct(id)\n  \n        if (ProductToDelete) {\n          util.setSuccess(200, 'Product deleted')\n        } else {\n          util.setError(404, `Product with the id ${id} cannot be found`)\n        }\n        return util.send(res)\n      } catch (error) {\n        util.setError(400, error)\n        return util.send(res)\n      }\n    }\n  }\n  \nmodule.exports = ProductController"]},"_coverageSchema":"1a1c01bbd47fc00a2c39e90264f33305004495a9","hash":"b0ac4c9ca633c3280103e6720cb52c25cc98f6a0","contentHash":"bccb309ce73cadd79aa422035c3cbd2c67a8658135e14d54f41a7ca14dc28b9d"},"/app/api/server/services/productsService.js":{"path":"/app/api/server/services/productsService.js","statementMap":{"0":{"start":{"line":3,"column":29},"end":{"line":3,"column":84}},"1":{"start":{"line":5,"column":19},"end":{"line":5,"column":80}},"2":{"start":{"line":7,"column":25},"end":{"line":7,"column":99}},"3":{"start":{"line":9,"column":23},"end":{"line":9,"column":95}},"4":{"start":{"line":11,"column":20},"end":{"line":11,"column":89}},"5":{"start":{"line":13,"column":14},"end":{"line":13,"column":62}},"6":{"start":{"line":17,"column":0},"end":{"line":257,"column":3}},"7":{"start":{"line":19,"column":4},"end":{"line":19,"column":60}},"8":{"start":{"line":22,"column":2},"end":{"line":255,"column":6}},"9":{"start":{"line":25,"column":28},"end":{"line":50,"column":9}},"10":{"start":{"line":28,"column":8},"end":{"line":49,"column":36}},"11":{"start":{"line":29,"column":10},"end":{"line":48,"column":11}},"12":{"start":{"line":30,"column":12},"end":{"line":47,"column":13}},"13":{"start":{"line":32,"column":16},"end":{"line":32,"column":34}},"14":{"start":{"line":33,"column":16},"end":{"line":33,"column":34}},"15":{"start":{"line":34,"column":16},"end":{"line":34,"column":61}},"16":{"start":{"line":37,"column":16},"end":{"line":37,"column":64}},"17":{"start":{"line":40,"column":16},"end":{"line":40,"column":34}},"18":{"start":{"line":41,"column":16},"end":{"line":41,"column":51}},"19":{"start":{"line":42,"column":16},"end":{"line":42,"column":34}},"20":{"start":{"line":46,"column":16},"end":{"line":46,"column":39}},"21":{"start":{"line":53,"column":8},"end":{"line":53,"column":54}},"22":{"start":{"line":56,"column":6},"end":{"line":56,"column":28}},"23":{"start":{"line":61,"column":24},"end":{"line":86,"column":9}},"24":{"start":{"line":64,"column":8},"end":{"line":85,"column":37}},"25":{"start":{"line":65,"column":10},"end":{"line":84,"column":11}},"26":{"start":{"line":66,"column":12},"end":{"line":83,"column":13}},"27":{"start":{"line":68,"column":16},"end":{"line":68,"column":35}},"28":{"start":{"line":69,"column":16},"end":{"line":69,"column":35}},"29":{"start":{"line":70,"column":16},"end":{"line":70,"column":70}},"30":{"start":{"line":73,"column":16},"end":{"line":73,"column":66}},"31":{"start":{"line":76,"column":16},"end":{"line":76,"column":35}},"32":{"start":{"line":77,"column":16},"end":{"line":77,"column":53}},"33":{"start":{"line":78,"column":16},"end":{"line":78,"column":35}},"34":{"start":{"line":82,"column":16},"end":{"line":82,"column":40}},"35":{"start":{"line":89,"column":8},"end":{"line":89,"column":50}},"36":{"start":{"line":92,"column":6},"end":{"line":92,"column":24}},"37":{"start":{"line":97,"column":28},"end":{"line":145,"column":9}},"38":{"start":{"line":101,"column":8},"end":{"line":144,"column":38}},"39":{"start":{"line":102,"column":10},"end":{"line":143,"column":11}},"40":{"start":{"line":103,"column":12},"end":{"line":142,"column":13}},"41":{"start":{"line":105,"column":16},"end":{"line":105,"column":35}},"42":{"start":{"line":106,"column":16},"end":{"line":106,"column":35}},"43":{"start":{"line":107,"column":16},"end":{"line":111,"column":19}},"44":{"start":{"line":114,"column":16},"end":{"line":114,"column":49}},"45":{"start":{"line":116,"column":16},"end":{"line":119,"column":17}},"46":{"start":{"line":117,"column":18},"end":{"line":117,"column":37}},"47":{"start":{"line":118,"column":18},"end":{"line":118,"column":24}},"48":{"start":{"line":121,"column":16},"end":{"line":121,"column":35}},"49":{"start":{"line":122,"column":16},"end":{"line":126,"column":19}},"50":{"start":{"line":129,"column":16},"end":{"line":129,"column":66}},"51":{"start":{"line":132,"column":16},"end":{"line":132,"column":56}},"52":{"start":{"line":135,"column":16},"end":{"line":135,"column":36}},"53":{"start":{"line":136,"column":16},"end":{"line":136,"column":53}},"54":{"start":{"line":137,"column":16},"end":{"line":137,"column":35}},"55":{"start":{"line":141,"column":16},"end":{"line":141,"column":40}},"56":{"start":{"line":148,"column":8},"end":{"line":148,"column":54}},"57":{"start":{"line":151,"column":6},"end":{"line":151,"column":27}},"58":{"start":{"line":156,"column":25},"end":{"line":187,"column":9}},"59":{"start":{"line":160,"column":8},"end":{"line":186,"column":37}},"60":{"start":{"line":161,"column":10},"end":{"line":185,"column":11}},"61":{"start":{"line":162,"column":12},"end":{"line":184,"column":13}},"62":{"start":{"line":164,"column":16},"end":{"line":164,"column":35}},"63":{"start":{"line":165,"column":16},"end":{"line":165,"column":35}},"64":{"start":{"line":166,"column":16},"end":{"line":170,"column":19}},"65":{"start":{"line":173,"column":16},"end":{"line":173,"column":45}},"66":{"start":{"line":174,"column":16},"end":{"line":174,"column":63}},"67":{"start":{"line":177,"column":16},"end":{"line":177,"column":35}},"68":{"start":{"line":178,"column":16},"end":{"line":178,"column":53}},"69":{"start":{"line":179,"column":16},"end":{"line":179,"column":35}},"70":{"start":{"line":183,"column":16},"end":{"line":183,"column":40}},"71":{"start":{"line":190,"column":8},"end":{"line":190,"column":51}},"72":{"start":{"line":193,"column":6},"end":{"line":193,"column":25}},"73":{"start":{"line":198,"column":27},"end":{"line":247,"column":9}},"74":{"start":{"line":202,"column":8},"end":{"line":246,"column":38}},"75":{"start":{"line":203,"column":10},"end":{"line":245,"column":11}},"76":{"start":{"line":204,"column":12},"end":{"line":244,"column":13}},"77":{"start":{"line":206,"column":16},"end":{"line":206,"column":35}},"78":{"start":{"line":207,"column":16},"end":{"line":207,"column":35}},"79":{"start":{"line":208,"column":16},"end":{"line":212,"column":19}},"80":{"start":{"line":215,"column":16},"end":{"line":215,"column":50}},"81":{"start":{"line":217,"column":16},"end":{"line":220,"column":17}},"82":{"start":{"line":218,"column":18},"end":{"line":218,"column":37}},"83":{"start":{"line":219,"column":18},"end":{"line":219,"column":24}},"84":{"start":{"line":222,"column":16},"end":{"line":222,"column":35}},"85":{"start":{"line":223,"column":16},"end":{"line":227,"column":19}},"86":{"start":{"line":230,"column":16},"end":{"line":230,"column":49}},"87":{"start":{"line":231,"column":16},"end":{"line":231,"column":67}},"88":{"start":{"line":234,"column":16},"end":{"line":234,"column":56}},"89":{"start":{"line":237,"column":16},"end":{"line":237,"column":36}},"90":{"start":{"line":238,"column":16},"end":{"line":238,"column":53}},"91":{"start":{"line":239,"column":16},"end":{"line":239,"column":35}},"92":{"start":{"line":243,"column":16},"end":{"line":243,"column":40}},"93":{"start":{"line":250,"column":8},"end":{"line":250,"column":53}},"94":{"start":{"line":253,"column":6},"end":{"line":253,"column":27}},"95":{"start":{"line":256,"column":2},"end":{"line":256,"column":25}},"96":{"start":{"line":259,"column":0},"end":{"line":259,"column":33}}},"fnMap":{"0":{"name":"(anonymous_0)","decl":{"start":{"line":17,"column":0},"end":{"line":17,"column":1}},"loc":{"start":{"line":17,"column":12},"end":{"line":257,"column":1}},"line":17},"1":{"name":"productsService","decl":{"start":{"line":18,"column":11},"end":{"line":18,"column":26}},"loc":{"start":{"line":18,"column":29},"end":{"line":20,"column":3}},"line":18},"2":{"name":"(anonymous_2)","decl":{"start":{"line":24,"column":11},"end":{"line":24,"column":12}},"loc":{"start":{"line":24,"column":23},"end":{"line":57,"column":5}},"line":24},"3":{"name":"_callee","decl":{"start":{"line":27,"column":44},"end":{"line":27,"column":51}},"loc":{"start":{"line":27,"column":54},"end":{"line":50,"column":7}},"line":27},"4":{"name":"_callee$","decl":{"start":{"line":28,"column":53},"end":{"line":28,"column":61}},"loc":{"start":{"line":28,"column":72},"end":{"line":49,"column":9}},"line":28},"5":{"name":"getAllProducts","decl":{"start":{"line":52,"column":15},"end":{"line":52,"column":29}},"loc":{"start":{"line":52,"column":32},"end":{"line":54,"column":7}},"line":52},"6":{"name":"(anonymous_6)","decl":{"start":{"line":60,"column":11},"end":{"line":60,"column":12}},"loc":{"start":{"line":60,"column":23},"end":{"line":93,"column":5}},"line":60},"7":{"name":"_callee2","decl":{"start":{"line":63,"column":44},"end":{"line":63,"column":52}},"loc":{"start":{"line":63,"column":65},"end":{"line":86,"column":7}},"line":63},"8":{"name":"_callee2$","decl":{"start":{"line":64,"column":53},"end":{"line":64,"column":62}},"loc":{"start":{"line":64,"column":74},"end":{"line":85,"column":9}},"line":64},"9":{"name":"addProduct","decl":{"start":{"line":88,"column":15},"end":{"line":88,"column":25}},"loc":{"start":{"line":88,"column":30},"end":{"line":90,"column":7}},"line":88},"10":{"name":"(anonymous_10)","decl":{"start":{"line":96,"column":11},"end":{"line":96,"column":12}},"loc":{"start":{"line":96,"column":23},"end":{"line":152,"column":5}},"line":96},"11":{"name":"_callee3","decl":{"start":{"line":99,"column":44},"end":{"line":99,"column":52}},"loc":{"start":{"line":99,"column":73},"end":{"line":145,"column":7}},"line":99},"12":{"name":"_callee3$","decl":{"start":{"line":101,"column":53},"end":{"line":101,"column":62}},"loc":{"start":{"line":101,"column":74},"end":{"line":144,"column":9}},"line":101},"13":{"name":"updateProduct","decl":{"start":{"line":147,"column":15},"end":{"line":147,"column":28}},"loc":{"start":{"line":147,"column":39},"end":{"line":149,"column":7}},"line":147},"14":{"name":"(anonymous_14)","decl":{"start":{"line":155,"column":11},"end":{"line":155,"column":12}},"loc":{"start":{"line":155,"column":23},"end":{"line":194,"column":5}},"line":155},"15":{"name":"_callee4","decl":{"start":{"line":158,"column":44},"end":{"line":158,"column":52}},"loc":{"start":{"line":158,"column":57},"end":{"line":187,"column":7}},"line":158},"16":{"name":"_callee4$","decl":{"start":{"line":160,"column":53},"end":{"line":160,"column":62}},"loc":{"start":{"line":160,"column":74},"end":{"line":186,"column":9}},"line":160},"17":{"name":"getProducts","decl":{"start":{"line":189,"column":15},"end":{"line":189,"column":26}},"loc":{"start":{"line":189,"column":32},"end":{"line":191,"column":7}},"line":189},"18":{"name":"(anonymous_18)","decl":{"start":{"line":197,"column":11},"end":{"line":197,"column":12}},"loc":{"start":{"line":197,"column":23},"end":{"line":254,"column":5}},"line":197},"19":{"name":"_callee5","decl":{"start":{"line":200,"column":44},"end":{"line":200,"column":52}},"loc":{"start":{"line":200,"column":57},"end":{"line":247,"column":7}},"line":200},"20":{"name":"_callee5$","decl":{"start":{"line":202,"column":53},"end":{"line":202,"column":62}},"loc":{"start":{"line":202,"column":74},"end":{"line":246,"column":9}},"line":202},"21":{"name":"deleteProduct","decl":{"start":{"line":249,"column":15},"end":{"line":249,"column":28}},"loc":{"start":{"line":249,"column":34},"end":{"line":251,"column":7}},"line":249}},"branchMap":{"0":{"loc":{"start":{"line":30,"column":12},"end":{"line":47,"column":13}},"type":"switch","locations":[{"start":{"line":31,"column":14},"end":{"line":34,"column":61}},{"start":{"line":36,"column":14},"end":{"line":37,"column":64}},{"start":{"line":39,"column":14},"end":{"line":42,"column":34}},{"start":{"line":44,"column":14},"end":{"line":44,"column":21}},{"start":{"line":45,"column":14},"end":{"line":46,"column":39}}],"line":30},"1":{"loc":{"start":{"line":66,"column":12},"end":{"line":83,"column":13}},"type":"switch","locations":[{"start":{"line":67,"column":14},"end":{"line":70,"column":70}},{"start":{"line":72,"column":14},"end":{"line":73,"column":66}},{"start":{"line":75,"column":14},"end":{"line":78,"column":35}},{"start":{"line":80,"column":14},"end":{"line":80,"column":21}},{"start":{"line":81,"column":14},"end":{"line":82,"column":40}}],"line":66},"2":{"loc":{"start":{"line":103,"column":12},"end":{"line":142,"column":13}},"type":"switch","locations":[{"start":{"line":104,"column":14},"end":{"line":111,"column":19}},{"start":{"line":113,"column":14},"end":{"line":126,"column":19}},{"start":{"line":128,"column":14},"end":{"line":129,"column":66}},{"start":{"line":131,"column":14},"end":{"line":132,"column":56}},{"start":{"line":134,"column":14},"end":{"line":137,"column":35}},{"start":{"line":139,"column":14},"end":{"line":139,"column":22}},{"start":{"line":140,"column":14},"end":{"line":141,"column":40}}],"line":103},"3":{"loc":{"start":{"line":116,"column":16},"end":{"line":119,"column":17}},"type":"if","locations":[{"start":{"line":116,"column":16},"end":{"line":119,"column":17}},{"start":{"line":116,"column":16},"end":{"line":119,"column":17}}],"line":116},"4":{"loc":{"start":{"line":162,"column":12},"end":{"line":184,"column":13}},"type":"switch","locations":[{"start":{"line":163,"column":14},"end":{"line":170,"column":19}},{"start":{"line":172,"column":14},"end":{"line":174,"column":63}},{"start":{"line":176,"column":14},"end":{"line":179,"column":35}},{"start":{"line":181,"column":14},"end":{"line":181,"column":22}},{"start":{"line":182,"column":14},"end":{"line":183,"column":40}}],"line":162},"5":{"loc":{"start":{"line":204,"column":12},"end":{"line":244,"column":13}},"type":"switch","locations":[{"start":{"line":205,"column":14},"end":{"line":212,"column":19}},{"start":{"line":214,"column":14},"end":{"line":227,"column":19}},{"start":{"line":229,"column":14},"end":{"line":231,"column":67}},{"start":{"line":233,"column":14},"end":{"line":234,"column":56}},{"start":{"line":236,"column":14},"end":{"line":239,"column":35}},{"start":{"line":241,"column":14},"end":{"line":241,"column":22}},{"start":{"line":242,"column":14},"end":{"line":243,"column":40}}],"line":204},"6":{"loc":{"start":{"line":217,"column":16},"end":{"line":220,"column":17}},"type":"if","locations":[{"start":{"line":217,"column":16},"end":{"line":220,"column":17}},{"start":{"line":217,"column":16},"end":{"line":220,"column":17}}],"line":217}},"s":{"0":1,"1":1,"2":1,"3":1,"4":1,"5":1,"6":1,"7":0,"8":1,"9":1,"10":0,"11":0,"12":0,"13":0,"14":0,"15":0,"16":0,"17":0,"18":0,"19":0,"20":0,"21":0,"22":1,"23":1,"24":0,"25":0,"26":0,"27":0,"28":0,"29":0,"30":0,"31":0,"32":0,"33":0,"34":0,"35":0,"36":1,"37":1,"38":0,"39":0,"40":0,"41":0,"42":0,"43":0,"44":0,"45":0,"46":0,"47":0,"48":0,"49":0,"50":0,"51":0,"52":0,"53":0,"54":0,"55":0,"56":0,"57":1,"58":1,"59":0,"60":0,"61":0,"62":0,"63":0,"64":0,"65":0,"66":0,"67":0,"68":0,"69":0,"70":0,"71":0,"72":1,"73":1,"74":0,"75":0,"76":0,"77":0,"78":0,"79":0,"80":0,"81":0,"82":0,"83":0,"84":0,"85":0,"86":0,"87":0,"88":0,"89":0,"90":0,"91":0,"92":0,"93":0,"94":1,"95":1,"96":1},"f":{"0":1,"1":0,"2":1,"3":0,"4":0,"5":0,"6":1,"7":0,"8":0,"9":0,"10":1,"11":0,"12":0,"13":0,"14":1,"15":0,"16":0,"17":0,"18":1,"19":0,"20":0,"21":0},"b":{"0":[0,0,0,0,0],"1":[0,0,0,0,0],"2":[0,0,0,0,0,0,0],"3":[0,0],"4":[0,0,0,0,0],"5":[0,0,0,0,0,0,0],"6":[0,0]},"inputSourceMap":{"version":3,"sources":["productsService.js"],"names":["productsService","database","products","findAll","newProduct","create","id","updateProduct","findOne","where","Number","productToUpdate","update","theProducts","productsToDelete","destroy","deletedProducts","module","exports"],"mappings":";;;;;;;;;;;;AAAA;;IAEMA,e;;;;;;;;;;;;;;;;;;;uBAGaC,mBAASC,QAAT,CAAkBC,OAAlB,E;;;;;;;;;;;;;;;;;;;;;;;;;;;;;qDAMOC,U;;;;;;;uBAEPH,mBAASC,QAAT,CAAkBG,MAAlB,CAAyBD,UAAzB,C;;;;;;;;;;;;;;;;;;;;;;;;;;;;;qDAOUE,E,EAAIC,c;;;;;;;;uBAEGN,mBAASC,QAAT,CAAkBM,OAAlB,CAA0B;AACtDC,kBAAAA,KAAK,EAAE;AAAEH,oBAAAA,EAAE,EAAEI,MAAM,CAACJ,EAAD;AAAZ;AAD+C,iBAA1B,C;;;AAAxBK,gBAAAA,e;;qBAIFA,e;;;;;;uBACIV,mBAASC,QAAT,CAAkBU,MAAlB,CAAyBL,cAAzB,EAAwC;AAAEE,kBAAAA,KAAK,EAAE;AAAEH,oBAAAA,EAAE,EAAEI,MAAM,CAACJ,EAAD;AAAZ;AAAT,iBAAxC,C;;;kDAECC,c;;;kDAEF,I;;;;;;;;;;;;;;;;;;;;;;;;;;qDAMcD,E;;;;;;;;uBAEKL,mBAASC,QAAT,CAAkBM,OAAlB,CAA0B;AAClDC,kBAAAA,KAAK,EAAE;AAAEH,oBAAAA,EAAE,EAAEI,MAAM,CAACJ,EAAD;AAAZ;AAD2C,iBAA1B,C;;;AAApBO,gBAAAA,W;kDAICA,W;;;;;;;;;;;;;;;;;;;;;;;;;;qDAMgBP,E;;;;;;;;uBAEQL,mBAASC,QAAT,CAAkBM,OAAlB,CAA0B;AAAEC,kBAAAA,KAAK,EAAE;AAAEH,oBAAAA,EAAE,EAAEI,MAAM,CAACJ,EAAD;AAAZ;AAAT,iBAA1B,C;;;AAAzBQ,gBAAAA,gB;;qBAEFA,gB;;;;;;uBAC4Bb,mBAASC,QAAT,CAAkBa,OAAlB,CAA0B;AACtDN,kBAAAA,KAAK,EAAE;AAAEH,oBAAAA,EAAE,EAAEI,MAAM,CAACJ,EAAD;AAAZ;AAD+C,iBAA1B,C;;;AAAxBU,gBAAAA,e;kDAGCA,e;;;kDAEF,I;;;;;;;;;;;;;;;;;;;;;;;;;AAObC,MAAM,CAACC,OAAP,GAAiBlB,eAAjB","sourceRoot":"/app/api/server/services","sourcesContent":["import database from '../src/models';\n\nclass productsService {\n  static async getAllProducts() {\n    try {\n      return await database.products.findAll()\n    } catch (error) {\n      throw error\n    }\n  }\n\n  static async addProduct(newProduct) {\n    try {\n      return await database.products.create(newProduct)\n    } catch (error) {\n      throw error\n    }\n  }\n\n\n  static async updateProduct(id, updateProduct) {\n    try {\n      const productToUpdate = await database.products.findOne({\n        where: { id: Number(id) }\n      })\n\n      if (productToUpdate) {\n        await database.products.update(updateProduct, { where: { id: Number(id) } })\n\n        return updateProduct\n      }\n      return null\n    } catch (error) {\n      throw error\n    }\n  }\n\n  static async getProducts(id) {\n    try {\n      const theProducts = await database.products.findOne({\n        where: { id: Number(id) }\n      })\n\n      return theProducts\n    } catch (error) {\n      throw error\n    }\n  }\n\n  static async deleteProduct(id) {\n    try {\n      const productsToDelete = await database.products.findOne({ where: { id: Number(id) } })\n\n      if (productsToDelete) {\n        const deletedProducts = await database.products.destroy({\n          where: { id: Number(id) }\n        })\n        return deletedProducts\n      }\n      return null\n    } catch (error) {\n      throw error\n    }\n  }\n}\n\nmodule.exports = productsService"]},"_coverageSchema":"1a1c01bbd47fc00a2c39e90264f33305004495a9","hash":"dd919cb5457bd7ac391d25fff6c283e1ebb0077b","contentHash":"04b28f36e3c364561776ecce92722848675e77af335f5fe26d962d0f873a9c82"},"/app/api/server/src/models/index.js":{"path":"/app/api/server/src/models/index.js","statementMap":{"0":{"start":{"line":3,"column":29},"end":{"line":3,"column":84}},"1":{"start":{"line":5,"column":0},"end":{"line":7,"column":3}},"2":{"start":{"line":8,"column":0},"end":{"line":8,"column":28}},"3":{"start":{"line":10,"column":10},"end":{"line":10,"column":47}},"4":{"start":{"line":12,"column":12},"end":{"line":12,"column":51}},"5":{"start":{"line":14,"column":17},"end":{"line":14,"column":61}},"6":{"start":{"line":16,"column":14},"end":{"line":16,"column":65}},"7":{"start":{"line":18,"column":15},"end":{"line":18,"column":52}},"8":{"start":{"line":20,"column":10},"end":{"line":20,"column":69}},"9":{"start":{"line":21,"column":13},"end":{"line":21,"column":36}},"10":{"start":{"line":22,"column":0},"end":{"line":22,"column":46}},"11":{"start":{"line":23,"column":9},"end":{"line":23,"column":11}},"12":{"start":{"line":26,"column":0},"end":{"line":40,"column":1}},"13":{"start":{"line":27,"column":2},"end":{"line":27,"column":86}},"14":{"start":{"line":28,"column":2},"end":{"line":37,"column":5}},"15":{"start":{"line":39,"column":2},"end":{"line":39,"column":99}},"16":{"start":{"line":42,"column":0},"end":{"line":47,"column":3}},"17":{"start":{"line":43,"column":2},"end":{"line":43,"column":82}},"18":{"start":{"line":45,"column":14},"end":{"line":45,"column":73}},"19":{"start":{"line":46,"column":2},"end":{"line":46,"column":25}},"20":{"start":{"line":49,"column":0},"end":{"line":53,"column":3}},"21":{"start":{"line":50,"column":2},"end":{"line":52,"column":3}},"22":{"start":{"line":51,"column":4},"end":{"line":51,"column":32}},"23":{"start":{"line":54,"column":0},"end":{"line":54,"column":25}},"24":{"start":{"line":55,"column":0},"end":{"line":55,"column":37}},"25":{"start":{"line":56,"column":15},"end":{"line":56,"column":17}},"26":{"start":{"line":57,"column":0},"end":{"line":57,"column":30}}},"fnMap":{"0":{"name":"(anonymous_0)","decl":{"start":{"line":42,"column":45},"end":{"line":42,"column":46}},"loc":{"start":{"line":42,"column":61},"end":{"line":44,"column":1}},"line":42},"1":{"name":"(anonymous_1)","decl":{"start":{"line":44,"column":11},"end":{"line":44,"column":12}},"loc":{"start":{"line":44,"column":27},"end":{"line":47,"column":1}},"line":44},"2":{"name":"(anonymous_2)","decl":{"start":{"line":49,"column":24},"end":{"line":49,"column":25}},"loc":{"start":{"line":49,"column":45},"end":{"line":53,"column":1}},"line":49}},"branchMap":{"0":{"loc":{"start":{"line":20,"column":10},"end":{"line":20,"column":69}},"type":"cond-expr","locations":[{"start":{"line":20,"column":33},"end":{"line":20,"column":53}},{"start":{"line":20,"column":56},"end":{"line":20,"column":69}}],"line":20},"1":{"loc":{"start":{"line":26,"column":0},"end":{"line":40,"column":1}},"type":"if","locations":[{"start":{"line":26,"column":0},"end":{"line":40,"column":1}},{"start":{"line":26,"column":0},"end":{"line":40,"column":1}}],"line":26},"2":{"loc":{"start":{"line":43,"column":9},"end":{"line":43,"column":81}},"type":"binary-expr","locations":[{"start":{"line":43,"column":9},"end":{"line":43,"column":32}},{"start":{"line":43,"column":36},"end":{"line":43,"column":53}},{"start":{"line":43,"column":57},"end":{"line":43,"column":81}}],"line":43},"3":{"loc":{"start":{"line":50,"column":2},"end":{"line":52,"column":3}},"type":"if","locations":[{"start":{"line":50,"column":2},"end":{"line":52,"column":3}},{"start":{"line":50,"column":2},"end":{"line":52,"column":3}}],"line":50}},"s":{"0":1,"1":1,"2":1,"3":1,"4":1,"5":1,"6":1,"7":1,"8":1,"9":1,"10":1,"11":1,"12":1,"13":0,"14":0,"15":1,"16":1,"17":5,"18":4,"19":4,"20":1,"21":4,"22":4,"23":1,"24":1,"25":1,"26":1},"f":{"0":5,"1":4,"2":4},"b":{"0":[1,0],"1":[0,1],"2":[5,5,4],"3":[4,0]},"inputSourceMap":{"version":3,"sources":["index.js"],"names":["basename","path","__filename","env","process","NODE_ENV","config","configJson","console","log","db","sequelize","environment","Sequelize","use_env_variable","DB_NAME","DB_USER","DB_PASS","host","DB_HOST","port","DB_PORT","dialect","dialectOption","ssl","logging","database","username","password","fs","readdirSync","__dirname","filter","file","indexOf","slice","forEach","model","join","name","Object","keys","modelName","associate"],"mappings":";;;;;;;;;AAAA;;AACA;;AACA;;AACA;;AAEA,IAAMA,QAAQ,GAAGC,iBAAKD,QAAL,CAAcE,UAAd,CAAjB;;AACA,IAAMC,GAAG,GAAGC,OAAO,CAACD,GAAR,CAAYE,QAAZ,GAAuBD,OAAO,CAACD,GAAR,CAAYE,QAAnC,GAA8C,aAA1D;AAEA,IAAMC,MAAM,GAAGC,mBAAWJ,GAAX,CAAf;AAEAK,OAAO,CAACC,GAAR,CAAY,2BAAZ,EAAyCN,GAAzC;AAEA,IAAMO,EAAE,GAAG,EAAX;AAEA,IAAIC,SAAJ;;AACA,IAAIL,MAAM,CAACM,WAAP,KAAuB,YAA3B,EAAyC;AACvCD,EAAAA,SAAS,GAAG,IAAIE,qBAAJ,CACRT,OAAO,CAACD,GAAR,CAAYG,MAAM,CAACQ,gBAAnB,CADQ,EAC8BR,MAD9B,CAAZ;AAGAK,EAAAA,SAAS,GAAG,IAAIE,qBAAJ,CACVT,OAAO,CAACD,GAAR,CAAYY,OADF,EAEVX,OAAO,CAACD,GAAR,CAAYa,OAFF,EAGVZ,OAAO,CAACD,GAAR,CAAYc,OAHF,EAGW;AACnBC,IAAAA,IAAI,EAAEd,OAAO,CAACD,GAAR,CAAYgB,OADC;AAEnBC,IAAAA,IAAI,EAAEhB,OAAO,CAACD,GAAR,CAAYkB,OAFC;AAGnBC,IAAAA,OAAO,EAAE,UAHU;AAInBC,IAAAA,aAAa,EAAE;AACbC,MAAAA,GAAG,EAAE,IADQ;AAEb,gBAAQ;AAFK,KAJI;AAQnBC,IAAAA,OAAO,EAAE;AARU,GAHX,CAAZ;AAcD,CAlBD,MAkBO;AACLd,EAAAA,SAAS,GAAG,IAAIE,qBAAJ,CACTP,MAAM,CAACoB,QADE,EACQpB,MAAM,CAACqB,QADf,EACyBrB,MAAM,CAACsB,QADhC,EAC0CtB,MAD1C,CAAZ;AAGD;;AAEDuB,eACGC,WADH,CACeC,SADf,EAEGC,MAFH,CAEU,UAACC,IAAD,EAAU;AAChB,SAAQA,IAAI,CAACC,OAAL,CAAa,GAAb,MAAsB,CAAvB,IACCD,IAAI,KAAKjC,QADV,IACwBiC,IAAI,CAACE,KAAL,CAAW,CAAC,CAAZ,MAAmB,KADlD;AAED,CALH,EAMGC,OANH,CAMW,UAACH,IAAD,EAAU;AACjB,MAAMI,KAAK,GAAG1B,SAAS,UAAT,CAAiBV,iBAAKqC,IAAL,CAAUP,SAAV,EAAqBE,IAArB,CAAjB,CAAd;AACAvB,EAAAA,EAAE,CAAC2B,KAAK,CAACE,IAAP,CAAF,GAAiBF,KAAjB;AACD,CATH;;AAWAG,MAAM,CAACC,IAAP,CAAY/B,EAAZ,EAAgB0B,OAAhB,CAAwB,UAACM,SAAD,EAAe;AACrC,MAAIhC,EAAE,CAACgC,SAAD,CAAF,CAAcC,SAAlB,EAA6B;AAC3BjC,IAAAA,EAAE,CAACgC,SAAD,CAAF,CAAcC,SAAd,CAAwBjC,EAAxB;AACD;AACF,CAJD;AAMAA,EAAE,CAACC,SAAH,GAAeA,SAAf;AACAD,EAAE,CAACG,SAAH,GAAeA,qBAAf;eAEeH,E","sourceRoot":"/app/api/server/src/models","sourcesContent":["import fs from 'fs'\nimport path from 'path'\nimport Sequelize from 'sequelize'\nimport configJson from '../config/config'\n\nconst basename = path.basename(__filename)\nconst env = process.env.NODE_ENV ? process.env.NODE_ENV : 'development'\n\nconst config = configJson[env]\n\nconsole.log('this is the environment: ', env)\n\nconst db = {}\n\nlet sequelize\nif (config.environment === 'production') {\n  sequelize = new Sequelize(\n      process.env[config.use_env_variable], config\n    )\n  sequelize = new Sequelize(\n    process.env.DB_NAME,\n    process.env.DB_USER,\n    process.env.DB_PASS, {\n      host: process.env.DB_HOST,\n      port: process.env.DB_PORT,\n      dialect: 'postgres',\n      dialectOption: {\n        ssl: true,\n        native: true\n      },\n      logging: true\n    }\n  )\n} else {\n  sequelize = new Sequelize(\n     config.database, config.username, config.password, config\n  )\n}\n\nfs\n  .readdirSync(__dirname)\n  .filter((file) => {\n    return (file.indexOf('.') !== 0) &&\n           (file !== basename) && (file.slice(-3) === '.js')\n  })\n  .forEach((file) => {\n    const model = sequelize.import(path.join(__dirname, file))\n    db[model.name] = model\n  })\n\nObject.keys(db).forEach((modelName) => {\n  if (db[modelName].associate) {\n    db[modelName].associate(db)\n  }\n})\n\ndb.sequelize = sequelize\ndb.Sequelize = Sequelize\n\nexport default db"]},"_coverageSchema":"1a1c01bbd47fc00a2c39e90264f33305004495a9","hash":"27e83057626f7f95704f35c6abab8e8faa3d10b6","contentHash":"cbda227a505c0373a4124cbb3a8b10f286652e50d0058df8d29f1fabc5b1d23d"},"/app/api/server/src/config/config.js":{"path":"/app/api/server/src/config/config.js","statementMap":{"0":{"start":{"line":3,"column":0},"end":{"line":28,"column":2}}},"fnMap":{},"branchMap":{},"s":{"0":1},"f":{},"b":{},"inputSourceMap":{"version":3,"sources":["config.js"],"names":["module","exports","process","env","DB_USER","DB_PASS","DB_DATABASE","DB_HOST"],"mappings":";;AAAAA,MAAM,CAACC,OAAP,GAAiB;AACb,iBAAe;AACf,gBAAY,UADG;AAEf,gBAAY,IAFG;AAGf,gBAAY,uBAHG;AAIf,YAAQ,IAJO;AAKf,eAAW;AALI,GADF;AAQf,UAAQ;AACN,gBAAY,UADN;AAEN,gBAAY,IAFN;AAGN,gBAAY,gBAHN;AAIN,YAAQ,IAJF;AAKN,eAAW;AALL,GARO;AAef,gBAAc;AACZ,gBAAYC,OAAO,CAACC,GAAR,CAAYC,OADZ;AAEZ,gBAAYF,OAAO,CAACC,GAAR,CAAYE,OAFZ;AAGZ,gBAAYH,OAAO,CAACC,GAAR,CAAYG,WAHZ;AAIZ,YAAQJ,OAAO,CAACC,GAAR,CAAYI,OAJR;AAKZ,eAAW,UALC;AAMZ,sBAAkB;AAChB,aAAO;AADS;AANN;AAfC,CAAjB","sourceRoot":"/app/api/server/src/config","sourcesContent":["module.exports = {\n    \"development\": {\n    \"username\": \"postgres\",\n    \"password\": null,\n    \"database\": \"new_store_development\",\n    \"host\": \"db\",\n    \"dialect\": \"postgres\",\n  },\n  \"test\": {\n    \"username\": \"postgres\",\n    \"password\": null,\n    \"database\": \"new_store_test\",\n    \"host\": \"db\",\n    \"dialect\": \"postgres\",\n  },\n  \"production\": {\n    \"username\": process.env.DB_USER,\n    \"password\": process.env.DB_PASS,\n    \"database\": process.env.DB_DATABASE,\n    \"host\": process.env.DB_HOST,\n    \"dialect\": \"postgres\",\n    \"dialectOptions\": {\n      \"ssl\": true\n    }\n  }\n}"]},"_coverageSchema":"1a1c01bbd47fc00a2c39e90264f33305004495a9","hash":"8724f1a1e1d4c6454988db26603fb4dabc745ab5","contentHash":"d470a03ccd18f798babb6f4c4e9a1a98810cc37b165d639dbdbad486156ccd67"},"/app/api/server/src/models/items.js":{"path":"/app/api/server/src/models/items.js","statementMap":{"0":{"start":{"line":3,"column":0},"end":{"line":13,"column":2}},"1":{"start":{"line":4,"column":14},"end":{"line":7,"column":8}},"2":{"start":{"line":9,"column":2},"end":{"line":10,"column":4}},"3":{"start":{"line":12,"column":2},"end":{"line":12,"column":15}}},"fnMap":{"0":{"name":"(anonymous_0)","decl":{"start":{"line":3,"column":17},"end":{"line":3,"column":18}},"loc":{"start":{"line":3,"column":49},"end":{"line":13,"column":1}},"line":3},"1":{"name":"(anonymous_1)","decl":{"start":{"line":9,"column":20},"end":{"line":9,"column":21}},"loc":{"start":{"line":9,"column":38},"end":{"line":10,"column":3}},"line":9}},"branchMap":{},"s":{"0":1,"1":1,"2":1,"3":1},"f":{"0":1,"1":1},"b":{},"inputSourceMap":{"version":3,"sources":["items.js"],"names":["module","exports","sequelize","DataTypes","items","define","quantity","INTEGER","options","STRING","associate","models"],"mappings":"AAAA;;AACAA,MAAM,CAACC,OAAP,GAAiB,UAACC,SAAD,EAAYC,SAAZ,EAA0B;AACzC,MAAMC,KAAK,GAAGF,SAAS,CAACG,MAAV,CAAiB,OAAjB,EAA0B;AACtCC,IAAAA,QAAQ,EAAEH,SAAS,CAACI,OADkB;AAEtCC,IAAAA,OAAO,EAAEL,SAAS,CAACM;AAFmB,GAA1B,EAGX,EAHW,CAAd;;AAIAL,EAAAA,KAAK,CAACM,SAAN,GAAkB,UAASC,MAAT,EAAiB,CACjC;AACD,GAFD;;AAGA,SAAOP,KAAP;AACD,CATD","sourceRoot":"/app/api/server/src/models","sourcesContent":["'use strict';\nmodule.exports = (sequelize, DataTypes) => {\n  const items = sequelize.define('items', {\n    quantity: DataTypes.INTEGER,\n    options: DataTypes.STRING\n  }, {});\n  items.associate = function(models) {\n    // associations can be defined here\n  };\n  return items;\n};"]},"_coverageSchema":"1a1c01bbd47fc00a2c39e90264f33305004495a9","hash":"f42c417da2c0fa1663e078473ba3ba57fe69378b","contentHash":"b7b14e2b043201e1185e0fde7f701a0cd3214fdb54bd7a6493792d7559150e3e"},"/app/api/server/src/models/orders.js":{"path":"/app/api/server/src/models/orders.js","statementMap":{"0":{"start":{"line":3,"column":0},"end":{"line":17,"column":2}},"1":{"start":{"line":4,"column":15},"end":{"line":10,"column":8}},"2":{"start":{"line":12,"column":2},"end":{"line":14,"column":4}},"3":{"start":{"line":13,"column":4},"end":{"line":13,"column":33}},"4":{"start":{"line":16,"column":2},"end":{"line":16,"column":16}}},"fnMap":{"0":{"name":"(anonymous_0)","decl":{"start":{"line":3,"column":17},"end":{"line":3,"column":18}},"loc":{"start":{"line":3,"column":49},"end":{"line":17,"column":1}},"line":3},"1":{"name":"(anonymous_1)","decl":{"start":{"line":12,"column":21},"end":{"line":12,"column":22}},"loc":{"start":{"line":12,"column":39},"end":{"line":14,"column":3}},"line":12}},"branchMap":{},"s":{"0":1,"1":1,"2":1,"3":1,"4":1},"f":{"0":1,"1":1},"b":{},"inputSourceMap":{"version":3,"sources":["orders.js"],"names":["module","exports","sequelize","DataTypes","orders","define","clientName","STRING","total","DECIMAL","status","time","DATE","finalTime","associate","models","hasMany","items"],"mappings":"AAAA;;AACAA,MAAM,CAACC,OAAP,GAAiB,UAACC,SAAD,EAAYC,SAAZ,EAA0B;AACzC,MAAMC,MAAM,GAAGF,SAAS,CAACG,MAAV,CAAiB,QAAjB,EAA2B;AACxCC,IAAAA,UAAU,EAAEH,SAAS,CAACI,MADkB;AAExCC,IAAAA,KAAK,EAAEL,SAAS,CAACM,OAFuB;AAGxCC,IAAAA,MAAM,EAAEP,SAAS,CAACI,MAHsB;AAIxCI,IAAAA,IAAI,EAAER,SAAS,CAACS,IAJwB;AAKxCC,IAAAA,SAAS,EAAEV,SAAS,CAACS;AALmB,GAA3B,EAMZ,EANY,CAAf;;AAOAR,EAAAA,MAAM,CAACU,SAAP,GAAmB,UAASC,MAAT,EAAiB;AAClCX,IAAAA,MAAM,CAACY,OAAP,CAAeD,MAAM,CAACE,KAAtB;AACD,GAFD;;AAGA,SAAOb,MAAP;AACD,CAZD","sourceRoot":"/app/api/server/src/models","sourcesContent":["'use strict';\nmodule.exports = (sequelize, DataTypes) => {\n  const orders = sequelize.define('orders', {\n    clientName: DataTypes.STRING,\n    total: DataTypes.DECIMAL,\n    status: DataTypes.STRING,\n    time: DataTypes.DATE,\n    finalTime: DataTypes.DATE\n  }, {});\n  orders.associate = function(models) {\n    orders.hasMany(models.items);\n  };\n  return orders;\n};"]},"_coverageSchema":"1a1c01bbd47fc00a2c39e90264f33305004495a9","hash":"8059f270c95aef0e48f5c5a6204fcbc68a8a0810","contentHash":"e9cfe1933b21b5bddf3a8d4daff3ecf6f23e2e466922f3975cd13fdb68385bfb"},"/app/api/server/src/models/products.js":{"path":"/app/api/server/src/models/products.js","statementMap":{"0":{"start":{"line":3,"column":0},"end":{"line":17,"column":2}},"1":{"start":{"line":4,"column":17},"end":{"line":10,"column":8}},"2":{"start":{"line":12,"column":2},"end":{"line":14,"column":4}},"3":{"start":{"line":13,"column":4},"end":{"line":13,"column":35}},"4":{"start":{"line":16,"column":2},"end":{"line":16,"column":18}}},"fnMap":{"0":{"name":"(anonymous_0)","decl":{"start":{"line":3,"column":17},"end":{"line":3,"column":18}},"loc":{"start":{"line":3,"column":49},"end":{"line":17,"column":1}},"line":3},"1":{"name":"(anonymous_1)","decl":{"start":{"line":12,"column":23},"end":{"line":12,"column":24}},"loc":{"start":{"line":12,"column":41},"end":{"line":14,"column":3}},"line":12}},"branchMap":{},"s":{"0":1,"1":1,"2":1,"3":1,"4":1},"f":{"0":1,"1":1},"b":{},"inputSourceMap":{"version":3,"sources":["products.js"],"names":["module","exports","sequelize","DataTypes","products","define","name","STRING","price","DECIMAL","isExtras","BOOLEAN","hasOptions","type","associate","models","hasMany","items"],"mappings":"AAAA;;AACAA,MAAM,CAACC,OAAP,GAAiB,UAACC,SAAD,EAAYC,SAAZ,EAA0B;AACzC,MAAMC,QAAQ,GAAGF,SAAS,CAACG,MAAV,CAAiB,UAAjB,EAA6B;AAC5CC,IAAAA,IAAI,EAAEH,SAAS,CAACI,MAD4B;AAE5CC,IAAAA,KAAK,EAAEL,SAAS,CAACM,OAF2B;AAG5CC,IAAAA,QAAQ,EAAEP,SAAS,CAACQ,OAHwB;AAI5CC,IAAAA,UAAU,EAAET,SAAS,CAACQ,OAJsB;AAK5CE,IAAAA,IAAI,EAAEV,SAAS,CAACI;AAL4B,GAA7B,EAMd,EANc,CAAjB;;AAOAH,EAAAA,QAAQ,CAACU,SAAT,GAAqB,UAASC,MAAT,EAAiB;AACpCX,IAAAA,QAAQ,CAACY,OAAT,CAAiBD,MAAM,CAACE,KAAxB;AACD,GAFD;;AAGA,SAAOb,QAAP;AACD,CAZD","sourceRoot":"/app/api/server/src/models","sourcesContent":["'use strict';\nmodule.exports = (sequelize, DataTypes) => {\n  const products = sequelize.define('products', {\n    name: DataTypes.STRING,\n    price: DataTypes.DECIMAL,\n    isExtras: DataTypes.BOOLEAN,\n    hasOptions: DataTypes.BOOLEAN,\n    type: DataTypes.STRING\n  }, {});\n  products.associate = function(models) {\n    products.hasMany(models.items);\n  };\n  return products;\n};"]},"_coverageSchema":"1a1c01bbd47fc00a2c39e90264f33305004495a9","hash":"e5f2dfaaa5f8857fd780c5d3f790f9547afa7550","contentHash":"1c4d7333307856e282d5d9bd23ea1b28b53ae070f3a24974782b941754972aef"},"/app/api/server/src/models/tables.js":{"path":"/app/api/server/src/models/tables.js","statementMap":{"0":{"start":{"line":3,"column":0},"end":{"line":13,"column":2}},"1":{"start":{"line":4,"column":15},"end":{"line":6,"column":8}},"2":{"start":{"line":8,"column":2},"end":{"line":10,"column":4}},"3":{"start":{"line":9,"column":4},"end":{"line":9,"column":34}},"4":{"start":{"line":12,"column":2},"end":{"line":12,"column":16}}},"fnMap":{"0":{"name":"(anonymous_0)","decl":{"start":{"line":3,"column":17},"end":{"line":3,"column":18}},"loc":{"start":{"line":3,"column":49},"end":{"line":13,"column":1}},"line":3},"1":{"name":"(anonymous_1)","decl":{"start":{"line":8,"column":21},"end":{"line":8,"column":22}},"loc":{"start":{"line":8,"column":39},"end":{"line":10,"column":3}},"line":8}},"branchMap":{},"s":{"0":1,"1":1,"2":1,"3":1,"4":1},"f":{"0":1,"1":1},"b":{},"inputSourceMap":{"version":3,"sources":["tables.js"],"names":["module","exports","sequelize","DataTypes","tables","define","number","DECIMAL","associate","models","hasMany","orders"],"mappings":"AAAA;;AACAA,MAAM,CAACC,OAAP,GAAiB,UAACC,SAAD,EAAYC,SAAZ,EAA0B;AACzC,MAAMC,MAAM,GAAGF,SAAS,CAACG,MAAV,CAAiB,QAAjB,EAA2B;AACxCC,IAAAA,MAAM,EAAEH,SAAS,CAACI;AADsB,GAA3B,EAEZ,EAFY,CAAf;;AAGAH,EAAAA,MAAM,CAACI,SAAP,GAAmB,UAASC,MAAT,EAAiB;AAClCL,IAAAA,MAAM,CAACM,OAAP,CAAeD,MAAM,CAACE,MAAtB;AACD,GAFD;;AAGA,SAAOP,MAAP;AACD,CARD","sourceRoot":"/app/api/server/src/models","sourcesContent":["'use strict';\nmodule.exports = (sequelize, DataTypes) => {\n  const tables = sequelize.define('tables', {\n    number: DataTypes.DECIMAL\n  }, {});\n  tables.associate = function(models) {\n    tables.hasMany(models.orders);\n  };\n  return tables;\n};"]},"_coverageSchema":"1a1c01bbd47fc00a2c39e90264f33305004495a9","hash":"b5f19932bcf025ef24097f6323811d95cb35edcd","contentHash":"b04a7e280fd882406a0fb1983491b0d03e00b45b762fbca5b1bb0aaf9bfe1ee1"},"/app/api/server/utils/Utils.js":{"path":"/app/api/server/utils/Utils.js","statementMap":{"0":{"start":{"line":3,"column":29},"end":{"line":3,"column":84}},"1":{"start":{"line":5,"column":0},"end":{"line":7,"column":3}},"2":{"start":{"line":8,"column":0},"end":{"line":8,"column":28}},"3":{"start":{"line":10,"column":23},"end":{"line":10,"column":95}},"4":{"start":{"line":12,"column":20},"end":{"line":12,"column":89}},"5":{"start":{"line":16,"column":0},"end":{"line":60,"column":3}},"6":{"start":{"line":18,"column":4},"end":{"line":18,"column":49}},"7":{"start":{"line":19,"column":4},"end":{"line":19,"column":27}},"8":{"start":{"line":20,"column":4},"end":{"line":20,"column":21}},"9":{"start":{"line":21,"column":4},"end":{"line":21,"column":21}},"10":{"start":{"line":22,"column":4},"end":{"line":22,"column":24}},"11":{"start":{"line":25,"column":2},"end":{"line":58,"column":6}},"12":{"start":{"line":28,"column":6},"end":{"line":28,"column":35}},"13":{"start":{"line":29,"column":6},"end":{"line":29,"column":29}},"14":{"start":{"line":30,"column":6},"end":{"line":30,"column":23}},"15":{"start":{"line":31,"column":6},"end":{"line":31,"column":28}},"16":{"start":{"line":36,"column":6},"end":{"line":36,"column":35}},"17":{"start":{"line":37,"column":6},"end":{"line":37,"column":29}},"18":{"start":{"line":38,"column":6},"end":{"line":38,"column":26}},"19":{"start":{"line":43,"column":19},"end":{"line":47,"column":7}},"20":{"start":{"line":49,"column":6},"end":{"line":51,"column":7}},"21":{"start":{"line":50,"column":8},"end":{"line":50,"column":56}},"22":{"start":{"line":53,"column":6},"end":{"line":56,"column":9}},"23":{"start":{"line":59,"column":2},"end":{"line":59,"column":14}},"24":{"start":{"line":62,"column":0},"end":{"line":62,"column":26}}},"fnMap":{"0":{"name":"(anonymous_0)","decl":{"start":{"line":16,"column":0},"end":{"line":16,"column":1}},"loc":{"start":{"line":16,"column":12},"end":{"line":60,"column":1}},"line":16},"1":{"name":"Util","decl":{"start":{"line":17,"column":11},"end":{"line":17,"column":15}},"loc":{"start":{"line":17,"column":18},"end":{"line":23,"column":3}},"line":17},"2":{"name":"setSuccess","decl":{"start":{"line":27,"column":20},"end":{"line":27,"column":30}},"loc":{"start":{"line":27,"column":58},"end":{"line":32,"column":5}},"line":27},"3":{"name":"setError","decl":{"start":{"line":35,"column":20},"end":{"line":35,"column":28}},"loc":{"start":{"line":35,"column":50},"end":{"line":39,"column":5}},"line":35},"4":{"name":"send","decl":{"start":{"line":42,"column":20},"end":{"line":42,"column":24}},"loc":{"start":{"line":42,"column":30},"end":{"line":57,"column":5}},"line":42}},"branchMap":{"0":{"loc":{"start":{"line":49,"column":6},"end":{"line":51,"column":7}},"type":"if","locations":[{"start":{"line":49,"column":6},"end":{"line":51,"column":7}},{"start":{"line":49,"column":6},"end":{"line":51,"column":7}}],"line":49}},"s":{"0":1,"1":1,"2":1,"3":1,"4":1,"5":1,"6":4,"7":4,"8":4,"9":4,"10":4,"11":1,"12":0,"13":0,"14":0,"15":0,"16":7,"17":7,"18":7,"19":7,"20":7,"21":0,"22":7,"23":1,"24":1},"f":{"0":1,"1":4,"2":0,"3":7,"4":7},"b":{"0":[0,7]},"inputSourceMap":{"version":3,"sources":["Utils.js"],"names":["Util","statusCode","type","data","message","res","result","status","json"],"mappings":";;;;;;;;;;;;;IAAqBA,I;;;AACjB,kBAAc;AAAA;AACZ,SAAKC,UAAL,GAAkB,IAAlB;AACA,SAAKC,IAAL,GAAY,IAAZ;AACA,SAAKC,IAAL,GAAY,IAAZ;AACA,SAAKC,OAAL,GAAe,IAAf;AACD;;;;+BAEUH,U,EAAYG,O,EAASD,I,EAAM;AACpC,WAAKF,UAAL,GAAkBA,UAAlB;AACA,WAAKG,OAAL,GAAeA,OAAf;AACA,WAAKD,IAAL,GAAYA,IAAZ;AACA,WAAKD,IAAL,GAAY,SAAZ;AACD;;;6BAEQD,U,EAAYG,O,EAAS;AAC5B,WAAKH,UAAL,GAAkBA,UAAlB;AACA,WAAKG,OAAL,GAAeA,OAAf;AACA,WAAKF,IAAL,GAAY,OAAZ;AACD;;;yBAEIG,G,EAAK;AACR,UAAMC,MAAM,GAAG;AACbC,QAAAA,MAAM,EAAE,KAAKL,IADA;AAEbE,QAAAA,OAAO,EAAE,KAAKA,OAFD;AAGbD,QAAAA,IAAI,EAAE,KAAKA;AAHE,OAAf;;AAMA,UAAI,KAAKD,IAAL,KAAc,SAAlB,EAA6B;AAC3B,eAAOG,GAAG,CAACE,MAAJ,CAAW,KAAKN,UAAhB,EAA4BO,IAA5B,CAAiCF,MAAjC,CAAP;AACD;;AACD,aAAOD,GAAG,CAACE,MAAJ,CAAW,KAAKN,UAAhB,EAA4BO,IAA5B,CAAiC;AACtCD,QAAAA,MAAM,EAAE,KAAKL,IADyB;AAEtCE,QAAAA,OAAO,EAAE,KAAKA;AAFwB,OAAjC,CAAP;AAID","sourceRoot":"/app/api/server/utils","sourcesContent":["export default class Util {\n    constructor() {\n      this.statusCode = null\n      this.type = null\n      this.data = null\n      this.message = null\n    }\n  \n    setSuccess(statusCode, message, data) {\n      this.statusCode = statusCode\n      this.message = message\n      this.data = data\n      this.type = 'success'\n    }\n  \n    setError(statusCode, message) {\n      this.statusCode = statusCode\n      this.message = message\n      this.type = 'error'\n    }\n  \n    send(res) {\n      const result = {\n        status: this.type,\n        message: this.message,\n        data: this.data,\n      }\n  \n      if (this.type === 'success') {\n        return res.status(this.statusCode).json(result)\n      }\n      return res.status(this.statusCode).json({\n        status: this.type,\n        message: this.message,\n      })\n    }\n  }"]},"_coverageSchema":"1a1c01bbd47fc00a2c39e90264f33305004495a9","hash":"a61ca913dbfd1183093e510f8707126f4656daaa","contentHash":"18ace5877a188ae580882722713966f79f5911263a9790a373c2a37c74ab0bcc"},"/app/api/server/routes/ordersRoutes.js":{"path":"/app/api/server/routes/ordersRoutes.js","statementMap":{"0":{"start":{"line":3,"column":29},"end":{"line":3,"column":84}},"1":{"start":{"line":5,"column":0},"end":{"line":7,"column":3}},"2":{"start":{"line":8,"column":0},"end":{"line":8,"column":28}},"3":{"start":{"line":10,"column":15},"end":{"line":10,"column":33}},"4":{"start":{"line":12,"column":24},"end":{"line":12,"column":90}},"5":{"start":{"line":14,"column":19},"end":{"line":14,"column":41}},"6":{"start":{"line":15,"column":0},"end":{"line":15,"column":65}},"7":{"start":{"line":16,"column":0},"end":{"line":16,"column":62}},"8":{"start":{"line":17,"column":0},"end":{"line":17,"column":64}},"9":{"start":{"line":18,"column":0},"end":{"line":18,"column":68}},"10":{"start":{"line":19,"column":0},"end":{"line":19,"column":73}},"11":{"start":{"line":20,"column":15},"end":{"line":20,"column":27}},"12":{"start":{"line":21,"column":0},"end":{"line":21,"column":30}}},"fnMap":{},"branchMap":{},"s":{"0":1,"1":1,"2":1,"3":1,"4":1,"5":1,"6":1,"7":1,"8":1,"9":1,"10":1,"11":1,"12":1},"f":{},"b":{},"inputSourceMap":{"version":3,"sources":["ordersRoutes.js"],"names":["ordersRoutes","get","OrderController","getAllOrders","post","addOrder","getOrder","put","updatedOrder","deleteOrder"],"mappings":";;;;;;;;;AAAA;;AACA;;AAEA,IAAMA,YAAY,GAAG,sBAArB;AACAA,YAAY,CAACC,GAAb,CAAiB,GAAjB,EAAsBC,6BAAgBC,YAAtC;AACAH,YAAY,CAACI,IAAb,CAAkB,GAAlB,EAAuBF,6BAAgBG,QAAvC;AACAL,YAAY,CAACC,GAAb,CAAiB,MAAjB,EAAyBC,6BAAgBI,QAAzC;AACAN,YAAY,CAACO,GAAb,CAAiB,MAAjB,EAAyBL,6BAAgBM,YAAzC;AACAR,YAAY,UAAZ,CAAoB,MAApB,EAA4BE,6BAAgBO,WAA5C;eACeT,Y","sourceRoot":"/app/api/server/routes","sourcesContent":["import { Router } from 'express'\nimport OrderController from '../controllers/OrdersController';\n\nconst ordersRoutes = Router()\nordersRoutes.get('/', OrderController.getAllOrders)\nordersRoutes.post('/', OrderController.addOrder)\nordersRoutes.get('/:id', OrderController.getOrder)\nordersRoutes.put('/:id', OrderController.updatedOrder)\nordersRoutes.delete('/:id', OrderController.deleteOrder)\nexport default ordersRoutes"]},"_coverageSchema":"1a1c01bbd47fc00a2c39e90264f33305004495a9","hash":"d09f0a44ede4d79bd059df342eb4ce47a35f8ce8","contentHash":"05b9fbdc117380ea13359b7e3dcfd8a2a4659f1d0477caf031906c31892ac12d"},"/app/api/server/controllers/OrdersController.js":{"path":"/app/api/server/controllers/OrdersController.js","statementMap":{"0":{"start":{"line":3,"column":29},"end":{"line":3,"column":84}},"1":{"start":{"line":5,"column":0},"end":{"line":7,"column":3}},"2":{"start":{"line":8,"column":0},"end":{"line":8,"column":28}},"3":{"start":{"line":10,"column":19},"end":{"line":10,"column":80}},"4":{"start":{"line":12,"column":25},"end":{"line":12,"column":99}},"5":{"start":{"line":14,"column":23},"end":{"line":14,"column":95}},"6":{"start":{"line":16,"column":20},"end":{"line":16,"column":89}},"7":{"start":{"line":18,"column":13},"end":{"line":18,"column":62}},"8":{"start":{"line":20,"column":19},"end":{"line":20,"column":54}},"9":{"start":{"line":22,"column":11},"end":{"line":22,"column":34}},"10":{"start":{"line":26,"column":0},"end":{"line":301,"column":3}},"11":{"start":{"line":28,"column":4},"end":{"line":28,"column":61}},"12":{"start":{"line":31,"column":2},"end":{"line":299,"column":6}},"13":{"start":{"line":34,"column":26},"end":{"line":69,"column":9}},"14":{"start":{"line":38,"column":8},"end":{"line":68,"column":36}},"15":{"start":{"line":39,"column":10},"end":{"line":67,"column":11}},"16":{"start":{"line":40,"column":12},"end":{"line":66,"column":13}},"17":{"start":{"line":42,"column":16},"end":{"line":42,"column":34}},"18":{"start":{"line":43,"column":16},"end":{"line":43,"column":34}},"19":{"start":{"line":44,"column":16},"end":{"line":44,"column":51}},"20":{"start":{"line":47,"column":16},"end":{"line":47,"column":42}},"21":{"start":{"line":49,"column":16},"end":{"line":53,"column":17}},"22":{"start":{"line":50,"column":18},"end":{"line":50,"column":70}},"23":{"start":{"line":52,"column":18},"end":{"line":52,"column":57}},"24":{"start":{"line":55,"column":16},"end":{"line":55,"column":65}},"25":{"start":{"line":58,"column":16},"end":{"line":58,"column":34}},"26":{"start":{"line":59,"column":16},"end":{"line":59,"column":51}},"27":{"start":{"line":60,"column":16},"end":{"line":60,"column":48}},"28":{"start":{"line":61,"column":16},"end":{"line":61,"column":65}},"29":{"start":{"line":65,"column":16},"end":{"line":65,"column":39}},"30":{"start":{"line":72,"column":8},"end":{"line":72,"column":52}},"31":{"start":{"line":75,"column":6},"end":{"line":75,"column":26}},"32":{"start":{"line":80,"column":22},"end":{"line":119,"column":9}},"33":{"start":{"line":84,"column":8},"end":{"line":118,"column":38}},"34":{"start":{"line":85,"column":10},"end":{"line":117,"column":11}},"35":{"start":{"line":86,"column":12},"end":{"line":116,"column":13}},"36":{"start":{"line":88,"column":16},"end":{"line":91,"column":17}},"37":{"start":{"line":89,"column":18},"end":{"line":89,"column":37}},"38":{"start":{"line":90,"column":18},"end":{"line":90,"column":24}},"39":{"start":{"line":93,"column":16},"end":{"line":93,"column":70}},"40":{"start":{"line":94,"column":16},"end":{"line":94,"column":66}},"41":{"start":{"line":97,"column":16},"end":{"line":97,"column":36}},"42":{"start":{"line":98,"column":16},"end":{"line":98,"column":35}},"43":{"start":{"line":99,"column":16},"end":{"line":99,"column":35}},"44":{"start":{"line":100,"column":16},"end":{"line":100,"column":55}},"45":{"start":{"line":103,"column":16},"end":{"line":103,"column":46}},"46":{"start":{"line":104,"column":16},"end":{"line":104,"column":67}},"47":{"start":{"line":105,"column":16},"end":{"line":105,"column":66}},"48":{"start":{"line":108,"column":16},"end":{"line":108,"column":36}},"49":{"start":{"line":109,"column":16},"end":{"line":109,"column":53}},"50":{"start":{"line":110,"column":16},"end":{"line":110,"column":57}},"51":{"start":{"line":111,"column":16},"end":{"line":111,"column":66}},"52":{"start":{"line":115,"column":16},"end":{"line":115,"column":40}},"53":{"start":{"line":122,"column":8},"end":{"line":122,"column":48}},"54":{"start":{"line":125,"column"
[...]
ody\n      const { id } = req.params\n      if (!Number(id)) {\n        util.setError(400, 'Please input a valid numeric value')\n        return util.send(res)\n      }\n      try {\n        const updateTable = await tablesService.updateTable(id, alteredTable)\n        if (!updateTable) {\n          util.setError(404, `Cannot find Table with the id: ${id}`)\n        } else {\n          util.setSuccess(200, 'Table updated', updateTable)\n        }\n        return util.send(res)\n      } catch (error) {\n        util.setError(404, error)\n        return util.send(res)\n      }\n    }\n  \n    static async getTable(req, res) {\n      const { id } = req.params\n  \n      if (!Number(id)) {\n        util.setError(400, 'Please input a valid numeric value')\n        return util.send(res)\n      }\n  \n      try {\n        const theTable = await tablesService.getTable(id)\n  \n        if (!theTable) {\n          util.setError(404, `Cannot find Table with the id ${id}`)\n        } else {\n          util.setSuccess(200, 'Found Table', theTable)\n        }\n        return util.send(res)\n      } catch (error) {\n        util.setError(404, error)\n        return util.send(res)\n      }\n    }\n  \n    static async deleteTable(req, res) {\n      const { id } = req.params\n  \n      if (!Number(id)) {\n        util.setError(400, 'Please provide a numeric value')\n        return util.send(res)\n      }\n  \n      try {\n        const TableToDelete = await tablesService.deleteTable(id)\n  \n        if (TableToDelete) {\n          util.setSuccess(200, 'Table deleted')\n        } else {\n          util.setError(404, `Table with the id ${id} cannot be found`)\n        }\n        return util.send(res)\n      } catch (error) {\n        util.setError(400, error)\n        return util.send(res)\n      }\n    }\n  }\n  \nmodule.exports = TablesController"]},"_coverageSchema":"1a1c01bbd47fc00a2c39e90264f33305004495a9","hash":"8c96922f0bc4fdb494cecf3be2917ef8c422ed91","contentHash":"8d9692aa7488dc851af835e9555e15437de2bc1e8dcc8384e311e9f8f6ea0725"},"/app/api/server/services/tablesService.js":{"path":"/app/api/server/services/tablesService.js","statementMap":{"0":{"start":{"line":3,"column":29},"end":{"line":3,"column":84}},"1":{"start":{"line":5,"column":19},"end":{"line":5,"column":80}},"2":{"start":{"line":7,"column":25},"end":{"line":7,"column":99}},"3":{"start":{"line":9,"column":23},"end":{"line":9,"column":95}},"4":{"start":{"line":11,"column":20},"end":{"line":11,"column":89}},"5":{"start":{"line":13,"column":15},"end":{"line":13,"column":39}},"6":{"start":{"line":17,"column":0},"end":{"line":257,"column":3}},"7":{"start":{"line":19,"column":4},"end":{"line":19,"column":58}},"8":{"start":{"line":22,"column":2},"end":{"line":255,"column":6}},"9":{"start":{"line":25,"column":26},"end":{"line":50,"column":9}},"10":{"start":{"line":28,"column":8},"end":{"line":49,"column":36}},"11":{"start":{"line":29,"column":10},"end":{"line":48,"column":11}},"12":{"start":{"line":30,"column":12},"end":{"line":47,"column":13}},"13":{"start":{"line":32,"column":16},"end":{"line":32,"column":34}},"14":{"start":{"line":33,"column":16},"end":{"line":33,"column":34}},"15":{"start":{"line":34,"column":16},"end":{"line":34,"column":49}},"16":{"start":{"line":37,"column":16},"end":{"line":37,"column":64}},"17":{"start":{"line":40,"column":16},"end":{"line":40,"column":34}},"18":{"start":{"line":41,"column":16},"end":{"line":41,"column":51}},"19":{"start":{"line":42,"column":16},"end":{"line":42,"column":34}},"20":{"start":{"line":46,"column":16},"end":{"line":46,"column":39}},"21":{"start":{"line":53,"column":8},"end":{"line":53,"column":52}},"22":{"start":{"line":56,"column":6},"end":{"line":56,"column":26}},"23":{"start":{"line":61,"column":22},"end":{"line":86,"column":9}},"24":{"start":{"line":64,"column":8},"end":{"line":85,"column":37}},"25":{"start":{"line":65,"column":10},"end":{"line":84,"column":11}},"26":{"start":{"line":66,"column":12},"end":{"line":83,"column":13}},"27":{"start":{"line":68,"column":16},"end":{"line":68,"column":35}},"28":{"start":{"line":69,"column":16},"end":{"line":69,"column":35}},"29":{"start":{"line":70,"column":16},"end":{"line":70,"column":56}},"30":{"start":{"line":73,"column":16},"end":{"line":73,"column":66}},"31":{"start":{"line":76,"column":16},"end":{"line":76,"column":35}},"32":{"start":{"line":77,"column":16},"end":{"line":77,"column":53}},"33":{"start":{"line":78,"column":16},"end":{"line":78,"column":35}},"34":{"start":{"line":82,"column":16},"end":{"line":82,"column":40}},"35":{"start":{"line":89,"column":8},"end":{"line":89,"column":48}},"36":{"start":{"line":92,"column":6},"end":{"line":92,"column":22}},"37":{"start":{"line":97,"column":26},"end":{"line":145,"column":9}},"38":{"start":{"line":101,"column":8},"end":{"line":144,"column":38}},"39":{"start":{"line":102,"column":10},"end":{"line":143,"column":11}},"40":{"start":{"line":103,"column":12},"end":{"line":142,"column":13}},"41":{"start":{"line":105,"column":16},"end":{"line":105,"column":35}},"42":{"start":{"line":106,"column":16},"end":{"line":106,"column":35}},"43":{"start":{"line":107,"column":16},"end":{"line":111,"column":19}},"44":{"start":{"line":114,"column":16},"end":{"line":114,"column":47}},"45":{"start":{"line":116,"column":16},"end":{"line":119,"column":17}},"46":{"start":{"line":117,"column":18},"end":{"line":117,"column":37}},"47":{"start":{"line":118,"column":18},"end":{"line":118,"column":24}},"48":{"start":{"line":121,"column":16},"end":{"line":121,"column":35}},"49":{"start":{"line":122,"column":16},"end":{"line":126,"column":19}},"50":{"start":{"line":129,"column":16},"end":{"line":129,"column":64}},"51":{"start":{"line":132,"column":16},"end":{"line":132,"column":56}},"52":{"start":{"line":135,"column":16},"end":{"line":135,"column":36}},"53":{"start":{"line":136,"column":16},"end":{"line":136,"column":53}},"54":{"start":{"line":137,"column":16},"end":{"line":137,"column":35}},"55":{"start":{"line":141,"column":16},"end":{"line":141,"column":40}},"56":{"start":{"line":148,"column":8},"end":{"line":148,"column":52}},"57":{"start":{"line":151,"column":6},"end":{"line":151,"column":25}},"58":{"start":{"line":156,"column":23},"end":{"line":187,"column":9}},"59":{"start":{"line":160,"column":8},"end":{"line":186,"column":37}},"60":{"start":{"line":161,"column":10},"end":{"line":185,"column":11}},"61":{"start":{"line":162,"column":12},"end":{"line":184,"column":13}},"62":{"start":{"line":164,"column":16},"end":{"line":164,"column":35}},"63":{"start":{"line":165,"column":16},"end":{"line":165,"column":35}},"64":{"start":{"line":166,"column":16},"end":{"line":170,"column":19}},"65":{"start":{"line":173,"column":16},"end":{"line":173,"column":43}},"66":{"start":{"line":174,"column":16},"end":{"line":174,"column":61}},"67":{"start":{"line":177,"column":16},"end":{"line":177,"column":35}},"68":{"start":{"line":178,"column":16},"end":{"line":178,"column":53}},"69":{"start":{"line":179,"column":16},"end":{"line":179,"column":35}},"70":{"start":{"line":183,"column":16},"end":{"line":183,"column":40}},"71":{"start":{"line":190,"column":8},"end":{"line":190,"column":49}},"72":{"start":{"line":193,"column":6},"end":{"line":193,"column":23}},"73":{"start":{"line":198,"column":25},"end":{"line":247,"column":9}},"74":{"start":{"line":202,"column":8},"end":{"line":246,"column":38}},"75":{"start":{"line":203,"column":10},"end":{"line":245,"column":11}},"76":{"start":{"line":204,"column":12},"end":{"line":244,"column":13}},"77":{"start":{"line":206,"column":16},"end":{"line":206,"column":35}},"78":{"start":{"line":207,"column":16},"end":{"line":207,"column":35}},"79":{"start":{"line":208,"column":16},"end":{"line":212,"column":19}},"80":{"start":{"line":215,"column":16},"end":{"line":215,"column":48}},"81":{"start":{"line":217,"column":16},"end":{"line":220,"column":17}},"82":{"start":{"line":218,"column":18},"end":{"line":218,"column":37}},"83":{"start":{"line":219,"column":18},"end":{"line":219,"column":24}},"84":{"start":{"line":222,"column":16},"end":{"line":222,"column":35}},"85":{"start":{"line":223,"column":16},"end":{"line":227,"column":19}},"86":{"start":{"line":230,"column":16},"end":{"line":230,"column":47}},"87":{"start":{"line":231,"column":16},"end":{"line":231,"column":65}},"88":{"start":{"line":234,"column":16},"end":{"line":234,"column":56}},"89":{"start":{"line":237,"column":16},"end":{"line":237,"column":36}},"90":{"start":{"line":238,"column":16},"end":{"line":238,"column":53}},"91":{"start":{"line":239,"column":16},"end":{"line":239,"column":35}},"92":{"start":{"line":243,"column":16},"end":{"line":243,"column":40}},"93":{"start":{"line":250,"column":8},"end":{"line":250,"column":51}},"94":{"start":{"line":253,"column":6},"end":{"line":253,"column":25}},"95":{"start":{"line":256,"column":2},"end":{"line":256,"column":23}},"96":{"start":{"line":259,"column":0},"end":{"line":259,"column":31}}},"fnMap":{"0":{"name":"(anonymous_0)","decl":{"start":{"line":17,"column":0},"end":{"line":17,"column":1}},"loc":{"start":{"line":17,"column":12},"end":{"line":257,"column":1}},"line":17},"1":{"name":"tablesService","decl":{"start":{"line":18,"column":11},"end":{"line":18,"column":24}},"loc":{"start":{"line":18,"column":27},"end":{"line":20,"column":3}},"line":18},"2":{"name":"(anonymous_2)","decl":{"start":{"line":24,"column":11},"end":{"line":24,"column":12}},"loc":{"start":{"line":24,"column":23},"end":{"line":57,"column":5}},"line":24},"3":{"name":"_callee","decl":{"start":{"line":27,"column":44},"end":{"line":27,"column":51}},"loc":{"start":{"line":27,"column":54},"end":{"line":50,"column":7}},"line":27},"4":{"name":"_callee$","decl":{"start":{"line":28,"column":53},"end":{"line":28,"column":61}},"loc":{"start":{"line":28,"column":72},"end":{"line":49,"column":9}},"line":28},"5":{"name":"getAllTables","decl":{"start":{"line":52,"column":15},"end":{"line":52,"column":27}},"loc":{"start":{"line":52,"column":30},"end":{"line":54,"column":7}},"line":52},"6":{"name":"(anonymous_6)","decl":{"start":{"line":60,"column":11},"end":{"line":60,"column":12}},"loc":{"start":{"line":60,"column":23},"end":{"line":93,"column":5}},"line":60},"7":{"name":"_callee2","decl":{"start":{"line":63,"column":44},"end":{"line":63,"column":52}},"loc":{"start":{"line":63,"column":63},"end":{"line":86,"column":7}},"line":63},"8":{"name":"_callee2$","decl":{"start":{"line":64,"column":53},"end":{"line":64,"column":62}},"loc":{"start":{"line":64,"column":74},"end":{"line":85,"column":9}},"line":64},"9":{"name":"addTable","decl":{"start":{"line":88,"column":15},"end":{"line":88,"column":23}},"loc":{"start":{"line":88,"column":28},"end":{"line":90,"column":7}},"line":88},"10":{"name":"(anonymous_10)","decl":{"start":{"line":96,"column":11},"end":{"line":96,"column":12}},"loc":{"start":{"line":96,"column":23},"end":{"line":152,"column":5}},"line":96},"11":{"name":"_callee3","decl":{"start":{"line":99,"column":44},"end":{"line":99,"column":52}},"loc":{"start":{"line":99,"column":71},"end":{"line":145,"column":7}},"line":99},"12":{"name":"_callee3$","decl":{"start":{"line":101,"column":53},"end":{"line":101,"column":62}},"loc":{"start":{"line":101,"column":74},"end":{"line":144,"column":9}},"line":101},"13":{"name":"updateTable","decl":{"start":{"line":147,"column":15},"end":{"line":147,"column":26}},"loc":{"start":{"line":147,"column":37},"end":{"line":149,"column":7}},"line":147},"14":{"name":"(anonymous_14)","decl":{"start":{"line":155,"column":11},"end":{"line":155,"column":12}},"loc":{"start":{"line":155,"column":23},"end":{"line":194,"column":5}},"line":155},"15":{"name":"_callee4","decl":{"start":{"line":158,"column":44},"end":{"line":158,"column":52}},"loc":{"start":{"line":158,"column":57},"end":{"line":187,"column":7}},"line":158},"16":{"name":"_callee4$","decl":{"start":{"line":160,"column":53},"end":{"line":160,"column":62}},"loc":{"start":{"line":160,"column":74},"end":{"line":186,"column":9}},"line":160},"17":{"name":"getTables","decl":{"start":{"line":189,"column":15},"end":{"line":189,"column":24}},"loc":{"start":{"line":189,"column":30},"end":{"line":191,"column":7}},"line":189},"18":{"name":"(anonymous_18)","decl":{"start":{"line":197,"column":11},"end":{"line":197,"column":12}},"loc":{"start":{"line":197,"column":23},"end":{"line":254,"column":5}},"line":197},"19":{"name":"_callee5","decl":{"start":{"line":200,"column":44},"end":{"line":200,"column":52}},"loc":{"start":{"line":200,"column":57},"end":{"line":247,"column":7}},"line":200},"20":{"name":"_callee5$","decl":{"start":{"line":202,"column":53},"end":{"line":202,"column":62}},"loc":{"start":{"line":202,"column":74},"end":{"line":246,"column":9}},"line":202},"21":{"name":"deleteTable","decl":{"start":{"line":249,"column":15},"end":{"line":249,"column":26}},"loc":{"start":{"line":249,"column":32},"end":{"line":251,"column":7}},"line":249}},"branchMap":{"0":{"loc":{"start":{"line":30,"column":12},"end":{"line":47,"column":13}},"type":"switch","locations":[{"start":{"line":31,"column":14},"end":{"line":34,"column":49}},{"start":{"line":36,"column":14},"end":{"line":37,"column":64}},{"start":{"line":39,"column":14},"end":{"line":42,"column":34}},{"start":{"line":44,"column":14},"end":{"line":44,"column":21}},{"start":{"line":45,"column":14},"end":{"line":46,"column":39}}],"line":30},"1":{"loc":{"start":{"line":66,"column":12},"end":{"line":83,"column":13}},"type":"switch","locations":[{"start":{"line":67,"column":14},"end":{"line":70,"column":56}},{"start":{"line":72,"column":14},"end":{"line":73,"column":66}},{"start":{"line":75,"column":14},"end":{"line":78,"column":35}},{"start":{"line":80,"column":14},"end":{"line":80,"column":21}},{"start":{"line":81,"column":14},"end":{"line":82,"column":40}}],"line":66},"2":{"loc":{"start":{"line":103,"column":12},"end":{"line":142,"column":13}},"type":"switch","locations":[{"start":{"line":104,"column":14},"end":{"line":111,"column":19}},{"start":{"line":113,"column":14},"end":{"line":126,"column":19}},{"start":{"line":128,"column":14},"end":{"line":129,"column":64}},{"start":{"line":131,"column":14},"end":{"line":132,"column":56}},{"start":{"line":134,"column":14},"end":{"line":137,"column":35}},{"start":{"line":139,"column":14},"end":{"line":139,"column":22}},{"start":{"line":140,"column":14},"end":{"line":141,"column":40}}],"line":103},"3":{"loc":{"start":{"line":116,"column":16},"end":{"line":119,"column":17}},"type":"if","locations":[{"start":{"line":116,"column":16},"end":{"line":119,"column":17}},{"start":{"line":116,"column":16},"end":{"line":119,"column":17}}],"line":116},"4":{"loc":{"start":{"line":162,"column":12},"end":{"line":184,"column":13}},"type":"switch","locations":[{"start":{"line":163,"column":14},"end":{"line":170,"column":19}},{"start":{"line":172,"column":14},"end":{"line":174,"column":61}},{"start":{"line":176,"column":14},"end":{"line":179,"column":35}},{"start":{"line":181,"column":14},"end":{"line":181,"column":22}},{"start":{"line":182,"column":14},"end":{"line":183,"column":40}}],"line":162},"5":{"loc":{"start":{"line":204,"column":12},"end":{"line":244,"column":13}},"type":"switch","locations":[{"start":{"line":205,"column":14},"end":{"line":212,"column":19}},{"start":{"line":214,"column":14},"end":{"line":227,"column":19}},{"start":{"line":229,"column":14},"end":{"line":231,"column":65}},{"start":{"line":233,"column":14},"end":{"line":234,"column":56}},{"start":{"line":236,"column":14},"end":{"line":239,"column":35}},{"start":{"line":241,"column":14},"end":{"line":241,"column":22}},{"start":{"line":242,"column":14},"end":{"line":243,"column":40}}],"line":204},"6":{"loc":{"start":{"line":217,"column":16},"end":{"line":220,"column":17}},"type":"if","locations":[{"start":{"line":217,"column":16},"end":{"line":220,"column":17}},{"start":{"line":217,"column":16},"end":{"line":220,"column":17}}],"line":217}},"s":{"0":1,"1":1,"2":1,"3":1,"4":1,"5":1,"6":1,"7":0,"8":1,"9":1,"10":0,"11":0,"12":0,"13":0,"14":0,"15":0,"16":0,"17":0,"18":0,"19":0,"20":0,"21":0,"22":1,"23":1,"24":2,"25":6,"26":6,"27":2,"28":2,"29":2,"30":0,"31":2,"32":2,"33":2,"34":2,"35":2,"36":1,"37":1,"38":0,"39":0,"40":0,"41":0,"42":0,"43":0,"44":0,"45":0,"46":0,"47":0,"48":0,"49":0,"50":0,"51":0,"52":0,"53":0,"54":0,"55":0,"56":0,"57":1,"58":1,"59":0,"60":0,"61":0,"62":0,"63":0,"64":0,"65":0,"66":0,"67":0,"68":0,"69":0,"70":0,"71":0,"72":1,"73":1,"74":0,"75":0,"76":0,"77":0,"78":0,"79":0,"80":0,"81":0,"82":0,"83":0,"84":0,"85":0,"86":0,"87":0,"88":0,"89":0,"90":0,"91":0,"92":0,"93":0,"94":1,"95":1,"96":1},"f":{"0":1,"1":0,"2":1,"3":0,"4":0,"5":0,"6":1,"7":2,"8":6,"9":2,"10":1,"11":0,"12":0,"13":0,"14":1,"15":0,"16":0,"17":0,"18":1,"19":0,"20":0,"21":0},"b":{"0":[0,0,0,0,0],"1":[2,0,2,0,2],"2":[0,0,0,0,0,0,0],"3":[0,0],"4":[0,0,0,0,0],"5":[0,0,0,0,0,0,0],"6":[0,0]},"inputSourceMap":{"version":3,"sources":["tablesService.js"],"names":["database","require","tablesService","tables","findAll","newTable","create","id","updateTable","findOne","where","Number","tableToUpdate","update","theTables","tablesToDelete","destroy","deletedTables","module","exports"],"mappings":";;;;;;;;;;;;AAAA,IAAMA,QAAQ,GAAGC,OAAO,CAAC,eAAD,CAAxB;;IAEMC,a;;;;;;;;;;;;;;;;;;;uBAGaF,QAAQ,CAACG,MAAT,CAAgBC,OAAhB,E;;;;;;;;;;;;;;;;;;;;;;;;;;;;;qDAMKC,Q;;;;;;;uBAELL,QAAQ,CAACG,MAAT,CAAgBG,MAAhB,CAAuBD,QAAvB,C;;;;;;;;;;;;;;;;;;;;;;;;;;;;;qDAOQE,E,EAAIC,Y;;;;;;;;uBAEGR,QAAQ,CAACG,MAAT,CAAgBM,OAAhB,CAAwB;AAClDC,kBAAAA,KAAK,EAAE;AAAEH,oBAAAA,EAAE,EAAEI,MAAM,CAACJ,EAAD;AAAZ;AAD2C,iBAAxB,C;;;AAAtBK,gBAAAA,a;;qBAIFA,a;;;;;;uBACIZ,QAAQ,CAACG,MAAT,CAAgBU,MAAhB,CAAuBL,YAAvB,EAAoC;AAAEE,kBAAAA,KAAK,EAAE;AAAEH,oBAAAA,EAAE,EAAEI,MAAM,CAACJ,EAAD;AAAZ;AAAT,iBAApC,C;;;kDAECC,Y;;;kDAEF,I;;;;;;;;;;;;;;;;;;;;;;;;;;qDAMYD,E;;;;;;;;uBAEKP,QAAQ,CAACG,MAAT,CAAgBM,OAAhB,CAAwB;AAC9CC,kBAAAA,KAAK,EAAE;AAAEH,oBAAAA,EAAE,EAAEI,MAAM,CAACJ,EAAD;AAAZ;AADuC,iBAAxB,C;;;AAAlBO,gBAAAA,S;kDAICA,S;;;;;;;;;;;;;;;;;;;;;;;;;;qDAMcP,E;;;;;;;;uBAEQP,QAAQ,CAACG,MAAT,CAAgBM,OAAhB,CAAwB;AAAEC,kBAAAA,KAAK,EAAE;AAAEH,oBAAAA,EAAE,EAAEI,MAAM,CAACJ,EAAD;AAAZ;AAAT,iBAAxB,C;;;AAAvBQ,gBAAAA,c;;qBAEFA,c;;;;;;uBAC0Bf,QAAQ,CAACG,MAAT,CAAgBa,OAAhB,CAAwB;AAClDN,kBAAAA,KAAK,EAAE;AAAEH,oBAAAA,EAAE,EAAEI,MAAM,CAACJ,EAAD;AAAZ;AAD2C,iBAAxB,C;;;AAAtBU,gBAAAA,a;kDAGCA,a;;;kDAEF,I;;;;;;;;;;;;;;;;;;;;;;;;;AAObC,MAAM,CAACC,OAAP,GAAiBjB,aAAjB","sourceRoot":"/app/api/server/services","sourcesContent":["const database = require('../src/models');\n\nclass tablesService {\n  static async getAllTables() {\n    try {\n      return await database.tables.findAll()\n    } catch (error) {\n      throw error\n    }\n  }\n\n  static async addTable(newTable) {\n    try {\n      return await database.tables.create(newTable)\n    } catch (error) {\n      throw error\n    }\n  }\n\n\n  static async updateTable(id, updateTable) {\n    try {\n      const tableToUpdate = await database.tables.findOne({\n        where: { id: Number(id) }\n      })\n\n      if (tableToUpdate) {\n        await database.tables.update(updateTable, { where: { id: Number(id) } })\n\n        return updateTable\n      }\n      return null\n    } catch (error) {\n      throw error\n    }\n  }\n\n  static async getTables(id) {\n    try {\n      const theTables = await database.tables.findOne({\n        where: { id: Number(id) }\n      })\n\n      return theTables\n    } catch (error) {\n      throw error\n    }\n  }\n\n  static async deleteTable(id) {\n    try {\n      const tablesToDelete = await database.tables.findOne({ where: { id: Number(id) } })\n\n      if (tablesToDelete) {\n        const deletedTables = await database.tables.destroy({\n          where: { id: Number(id) }\n        })\n        return deletedTables\n      }\n      return null\n    } catch (error) {\n      throw error\n    }\n  }\n}\n\nmodule.exports = tablesService"]},"_coverageSchema":"1a1c01bbd47fc00a2c39e90264f33305004495a9","hash":"76dfac2d7623fc68703cae73798fa9a01a696493","contentHash":"5098fdd2b0d42f60ed8a96b323fa8480125444f3d313edb28182d93c7cf0b850"}}