{"/app/api/index.js":{"path":"/app/api/index.js","statementMap":{"0":{"start":{"line":3,"column":29},"end":{"line":3,"column":84}},"1":{"start":{"line":5,"column":0},"end":{"line":7,"column":3}},"2":{"start":{"line":8,"column":0},"end":{"line":8,"column":28}},"3":{"start":{"line":10,"column":15},"end":{"line":10,"column":57}},"4":{"start":{"line":12,"column":18},"end":{"line":12,"column":64}},"5":{"start":{"line":14,"column":21},"end":{"line":14,"column":85}},"6":{"start":{"line":16,"column":20},"end":{"line":16,"column":83}},"7":{"start":{"line":18,"column":20},"end":{"line":18,"column":83}},"8":{"start":{"line":20,"column":10},"end":{"line":20,"column":36}},"9":{"start":{"line":21,"column":0},"end":{"line":21,"column":39}},"10":{"start":{"line":22,"column":0},"end":{"line":24,"column":4}},"11":{"start":{"line":25,"column":11},"end":{"line":25,"column":35}},"12":{"start":{"line":26,"column":0},"end":{"line":26,"column":52}},"13":{"start":{"line":27,"column":0},"end":{"line":27,"column":49}},"14":{"start":{"line":28,"column":0},"end":{"line":28,"column":49}},"15":{"start":{"line":29,"column":0},"end":{"line":33,"column":3}},"16":{"start":{"line":30,"column":2},"end":{"line":32,"column":5}},"17":{"start":{"line":34,"column":0},"end":{"line":36,"column":3}},"18":{"start":{"line":35,"column":2},"end":{"line":35,"column":57}},"19":{"start":{"line":37,"column":15},"end":{"line":37,"column":18}},"20":{"start":{"line":38,"column":0},"end":{"line":38,"column":30}}},"fnMap":{"0":{"name":"(anonymous_0)","decl":{"start":{"line":29,"column":13},"end":{"line":29,"column":14}},"loc":{"start":{"line":29,"column":33},"end":{"line":33,"column":1}},"line":29},"1":{"name":"(anonymous_1)","decl":{"start":{"line":34,"column":17},"end":{"line":34,"column":18}},"loc":{"start":{"line":34,"column":29},"end":{"line":36,"column":1}},"line":34}},"branchMap":{"0":{"loc":{"start":{"line":25,"column":11},"end":{"line":25,"column":35}},"type":"binary-expr","locations":[{"start":{"line":25,"column":11},"end":{"line":25,"column":27}},{"start":{"line":25,"column":31},"end":{"line":25,"column":35}}],"line":25}},"s":{"0":1,"1":1,"2":1,"3":1,"4":1,"5":1,"6":1,"7":1,"8":1,"9":1,"10":1,"11":1,"12":1,"13":1,"14":1,"15":1,"16":0,"17":1,"18":1,"19":1,"20":1},"f":{"0":0,"1":1},"b":{"0":[1,1]},"inputSourceMap":{"version":3,"sources":["index.js"],"names":["app","use","bodyParser","json","urlencoded","extended","port","process","env","PORT","productRoutes","ordersRoutes","tablesRoutes","get","req","res","status","send","message","listen","console","log"],"mappings":";;;;;;;;;AAAA;;AACA;;AACA;;AACA;;AACA;;AAEA,IAAMA,GAAG,GAAG,0BAAZ;AACAA,GAAG,CAACC,GAAJ,CAAQC,uBAAWC,IAAX,EAAR;AACAH,GAAG,CAACC,GAAJ,CAAQC,uBAAWE,UAAX,CAAsB;AAAEC,EAAAA,QAAQ,EAAE;AAAZ,CAAtB,CAAR;AAEA,IAAMC,IAAI,GAAGC,OAAO,CAACC,GAAR,CAAYC,IAAZ,IAAoB,IAAjC;AAEAT,GAAG,CAACC,GAAJ,CAAQ,eAAR,EAAyBS,yBAAzB;AACAV,GAAG,CAACC,GAAJ,CAAQ,aAAR,EAAuBU,wBAAvB;AACAX,GAAG,CAACC,GAAJ,CAAQ,aAAR,EAAuBW,wBAAvB;AAEAZ,GAAG,CAACa,GAAJ,CAAQ,GAAR,EAAa,UAACC,GAAD,EAAMC,GAAN;AAAA,SACXA,GAAG,CAACC,MAAJ,CAAW,GAAX,EAAgBC,IAAhB,CAAqB;AACnBC,IAAAA,OAAO,EAAE;AADU,GAArB,CADW;AAAA,CAAb;AAMAlB,GAAG,CAACmB,MAAJ,CAAWb,IAAX,EAAiB,YAAM;AACrBc,EAAAA,OAAO,CAACC,GAAR,qCAAyCf,IAAzC;AACD,CAFD;eAIeN,G","sourceRoot":"/app/api","sourcesContent":["import express from 'express';\nimport bodyParser from 'body-parser';\nimport productRoutes from './server/routes/productRoutes';\nimport ordersRoutes from './server/routes/ordersRoutes';\nimport tablesRoutes from './server/routes/tablesRoutes';\n\nconst app = express();\napp.use(bodyParser.json());\napp.use(bodyParser.urlencoded({ extended: false }));\n\nconst port = process.env.PORT || 3000;\n\napp.use('/api/products', productRoutes);\napp.use('/api/orders', ordersRoutes);\napp.use('/api/tables', tablesRoutes);\n\napp.get(\"*\", (req, res) =>\n  res.status(200).send({\n    message: \"Bem-Vindo a API Burguer Queen\"\n  })\n);\n\napp.listen(port, () => {\n  console.log(`Server is running on PORT ${port}`);\n});\n\nexport default app;"]},"_coverageSchema":"1a1c01bbd47fc00a2c39e90264f33305004495a9","hash":"94cdf09274762861c32186388174014f3a5b3620","contentHash":"9418dfc8af94b367be9a582af5f4345ba11ef71d2d5d16689bdc0d155e0a02bc"},"/app/api/server/routes/productRoutes.js":{"path":"/app/api/server/routes/productRoutes.js","statementMap":{"0":{"start":{"line":3,"column":29},"end":{"line":3,"column":84}},"1":{"start":{"line":5,"column":0},"end":{"line":7,"column":3}},"2":{"start":{"line":8,"column":0},"end":{"line":8,"column":28}},"3":{"start":{"line":10,"column":15},"end":{"line":10,"column":33}},"4":{"start":{"line":12,"column":25},"end":{"line":12,"column":92}},"5":{"start":{"line":14,"column":13},"end":{"line":14,"column":35}},"6":{"start":{"line":15,"column":0},"end":{"line":15,"column":62}},"7":{"start":{"line":16,"column":0},"end":{"line":16,"column":59}},"8":{"start":{"line":17,"column":0},"end":{"line":17,"column":61}},"9":{"start":{"line":18,"column":0},"end":{"line":18,"column":65}},"10":{"start":{"line":19,"column":0},"end":{"line":19,"column":70}},"11":{"start":{"line":20,"column":15},"end":{"line":20,"column":21}},"12":{"start":{"line":21,"column":0},"end":{"line":21,"column":30}}},"fnMap":{},"branchMap":{},"s":{"0":1,"1":1,"2":1,"3":1,"4":1,"5":1,"6":1,"7":1,"8":1,"9":1,"10":1,"11":1,"12":1},"f":{},"b":{},"inputSourceMap":{"version":3,"sources":["productRoutes.js"],"names":["router","get","ProductController","getAllProducts","post","addProduct","getProduct","put","updatedProduct","deleteProduct"],"mappings":";;;;;;;;;AAAA;;AACA;;AAEA,IAAMA,MAAM,GAAG,sBAAf;AACAA,MAAM,CAACC,GAAP,CAAW,GAAX,EAAgBC,8BAAkBC,cAAlC;AACAH,MAAM,CAACI,IAAP,CAAY,GAAZ,EAAiBF,8BAAkBG,UAAnC;AACAL,MAAM,CAACC,GAAP,CAAW,MAAX,EAAmBC,8BAAkBI,UAArC;AACAN,MAAM,CAACO,GAAP,CAAW,MAAX,EAAmBL,8BAAkBM,cAArC;AACAR,MAAM,UAAN,CAAc,MAAd,EAAsBE,8BAAkBO,aAAxC;eACeT,M","sourceRoot":"/app/api/server/routes","sourcesContent":["import { Router } from 'express';\nimport ProductController from '../controllers/ProductController';\n\nconst router = Router()\nrouter.get('/', ProductController.getAllProducts)\nrouter.post('/', ProductController.addProduct)\nrouter.get('/:id', ProductController.getProduct)\nrouter.put('/:id', ProductController.updatedProduct)\nrouter.delete('/:id', ProductController.deleteProduct)\nexport default router"]},"_coverageSchema":"1a1c01bbd47fc00a2c39e90264f33305004495a9","hash":"e1522f79a1d1093237612d410c4c01cfbc6d6b6f","contentHash":"36d543334913d88ad891608c9360f8b1495190b63dc0a6b7c47c8ea71400a9b5"},"/app/api/server/controllers/ProductController.js":{"path":"/app/api/server/controllers/ProductController.js","statementMap":{"0":{"start":{"line":3,"column":29},"end":{"line":3,"column":84}},"1":{"start":{"line":5,"column":0},"end":{"line":7,"column":3}},"2":{"start":{"line":8,"column":0},"end":{"line":8,"column":28}},"3":{"start":{"line":10,"column":19},"end":{"line":10,"column":80}},"4":{"start":{"line":12,"column":25},"end":{"line":12,"column":99}},"5":{"start":{"line":14,"column":23},"end":{"line":14,"column":95}},"6":{"start":{"line":16,"column":20},"end":{"line":16,"column":89}},"7":{"start":{"line":18,"column":23},"end":{"line":18,"column":85}},"8":{"start":{"line":20,"column":13},"end":{"line":20,"column":62}},"9":{"start":{"line":22,"column":11},"end":{"line":22,"column":34}},"10":{"start":{"line":26,"column":0},"end":{"line":301,"column":3}},"11":{"start":{"line":28,"column":4},"end":{"line":28,"column":62}},"12":{"start":{"line":31,"column":2},"end":{"line":299,"column":6}},"13":{"start":{"line":34,"column":28},"end":{"line":69,"column":9}},"14":{"start":{"line":38,"column":8},"end":{"line":68,"column":36}},"15":{"start":{"line":39,"column":10},"end":{"line":67,"column":11}},"16":{"start":{"line":40,"column":12},"end":{"line":66,"column":13}},"17":{"start":{"line":42,"column":16},"end":{"line":42,"column":34}},"18":{"start":{"line":43,"column":16},"end":{"line":43,"column":34}},"19":{"start":{"line":44,"column":16},"end":{"line":44,"column":68}},"20":{"start":{"line":47,"column":16},"end":{"line":47,"column":44}},"21":{"start":{"line":49,"column":16},"end":{"line":53,"column":17}},"22":{"start":{"line":50,"column":18},"end":{"line":50,"column":74}},"23":{"start":{"line":52,"column":18},"end":{"line":52,"column":59}},"24":{"start":{"line":55,"column":16},"end":{"line":55,"column":65}},"25":{"start":{"line":58,"column":16},"end":{"line":58,"column":34}},"26":{"start":{"line":59,"column":16},"end":{"line":59,"column":51}},"27":{"start":{"line":60,"column":16},"end":{"line":60,"column":48}},"28":{"start":{"line":61,"column":16},"end":{"line":61,"column":65}},"29":{"start":{"line":65,"column":16},"end":{"line":65,"column":39}},"30":{"start":{"line":72,"column":8},"end":{"line":72,"column":54}},"31":{"start":{"line":75,"column":6},"end":{"line":75,"column":28}},"32":{"start":{"line":80,"column":24},"end":{"line":119,"column":9}},"33":{"start":{"line":84,"column":8},"end":{"line":118,"column":38}},"34":{"start":{"line":85,"column":10},"end":{"line":117,"column":11}},"35":{"start":{"line":86,"column":12},"end":{"line":116,"column":13}},"36":{"start":{"line":88,"column":16},"end":{"line":91,"column":17}},"37":{"start":{"line":89,"column":18},"end":{"line":89,"column":37}},"38":{"start":{"line":90,"column":18},"end":{"line":90,"column":24}},"39":{"start":{"line":93,"column":16},"end":{"line":93,"column":70}},"40":{"start":{"line":94,"column":16},"end":{"line":94,"column":66}},"41":{"start":{"line":97,"column":16},"end":{"line":97,"column":38}},"42":{"start":{"line":98,"column":16},"end":{"line":98,"column":35}},"43":{"start":{"line":99,"column":16},"end":{"line":99,"column":35}},"44":{"start":{"line":100,"column":16},"end":{"line":100,"column":74}},"45":{"start":{"line":103,"column":16},"end":{"line":103,"column":48}},"46":{"start":{"line":104,"column":16},"end":{"line":104,"column":71}},"47":{"start":{"line":105,"column":16},"end":{"line":105,"column":66}},"48":{"start":{"line":108,"column":16},"end":{"line":108,"column":36}},"49":{"start":{"line":109,"column":16},"end":{"line":109,"column":53}},"50":{"start":{"line":110,"column":16},"end":{"line":110,"column":57}},"51":{"start":{"line":111,"column":16},"end":{"line":111,"column":66}},"52":{"start":{"line":115,"column":16},"end":{"line":115,"column":40}},"53":{"start":{"line":122,"column":8},"end":{"line":122,"column":50}},"54":{"start":{"line":125,"column":6},"end":{"line":125,"column":24}},"55":{"start":{"line":130,"column":28},"end":{"line":177,"column":9}},"56":{"start":{"line":134,"column":8},"end":{"line":176,"column":38}},"57":{"start":{"line":135,"column":10},"end":{"line":175,"column":11}},"58":{"start":{"line":136,"column":12},"end":{"line":174,"column":13}},"59":{"start":{"line":138,"column":16},"end":{"line":138,"column":42}},"60":{"start":{"line":139,"column":16},"end":{"line":139,"column":35}},"61":{"start":{"line":141,"column":16},"end":{"line":144,"column":17}},"62":{"start":{"line":142,"column":18},"end":{"line":142,"column":37}},"63":{"start":{"line":143,"column":18},"end":{"line":143,"column":24}},"64":{"start":{"line":146,"column":16},"end":{"line":146,"column":73}},"65":{"start":{"line":147,"column":16},"end":{"line":147,"column":66}},"66":{"start":{"line":150,"column":16},"end":{"line":150,"column":35}},"67":{"start":{"line":151,"column":16},"end":{"line":151,"column":35}},"68":{"start":{"line":152,"column":16},"end":{"line":152,"column":85}},"69":{"start":{"line":155,"column":16},"end":{"line":155,"column":47}},"70":{"start":{"line":157,"column":16},"end":{"line":161,"column":17}},"71":{"start":{"line":158,"column":18},"end":{"line":158,"column":85}},"72":{"start":{"line":160,"column":18},"end":{"line":160,"column":73}},"73":{"start":{"line":163,"column":16},"end":{"line":163,"column":66}},"74":{"start":{"line":166,"column":16},"end":{"line":166,"column":36}},"75":{"start":{"line":167,"column":16},"end":{"line":167,"column":53}},"76":{"start":{"line":168,"column":16},"end":{"line":168,"column":49}},"77":{"start":{"line":169,"column":16},"end":{"line":169,"column":66}},"78":{"start":{"line":173,"column":16},"end":{"line":173,"column":40}},"79":{"start":{"line":180,"column":8},"end":{"line":180,"column":54}},"80":{"start":{"line":183,"column":6},"end":{"line":183,"column":28}},"81":{"start":{"line":188,"column":24},"end":{"line":234,"column":9}},"82":{"start":{"line":192,"column":8},"end":{"line":233,"column":38}},"83":{"start":{"line":193,"column":10},"end":{"line":232,"column":11}},"84":{"start":{"line":194,"column":12},"end":{"line":231,"column":13}},"85":{"start":{"line":196,"column":16},"end":{"line":196,"column":35}},"86":{"start":{"line":198,"column":16},"end":{"line":201,"column":17}},"87":{"start":{"line":199,"column":18},"end":{"line":199,"column":37}},"88":{"start":{"line":200,"column":18},"end":{"line":200,"column":24}},"89":{"start":{"line":203,"column":16},"end":{"line":203,"column":73}},"90":{"start":{"line":204,"column":16},"end":{"line":204,"column":66}},"91":{"start":{"line":207,"column":16},"end":{"line":207,"column":35}},"92":{"start":{"line":208,"column":16},"end":{"line":208,"column":35}},"93":{"start":{"line":209,"column":16},"end":{"line":209,"column":66}},"94":{"start":{"line":212,"column":16},"end":{"line":212,"column":44}},"95":{"start":{"line":214,"column":16},"end":{"line":218,"column":17}},"96":{"start":{"line":215,"column":18},"end":{"line":215,"column":84}},"97":{"start":{"line":217,"column":18},"end":{"line":217,"column":68}},"98":{"start":{"line":220,"column":16},"end":{"line":220,"column":66}},"99":{"start":{"line":223,"column":16},"end":{"line":223,"column":36}},"100":{"start":{"line":224,"column":16},"end":{"line":224,"column":53}},"101":{"start":{"line":225,"column":16},"end":{"line":225,"column":49}},"102":{"start":{"line":226,"column":16},"end":{"line":226,"column":66}},"103":{"start":{"line":230,"column":16},"end":{"line":230,"column":40}},"104":{"start":{"line":237,"column":8},"end":{"line":237,"column":50}},"105":{"start":{"line":240,"column":6},"end":{"line":240,"column":24}},"106":{"start":{"line":245,"column":27},"end":{"line":291,"column":9}},"107":{"start":{"line":249,"column":8},"end":{"line":290,"column":38}},"108":{"start":{"line":250,"column":10},"end":{"line":289,"column":11}},"109":{"start":{"line":251,"column":12},"end":{"line":288,"column":13}},"110":{"start":{"line":253,"column":16},"end":{"line":253,"column":35}},"111":{"start":{"line":255,"column":16},"end":{"line":258,"column":17}},"112":{"start":{"line":256,"column":18},"end":{"line":256,"column":37}},"113":{"start":{"line":257,"column":18},"end":{"line":257,"column":24}},"114":{"start":{"line":260,"column":16},"end":{"line":260,"column":69}},"115":{"start":{"line":261,"column":16},"end":{"line":261,"column":66}},"116":{"start":{"line":264,"column":16},"end":{"line":264,"column":35}},"117":{"start":{"line":265,"column":16},"end":{"line":265,"column":35}},"118":{"start":{"line":266,"column":16},"end":{"line":266,"column":69}},"119":{"start":{"line":269,"column":16},"end":{"line":269,"column":49}},"120":{"start":{"line":271,"column":16},"end":{"line":275,"column":17}},"121":{"start":{"line":272,"column":18},"end":{"line":272,"column":58}},"122":{"start":{"line":274,"column":18},"end":{"line":274,"column":92}},"123":{"start":{"line":277,"column":16},"end":{"line":277,"column":66}},"124":{"start":{"line":280,"column":16},"end":{"line":280,"column":36}},"125":{"start":{"line":281,"column":16},"end":{"line":281,"column":53}},"126":{"start":{"line":282,"column":16},"end":{"line":282,"column":49}},"127":{"start":{"line":283,"column":16},"end":{"line":283,"column":66}},"128":{"start":{"line":287,"column":16},"end":{"line":287,"column":40}},"129":{"start":{"line":294,"column":8},"end":{"line":294,"column":53}},"130":{"start":{"line":297,"column":6},"end":{"line":297,"column":27}},"131":{"start":{"line":300,"column":2},"end":{"line":300,"column":27}},"132":{"start":{"line":303,"column":15},"end":{"line":303,"column":32}},"133":{"start":{"line":304,"column":0},"end":{"line":304,"column":30}}},"fnMap":{"0":{"name":"(anonymous_0)","decl":{"start":{"line":26,"column":0},"end":{"line":26,"column":1}},"loc":{"start":{"line":26,"column":12},"end":{"line":301,"column":1}},"line":26},"1":{"name":"ProductController","decl":{"start":{"line":27,"column":11},"end":{"line":27,"column":28}},"loc":{"start":{"line":27,"column":31},"end":{"line":29,"column":3}},"line":27},"2":{"name":"(anonymous_2)","decl":{"start":{"line":33,"column":11},"end":{"line":33,"column":12}},"loc":{"start":{"line":33,"column":23},"end":{"line":76,"column":5}},"line":33},"3":{"name":"_callee","decl":{"start":{"line":36,"column":44},"end":{"line":36,"column":51}},"loc":{"start":{"line":36,"column":62},"end":{"line":69,"column":7}},"line":36},"4":{"name":"_callee$","decl":{"start":{"line":38,"column":53},"end":{"line":38,"column":61}},"loc":{"start":{"line":38,"column":72},"end":{"line":68,"column":9}},"line":38},"5":{"name":"getAllProducts","decl":{"start":{"line":71,"column":15},"end":{"line":71,"column":29}},"loc":{"start":{"line":71,"column":39},"end":{"line":73,"column":7}},"line":71},"6":{"name":"(anonymous_6)","decl":{"start":{"line":79,"column":11},"end":{"line":79,"column":12}},"loc":{"start":{"line":79,"column":23},"end":{"line":126,"column":5}},"line":79},"7":{"name":"_callee2","decl":{"start":{"line":82,"column":44},"end":{"line":82,"column":52}},"loc":{"start":{"line":82,"column":63},"end":{"line":119,"column":7}},"line":82},"8":{"name":"_callee2$","decl":{"start":{"line":84,"column":53},"end":{"line":84,"column":62}},"loc":{"start":{"line":84,"column":74},"end":{"line":118,"column":9}},"line":84},"9":{"name":"addProduct","decl":{"start":{"line":121,"column":15},"end":{"line":121,"column":25}},"loc":{"start":{"line":121,"column":36},"end":{"line":123,"column":7}},"line":121},"10":{"name":"(anonymous_10)","decl":{"start":{"line":129,"column":11},"end":{"line":129,"column":12}},"loc":{"start":{"line":129,"column":23},"end":{"line":184,"column":5}},"line":129},"11":{"name":"_callee3","decl":{"start":{"line":132,"column":44},"end":{"line":132,"column":52}},"loc":{"start":{"line":132,"column":63},"end":{"line":177,"column":7}},"line":132},"12":{"name":"_callee3$","decl":{"start":{"line":134,"column":53},"end":{"line":134,"column":62}},"loc":{"start":{"line":134,"column":74},"end":{"line":176,"column":9}},"line":134},"13":{"name":"updatedProduct","decl":{"start":{"line":179,"column":15},"end":{"line":179,"column":29}},"loc":{"start":{"line":179,"column":40},"end":{"line":181,"column":7}},"line":179},"14":{"name":"(anonymous_14)","decl":{"start":{"line":187,"column":11},"end":{"line":187,"column":12}},"loc":{"start":{"line":187,"column":23},"end":{"line":241,"column":5}},"line":187},"15":{"name":"_callee4","decl":{"start":{"line":190,"column":44},"end":{"line":190,"column":52}},"loc":{"start":{"line":190,"column":63},"end":{"line":234,"column":7}},"line":190},"16":{"name":"_callee4$","decl":{"start":{"line":192,"column":53},"end":{"line":192,"column":62}},"loc":{"start":{"line":192,"column":74},"end":{"line":233,"column":9}},"line":192},"17":{"name":"getProduct","decl":{"start":{"line":236,"column":15},"end":{"line":236,"column":25}},"loc":{"start":{"line":236,"column":36},"end":{"line":238,"column":7}},"line":236},"18":{"name":"(anonymous_18)","decl":{"start":{"line":244,"column":11},"end":{"line":244,"column":12}},"loc":{"start":{"line":244,"column":23},"end":{"line":298,"column":5}},"line":244},"19":{"name":"_callee5","decl":{"start":{"line":247,"column":44},"end":{"line":247,"column":52}},"loc":{"start":{"line":247,"column":63},"end":{"line":291,"column":7}},"line":247},"20":{"name":"_callee5$","decl":{"start":{"line":249,"column":53},"end":{"line":249,"column":62}},"loc":{"start":{"line":249,"column":74},"end":{"line":290,"column":9}},"line":249},"21":{"name":"deleteProduct","decl":{"start":{"line":293,"column":15},"end":{"line":293,"column":28}},"loc":{"start":{"line":293,"column":40},"end":{"line":295,"column":7}},"line":293}},"branchMap":{"0":{"loc":{"start":{"line":40,"column":12},"end":{"line":66,"column":13}},"type":"switch","locations":[{"start":{"line":41,"column":14},"end":{"line":44,"column":68}},{"start":{"line":46,"column":14},"end":{"line":55,"column":65}},{"start":{"line":57,"column":14},"end":{"line":61,"column":65}},{"start":{"line":63,"column":14},"end":{"line":63,"column":22}},{"start":{"line":64,"column":14},"end":{"line":65,"column":39}}],"line":40},"1":{"loc":{"start":{"line":49,"column":16},"end":{"line":53,"column":17}},"type":"if","locations":[{"start":{"line":49,"column":16},"end":{"line":53,"column":17}},{"start":{"line":49,"column":16},"end":{"line":53,"column":17}}],"line":49},"2":{"loc":{"start":{"line":86,"column":12},"end":{"line":116,"column":13}},"type":"switch","locations":[{"start":{"line":87,"column":14},"end":{"line":94,"column":66}},{"start":{"line":96,"column":14},"end":{"line":100,"column":74}},{"start":{"line":102,"column":14},"end":{"line":105,"column":66}},{"start":{"line":107,"column":14},"end":{"line":111,"column":66}},{"start":{"line":113,"column":14},"end":{"line":113,"column":22}},{"start":{"line":114,"column":14},"end":{"line":115,"column":40}}],"line":86},"3":{"loc":{"start":{"line":88,"column":16},"end":{"line":91,"column":17}},"type":"if","locations":[{"start":{"line":88,"column":16},"end":{"line":91,"column":17}},{"start":{"line":88,"column":16},"end":{"line":91,"column":17}}],"line":88},"4":{"loc":{"start":{"line":88,"column":22},"end":{"line":88,"column":165}},"type":"binary-expr","locations":[{"start":{"line":88,"column":22},"end":{"line":88,"column":36}},{"start":{"line":88,"column":40},"end":{"line":88,"column":55}},{"start":{"line":88,"column":59},"end":{"line":88,"column":73}},{"start":{"line":88,"column":77},"end":{"line":88,"column":95}},{"start":{"line":88,"column":99},"end":{"line":88,"column":119}},{"start":{"line":88,"column":123},"end":{"line":88,"column":142}},{"start":{"line":88,"column":146},"end":{"line":88,"column":165}}],"line":88},"5":{"loc":{"start":{"line":136,"column":12},"end":{"line":174,"column":13}},"type":"switch","locations":[{"start":{"line":137,"column":14},"end":{"line":147,"column":66}},{"start":{"line":149,"column":14},"end":{"line":152,"column":85}},{"start":{"line":154,"column":14},"end":{"line":163,"column":66}},{"start":{"line":165,"column":14},"end":{"line":169,"column":66}},{"start":{"line":171,"column":14},"end":{"line":171,"column":22}},{"start":{"line":172,"column":14},"end":{"line":173,"column":40}}],"line":136},"6":{"loc":{"start":{"line":141,"column":16},"end":{"line":144,"column":17}},"type":"if","locations":[{"start":{"line":141,"column":16},"end":{"line":144,"column":17}},{"start":{"line":141,"column":16},"end":{"line":144,"column":17}}],"line":141},"7":{"loc":{"start":{"line":157,"column":16},"end":{"line":161,"column":17}},"type":"if","locations":[{"start":{"line":157,"column":16},"end":{"line":161,"column":17}},{"start":{"line":157,"column":16},"end":{"line":161,"column":17}}],"line":157},"8":{"loc":{"start":{"line":194,"column":12},"end":{"line":231,"column":13}},"type":"switch","locations":[{"start":{"line":195,"column":14},"end":{"line":204,"column":66}},{"start":{"line":206,"column":14},"end":{"line":209,"column":66}},{"start":{"line":211,"column":14},"end":{"line":220,"column":66}},{"start":{"line":222,"column":14},"end":{"line":226,"column":66}},{"start":{"line":228,"column":14},"end":{"line":228,"column":22}},{"start":{"line":229,"column":14},"end":{"line":230,"column":40}}],"line":194},"9":{"loc":{"start":{"line":198,"column":16},"end":{"line":201,"column":17}},"type":"if","locations":[{"start":{"line":198,"column":16},"end":{"line":201,"column":17}},{"start":{"line":198,"column":16},"end":{"line":201,"column":17}}],"line":198},"10":{"loc":{"start":{"line":214,"column":16},"end":{"line":218,"column":17}},"type":"if","locations":[{"start":{"line":214,"column":16},"end":{"line":218,"column":17}},{"start":{"line":214,"column":16},"end":{"line":218,"column":17}}],"line":214},"11":{"loc":{"start":{"line":251,"column":12},"end":{"line":288,"column":13}},"type":"switch","locations":[{"start":{"line":252,"column":14},"end":{"line":261,"column":66}},{"start":{"line":263,"column":14},"end":{"line":266,"column":69}},{"start":{"line":268,"column":14},"end":{"line":277,"column":66}},{"start":{"line":279,"column":14},"end":{"line":283,"column":66}},{"start":{"line":285,"column":14},"end":{"line":285,"column":22}},{"start":{"line":286,"column":14},"end":{"line":287,"column":40}}],"line":251},"12":{"loc":{"start":{"line":255,"column":16},"end":{"line":258,"column":17}},"type":"if","locations":[{"start":{"line":255,"column":16},"end":{"line":258,"column":17}},{"start":{"line":255,"column":16},"end":{"line":258,"column":17}}],"line":255},"13":{"loc":{"start":{"line":271,"column":16},"end":{"line":275,"column":17}},"type":"if","locations":[{"start":{"line":271,"column":16},"end":{"line":275,"column":17}},{"start":{"line":271,"column":16},"end":{"line":275,"column":17}}],"line":271}},"s":{"0":1,"1":1,"2":1,"3":1,"4":1,"5":1,"6":1,"7":1,"8":1,"9":1,"10":1,"11":0,"12":1,"13":1,"14":0,"15":0,"16":0,"17":0,"18":0,"19":0,"20":0,"21":0,"22":0,"23":0,"24":0,"25":0,"26":0,"27":0,"28":0,"29":0,"30":0,"31":1,"32":1,"33":1,"34":2,"35":2,"36":1,"37":0,"38":0,"39":1,"40":1,"41":0,"42":0,"43":0,"44":0,"45":0,"46":0,"47":0,"48":0,"49":0,"50":0,"51":0,"52":1,"53":1,"54":1,"55":1,"56":0,"57":0,"58":0,"59":0,"60":0,"61":0,"62":0,"63":0,"64":0,"65":0,"66":0,"67":0,"68":0,"69":0,"70":0,"71":0,"72":0,"73":0,"74":0,"75":0,"76":0,"77":0,"78":0,"79":0,"80":1,"81":1,"82":0,"83":0,"84":0,"85":0,"86":0,"87":0,"88":0,"89":0,"90":0,"91":0,"92":0,"93":0,"94":0,"95":0,"96":0,"97":0,"98":0,"99":0,"100":0,"101":0,"102":0,"103":0,"104":0,"105":1,"106":1,"107":0,"108":0,"109":0,"110":0,"111":0,"112":0,"113":0,"114":0,"115":0,"116":0,"117":0,"118":0,"119":0,"120":0,"121":0,"122":0,"123":0,"124":0,"125":0,"126":0,"127":0,"128":0,"129":0,"130":1,"131":1,"132":1,"133":1},"f":{"0":1,"1":0,"2":1,"3":0,"4":0,"5":0,"6":1,"7":1,"8":2,"9":1,"10":1,"11":0,"12":0,"13":0,"14":1,"15":0,"16":0,"17":0,"18":1,"19":0,"20":0,"21":0},"b":{"0":[0,0,0,0,0],"1":[0,0],"2":[1,0,0,0,0,1],"3":[0,1],"4":[1,1,1,0,0,0,0],"5":[0,0,0,0,0,0],"6":[0,0],"7":[0,0],"8":[0,0,0,0,0,0],"9":[0,0],"10":[0,0],"11":[0,0,0,0,0,0],"12":[0,0],"13":[0,0]},"inputSourceMap":{"version":3,"sources":["ProductController.js"],"names":["util","Utils","ProductController","req","res","productsService","getAllProducts","allProducts","length","setSuccess","send","setError","body","name","price","type","isExtras","hasOptions","createdAt","updatedAt","newProduct","addProduct","createdProduct","message","alteredProduct","id","params","Number","updateProduct","getProduct","theProduct","deleteProduct","ProductToDelete"],"mappings":";;;;;;;;;;;;;;;;;AAAA;;AACA;;AAEA,IAAMA,IAAI,GAAG,IAAIC,iBAAJ,EAAb;;IAEMC,iB;;;;;;;;;;;;oDACwBC,G,EAAKC,G;;;;;;;;uBAEHC,4BAAgBC,cAAhB,E;;;AAApBC,gBAAAA,W;;AACN,oBAAIA,WAAW,CAACC,MAAZ,GAAqB,CAAzB,EAA4B;AAC1BR,kBAAAA,IAAI,CAACS,UAAL,CAAgB,GAAhB,EAAqB,oBAArB,EAA2CF,WAA3C;AACD,iBAFD,MAEO;AACLP,kBAAAA,IAAI,CAACS,UAAL,CAAgB,GAAhB,EAAqB,kBAArB;AACD;;iDACMT,IAAI,CAACU,IAAL,CAAUN,GAAV,C;;;;;AAEPJ,gBAAAA,IAAI,CAACW,QAAL,CAAc,GAAd;iDACOX,IAAI,CAACU,IAAL,CAAUN,GAAV,C;;;;;;;;;;;;;;;;;;;;;qDAIaD,G,EAAKC,G;;;;;;sBAEzB,CAACD,GAAG,CAACS,IAAJ,CAASC,IAAV,IACA,CAACV,GAAG,CAACS,IAAJ,CAASE,KADV,IAEA,CAACX,GAAG,CAACS,IAAJ,CAASG,IAFV,IAGA,CAACZ,GAAG,CAACS,IAAJ,CAASI,QAHV,IAIA,CAACb,GAAG,CAACS,IAAJ,CAASK,UAJV,IAKA,CAACd,GAAG,CAACS,IAAJ,CAASM,SALV,IAMA,CAACf,GAAG,CAACS,IAAJ,CAASO,S;;;;;AAEVnB,gBAAAA,IAAI,CAACW,QAAL,CAAc,GAAd,EAAmB,iCAAnB;kDACOX,IAAI,CAACU,IAAL,CAAUN,GAAV,C;;;AAEHgB,gBAAAA,U,GAAajB,GAAG,CAACS,I;;;uBAEQP,4BAAgBgB,UAAhB,CAA2BD,UAA3B,C;;;AAAvBE,gBAAAA,c;AACNtB,gBAAAA,IAAI,CAACS,UAAL,CAAgB,GAAhB,EAAqB,gBAArB,EAAuCa,cAAvC;kDACOtB,IAAI,CAACU,IAAL,CAAUN,GAAV,C;;;;;AAEPJ,gBAAAA,IAAI,CAACW,QAAL,CAAc,GAAd,EAAmB,aAAMY,OAAzB;kDACOvB,IAAI,CAACU,IAAL,CAAUN,GAAV,C;;;;;;;;;;;;;;;;;;;;;qDAIiBD,G,EAAKC,G;;;;;;AACzBoB,gBAAAA,c,GAAiBrB,GAAG,CAACS,I;AACnBa,gBAAAA,E,GAAOtB,GAAG,CAACuB,M,CAAXD,E;;oBACHE,MAAM,CAACF,EAAD,C;;;;;AACTzB,gBAAAA,IAAI,CAACW,QAAL,CAAc,GAAd,EAAmB,oCAAnB;kDACOX,IAAI,CAACU,IAAL,CAAUN,GAAV,C;;;;;uBAGqBC,4BAAgBuB,aAAhB,CAC1BH,EAD0B,EAE1BD,cAF0B,C;;;AAAtBI,gBAAAA,a;;AAIN,oBAAI,CAACA,aAAL,EAAoB;AAClB5B,kBAAAA,IAAI,CAACW,QAAL,CAAc,GAAd,6CAAuDc,EAAvD;AACD,iBAFD,MAEO;AACLzB,kBAAAA,IAAI,CAACS,UAAL,CAAgB,GAAhB,EAAqB,iBAArB,EAAwCmB,aAAxC;AACD;;kDACM5B,IAAI,CAACU,IAAL,CAAUN,GAAV,C;;;;;AAEPJ,gBAAAA,IAAI,CAACW,QAAL,CAAc,GAAd;kDACOX,IAAI,CAACU,IAAL,CAAUN,GAAV,C;;;;;;;;;;;;;;;;;;;;;qDAIaD,G,EAAKC,G;;;;;;AACnBqB,gBAAAA,E,GAAOtB,GAAG,CAACuB,M,CAAXD,E;;oBAEHE,MAAM,CAACF,EAAD,C;;;;;AACTzB,gBAAAA,IAAI,CAACW,QAAL,CAAc,GAAd,EAAmB,oCAAnB;kDACOX,IAAI,CAACU,IAAL,CAAUN,GAAV,C;;;;;uBAIkBC,4BAAgBwB,UAAhB,CAA2BJ,EAA3B,C;;;AAAnBK,gBAAAA,U;;AAEN,oBAAI,CAACA,UAAL,EAAiB;AACf9B,kBAAAA,IAAI,CAACW,QAAL,CAAc,GAAd,4CAAsDc,EAAtD;AACD,iBAFD,MAEO;AACLzB,kBAAAA,IAAI,CAACS,UAAL,CAAgB,GAAhB,EAAqB,eAArB,EAAsCqB,UAAtC;AACD;;kDACM9B,IAAI,CAACU,IAAL,CAAUN,GAAV,C;;;;;AAEPJ,gBAAAA,IAAI,CAACW,QAAL,CAAc,GAAd;kDACOX,IAAI,CAACU,IAAL,CAAUN,GAAV,C;;;;;;;;;;;;;;;;;;;;;qDAIgBD,G,EAAKC,G;;;;;;AACtBqB,gBAAAA,E,GAAOtB,GAAG,CAACuB,M,CAAXD,E;;oBAEHE,MAAM,CAACF,EAAD,C;;;;;AACTzB,gBAAAA,IAAI,CAACW,QAAL,CAAc,GAAd,EAAmB,gCAAnB;kDACOX,IAAI,CAACU,IAAL,CAAUN,GAAV,C;;;;;uBAIuBC,4BAAgB0B,aAAhB,CAA8BN,EAA9B,C;;;AAAxBO,gBAAAA,e;;AAEN,oBAAIA,eAAJ,EAAqB;AACnBhC,kBAAAA,IAAI,CAACS,UAAL,CAAgB,GAAhB,EAAqB,iBAArB;AACD,iBAFD,MAEO;AACLT,kBAAAA,IAAI,CAACW,QAAL,CAAc,GAAd,gCAA0Cc,EAA1C;AACD;;kDACMzB,IAAI,CAACU,IAAL,CAAUN,GAAV,C;;;;;AAEPJ,gBAAAA,IAAI,CAACW,QAAL,CAAc,GAAd;kDACOX,IAAI,CAACU,IAAL,CAAUN,GAAV,C;;;;;;;;;;;;;;;;;;;;eAKEF,iB","sourceRoot":"/app/api/server/controllers","sourcesContent":["import productsService from \"../services/productsService\";\nimport Utils from \"../utils/Utils\";\n\nconst util = new Utils();\n\nclass ProductController {\n  static async getAllProducts(req, res) {\n    try {\n      const allProducts = await productsService.getAllProducts();\n      if (allProducts.length > 0) {\n        util.setSuccess(200, \"Products retrieved\", allProducts);\n      } else {\n        util.setSuccess(200, \"No Product found\");\n      }\n      return util.send(res);\n    } catch (error) {\n      util.setError(400, error);\n      return util.send(res);\n    }\n  }\n\n  static async addProduct(req, res) {\n    if (\n      !req.body.name ||\n      !req.body.price ||\n      !req.body.type ||\n      !req.body.isExtras ||\n      !req.body.hasOptions ||\n      !req.body.createdAt ||\n      !req.body.updatedAt\n    ) {\n      util.setError(400, \"Please provide complete details\");\n      return util.send(res);\n    }\n    const newProduct = req.body;\n    try {\n      const createdProduct = await productsService.addProduct(newProduct);\n      util.setSuccess(201, \"Product Added!\", createdProduct);\n      return util.send(res);\n    } catch (error) {\n      util.setError(400, error.message);\n      return util.send(res);\n    }\n  }\n\n  static async updatedProduct(req, res) {\n    const alteredProduct = req.body;\n    const { id } = req.params;\n    if (!Number(id)) {\n      util.setError(400, \"Please input a valid numeric value\");\n      return util.send(res);\n    }\n    try {\n      const updateProduct = await productsService.updateProduct(\n        id,\n        alteredProduct\n      );\n      if (!updateProduct) {\n        util.setError(404, `Cannot find Product with the id: ${id}`);\n      } else {\n        util.setSuccess(200, \"Product updated\", updateProduct);\n      }\n      return util.send(res);\n    } catch (error) {\n      util.setError(404, error);\n      return util.send(res);\n    }\n  }\n\n  static async getProduct(req, res) {\n    const { id } = req.params;\n\n    if (!Number(id)) {\n      util.setError(400, \"Please input a valid numeric value\");\n      return util.send(res);\n    }\n\n    try {\n      const theProduct = await productsService.getProduct(id);\n\n      if (!theProduct) {\n        util.setError(404, `Cannot find Product with the id ${id}`);\n      } else {\n        util.setSuccess(200, \"Found Product\", theProduct);\n      }\n      return util.send(res);\n    } catch (error) {\n      util.setError(404, error);\n      return util.send(res);\n    }\n  }\n\n  static async deleteProduct(req, res) {\n    const { id } = req.params;\n\n    if (!Number(id)) {\n      util.setError(400, \"Please provide a numeric value\");\n      return util.send(res);\n    }\n\n    try {\n      const ProductToDelete = await productsService.deleteProduct(id);\n\n      if (ProductToDelete) {\n        util.setSuccess(200, \"Product deleted\");\n      } else {\n        util.setError(404, `Product with the id ${id} cannot be found`);\n      }\n      return util.send(res);\n    } catch (error) {\n      util.setError(400, error);\n      return util.send(res);\n    }\n  }\n}\n\nexport default ProductController;"]},"_coverageSchema":"1a1c01bbd47fc00a2c39e90264f33305004495a9","hash":"3a3fb267eecd37859376d4c9d5fbd70c64acb3ad","contentHash":"1284ba90baaab521f333fb4b39cce5c0e561d8594fc5835d2e39abe2cac299da"},"/app/api/server/services/productsService.js":{"path":"/app/api/server/services/productsService.js","statementMap":{"0":{"start":{"line":3,"column":29},"end":{"line":3,"column":84}},"1":{"start":{"line":5,"column":19},"end":{"line":5,"column":80}},"2":{"start":{"line":7,"column":25},"end":{"line":7,"column":99}},"3":{"start":{"line":9,"column":23},"end":{"line":9,"column":95}},"4":{"start":{"line":11,"column":20},"end":{"line":11,"column":89}},"5":{"start":{"line":13,"column":14},"end":{"line":13,"column":62}},"6":{"start":{"line":17,"column":0},"end":{"line":257,"column":3}},"7":{"start":{"line":19,"column":4},"end":{"line":19,"column":60}},"8":{"start":{"line":22,"column":2},"end":{"line":255,"column":6}},"9":{"start":{"line":25,"column":28},"end":{"line":50,"column":9}},"10":{"start":{"line":28,"column":8},"end":{"line":49,"column":36}},"11":{"start":{"line":29,"column":10},"end":{"line":48,"column":11}},"12":{"start":{"line":30,"column":12},"end":{"line":47,"column":13}},"13":{"start":{"line":32,"column":16},"end":{"line":32,"column":34}},"14":{"start":{"line":33,"column":16},"end":{"line":33,"column":34}},"15":{"start":{"line":34,"column":16},"end":{"line":34,"column":61}},"16":{"start":{"line":37,"column":16},"end":{"line":37,"column":64}},"17":{"start":{"line":40,"column":16},"end":{"line":40,"column":34}},"18":{"start":{"line":41,"column":16},"end":{"line":41,"column":51}},"19":{"start":{"line":42,"column":16},"end":{"line":42,"column":34}},"20":{"start":{"line":46,"column":16},"end":{"line":46,"column":39}},"21":{"start":{"line":53,"column":8},"end":{"line":53,"column":54}},"22":{"start":{"line":56,"column":6},"end":{"line":56,"column":28}},"23":{"start":{"line":61,"column":24},"end":{"line":86,"column":9}},"24":{"start":{"line":64,"column":8},"end":{"line":85,"column":37}},"25":{"start":{"line":65,"column":10},"end":{"line":84,"column":11}},"26":{"start":{"line":66,"column":12},"end":{"line":83,"column":13}},"27":{"start":{"line":68,"column":16},"end":{"line":68,"column":35}},"28":{"start":{"line":69,"column":16},"end":{"line":69,"column":35}},"29":{"start":{"line":70,"column":16},"end":{"line":70,"column":70}},"30":{"start":{"line":73,"column":16},"end":{"line":73,"column":66}},"31":{"start":{"line":76,"column":16},"end":{"line":76,"column":35}},"32":{"start":{"line":77,"column":16},"end":{"line":77,"column":53}},"33":{"start":{"line":78,"column":16},"end":{"line":78,"column":35}},"34":{"start":{"line":82,"column":16},"end":{"line":82,"column":40}},"35":{"start":{"line":89,"column":8},"end":{"line":89,"column":50}},"36":{"start":{"line":92,"column":6},"end":{"line":92,"column":24}},"37":{"start":{"line":97,"column":28},"end":{"line":145,"column":9}},"38":{"start":{"line":101,"column":8},"end":{"line":144,"column":38}},"39":{"start":{"line":102,"column":10},"end":{"line":143,"column":11}},"40":{"start":{"line":103,"column":12},"end":{"line":142,"column":13}},"41":{"start":{"line":105,"column":16},"end":{"line":105,"column":35}},"42":{"start":{"line":106,"column":16},"end":{"line":106,"column":35}},"43":{"start":{"line":107,"column":16},"end":{"line":111,"column":19}},"44":{"start":{"line":114,"column":16},"end":{"line":114,"column":49}},"45":{"start":{"line":116,"column":16},"end":{"line":119,"column":17}},"46":{"start":{"line":117,"column":18},"end":{"line":117,"column":37}},"47":{"start":{"line":118,"column":18},"end":{"line":118,"column":24}},"48":{"start":{"line":121,"column":16},"end":{"line":121,"column":35}},"49":{"start":{"line":122,"column":16},"end":{"line":126,"column":19}},"50":{"start":{"line":129,"column":16},"end":{"line":129,"column":66}},"51":{"start":{"line":132,"column":16},"end":{"line":132,"column":56}},"52":{"start":{"line":135,"column":16},"end":{"line":135,"column":36}},"53":{"start":{"line":136,"column":16},"end":{"line":136,"column":53}},"54":{"start":{"line":137,"column":16},"end":{"line":137,"column":35}},"55":{"start":{"line":141,"column":16},"end":{"line":141,"column":40}},"56":{"start":{"line":148,"column":8},"end":{"line":148,"column":54}},"57":{"start":{"line":151,"column":6},"end":{"line":151,"column":27}},"58":{"start":{"line":156,"column":25},"end":{"line":187,"column":9}},"59":{"start":{"line":160,"column":8},"end":{"line":186,"column":37}},"60":{"start":{"line":161,"column":10},"end":{"line":185,"column":11}},"61":{"start":{"line":162,"column":12},"end":{"line":184,"column":13}},"62":{"start":{"line":164,"column":16},"end":{"line":164,"column":35}},"63":{"start":{"line":165,"column":16},"end":{"line":165,"column":35}},"64":{"start":{"line":166,"column":16},"end":{"line":170,"column":19}},"65":{"start":{"line":173,"column":16},"end":{"line":173,"column":45}},"66":{"start":{"line":174,"column":16},"end":{"line":174,"column":63}},"67":{"start":{"line":177,"column":16},"end":{"line":177,"column":35}},"68":{"start":{"line":178,"column":16},"end":{"line":178,"column":53}},"69":{"start":{"line":179,"column":16},"end":{"line":179,"column":35}},"70":{"start":{"line":183,"column":16},"end":{"line":183,"column":40}},"71":{"start":{"line":190,"column":8},"end":{"line":190,"column":51}},"72":{"start":{"line":193,"column":6},"end":{"line":193,"column":25}},"73":{"start":{"line":198,"column":27},"end":{"line":247,"column":9}},"74":{"start":{"line":202,"column":8},"end":{"line":246,"column":38}},"75":{"start":{"line":203,"column":10},"end":{"line":245,"column":11}},"76":{"start":{"line":204,"column":12},"end":{"line":244,"column":13}},"77":{"start":{"line":206,"column":16},"end":{"line":206,"column":35}},"78":{"start":{"line":207,"column":16},"end":{"line":207,"column":35}},"79":{"start":{"line":208,"column":16},"end":{"line":212,"column":19}},"80":{"start":{"line":215,"column":16},"end":{"line":215,"column":50}},"81":{"start":{"line":217,"column":16},"end":{"line":220,"column":17}},"82":{"start":{"line":218,"column":18},"end":{"line":218,"column":37}},"83":{"start":{"line":219,"column":18},"end":{"line":219,"column":24}},"84":{"start":{"line":222,"column":16},"end":{"line":222,"column":35}},"85":{"start":{"line":223,"column":16},"end":{"line":227,"column":19}},"86":{"start":{"line":230,"column":16},"end":{"line":230,"column":49}},"87":{"start":{"line":231,"column":16},"end":{"line":231,"column":67}},"88":{"start":{"line":234,"column":16},"end":{"line":234,"column":56}},"89":{"start":{"line":237,"column":16},"end":{"line":237,"column":36}},"90":{"start":{"line":238,"column":16},"end":{"line":238,"column":53}},"91":{"start":{"line":239,"column":16},"end":{"line":239,"column":35}},"92":{"start":{"line":243,"column":16},"end":{"line":243,"column":40}},"93":{"start":{"line":250,"column":8},"end":{"line":250,"column":53}},"94":{"start":{"line":253,"column":6},"end":{"line":253,"column":27}},"95":{"start":{"line":256,"column":2},"end":{"line":256,"column":25}},"96":{"start":{"line":259,"column":0},"end":{"line":259,"column":33}}},"fnMap":{"0":{"name":"(anonymous_0)","decl":{"start":{"line":17,"column":0},"end":{"line":17,"column":1}},"loc":{"start":{"line":17,"column":12},"end":{"line":257,"column":1}},"line":17},"1":{"name":"productsService","decl":{"start":{"line":18,"column":11},"end":{"line":18,"column":26}},"loc":{"start":{"line":18,"column":29},"end":{"line":20,"column":3}},"line":18},"2":{"name":"(anonymous_2)","decl":{"start":{"line":24,"column":11},"end":{"line":24,"column":12}},"loc":{"start":{"line":24,"column":23},"end":{"line":57,"column":5}},"line":24},"3":{"name":"_callee","decl":{"start":{"line":27,"column":44},"end":{"line":27,"column":51}},"loc":{"start":{"line":27,"column":54},"end":{"line":50,"column":7}},"line":27},"4":{"name":"_callee$","decl":{"start":{"line":28,"column":53},"end":{"line":28,"column":61}},"loc":{"start":{"line":28,"column":72},"end":{"line":49,"column":9}},"line":28},"5":{"name":"getAllProducts","decl":{"start":{"line":52,"column":15},"end":{"line":52,"column":29}},"loc":{"start":{"line":52,"column":32},"end":{"line":54,"column":7}},"line":52},"6":{"name":"(anonymous_6)","decl":{"start":{"line":60,"column":11},"end":{"line":60,"column":12}},"loc":{"start":{"line":60,"column":23},"end":{"line":93,"column":5}},"line":60},"7":{"name":"_callee2","decl":{"start":{"line":63,"column":44},"end":{"line":63,"column":52}},"loc":{"start":{"line":63,"column":65},"end":{"line":86,"column":7}},"line":63},"8":{"name":"_callee2$","decl":{"start":{"line":64,"column":53},"end":{"line":64,"column":62}},"loc":{"start":{"line":64,"column":74},"end":{"line":85,"column":9}},"line":64},"9":{"name":"addProduct","decl":{"start":{"line":88,"column":15},"end":{"line":88,"column":25}},"loc":{"start":{"line":88,"column":30},"end":{"line":90,"column":7}},"line":88},"10":{"name":"(anonymous_10)","decl":{"start":{"line":96,"column":11},"end":{"line":96,"column":12}},"loc":{"start":{"line":96,"column":23},"end":{"line":152,"column":5}},"line":96},"11":{"name":"_callee3","decl":{"start":{"line":99,"column":44},"end":{"line":99,"column":52}},"loc":{"start":{"line":99,"column":73},"end":{"line":145,"column":7}},"line":99},"12":{"name":"_callee3$","decl":{"start":{"line":101,"column":53},"end":{"line":101,"column":62}},"loc":{"start":{"line":101,"column":74},"end":{"line":144,"column":9}},"line":101},"13":{"name":"updateProduct","decl":{"start":{"line":147,"column":15},"end":{"line":147,"column":28}},"loc":{"start":{"line":147,"column":39},"end":{"line":149,"column":7}},"line":147},"14":{"name":"(anonymous_14)","decl":{"start":{"line":155,"column":11},"end":{"line":155,"column":12}},"loc":{"start":{"line":155,"column":23},"end":{"line":194,"column":5}},"line":155},"15":{"name":"_callee4","decl":{"start":{"line":158,"column":44},"end":{"line":158,"column":52}},"loc":{"start":{"line":158,"column":57},"end":{"line":187,"column":7}},"line":158},"16":{"name":"_callee4$","decl":{"start":{"line":160,"column":53},"end":{"line":160,"column":62}},"loc":{"start":{"line":160,"column":74},"end":{"line":186,"column":9}},"line":160},"17":{"name":"getProducts","decl":{"start":{"line":189,"column":15},"end":{"line":189,"column":26}},"loc":{"start":{"line":189,"column":32},"end":{"line":191,"column":7}},"line":189},"18":{"name":"(anonymous_18)","decl":{"start":{"line":197,"column":11},"end":{"line":197,"column":12}},"loc":{"start":{"line":197,"column":23},"end":{"line":254,"column":5}},"line":197},"19":{"name":"_callee5","decl":{"start":{"line":200,"column":44},"end":{"line":200,"column":52}},"loc":{"start":{"line":200,"column":57},"end":{"line":247,"column":7}},"line":200},"20":{"name":"_callee5$","decl":{"start":{"line":202,"column":53},"end":{"line":202,"column":62}},"loc":{"start":{"line":202,"column":74},"end":{"line":246,"column":9}},"line":202},"21":{"name":"deleteProduct","decl":{"start":{"line":249,"column":15},"end":{"line":249,"column":28}},"loc":{"start":{"line":249,"column":34},"end":{"line":251,"column":7}},"line":249}},"branchMap":{"0":{"loc":{"start":{"line":30,"column":12},"end":{"line":47,"column":13}},"type":"switch","locations":[{"start":{"line":31,"column":14},"end":{"line":34,"column":61}},{"start":{"line":36,"column":14},"end":{"line":37,"column":64}},{"start":{"line":39,"column":14},"end":{"line":42,"column":34}},{"start":{"line":44,"column":14},"end":{"line":44,"column":21}},{"start":{"line":45,"column":14},"end":{"line":46,"column":39}}],"line":30},"1":{"loc":{"start":{"line":66,"column":12},"end":{"line":83,"column":13}},"type":"switch","locations":[{"start":{"line":67,"column":14},"end":{"line":70,"column":70}},{"start":{"line":72,"column":14},"end":{"line":73,"column":66}},{"start":{"line":75,"column":14},"end":{"line":78,"column":35}},{"start":{"line":80,"column":14},"end":{"line":80,"column":21}},{"start":{"line":81,"column":14},"end":{"line":82,"column":40}}],"line":66},"2":{"loc":{"start":{"line":103,"column":12},"end":{"line":142,"column":13}},"type":"switch","locations":[{"start":{"line":104,"column":14},"end":{"line":111,"column":19}},{"start":{"line":113,"column":14},"end":{"line":126,"column":19}},{"start":{"line":128,"column":14},"end":{"line":129,"column":66}},{"start":{"line":131,"column":14},"end":{"line":132,"column":56}},{"start":{"line":134,"column":14},"end":{"line":137,"column":35}},{"start":{"line":139,"column":14},"end":{"line":139,"column":22}},{"start":{"line":140,"column":14},"end":{"line":141,"column":40}}],"line":103},"3":{"loc":{"start":{"line":116,"column":16},"end":{"line":119,"column":17}},"type":"if","locations":[{"start":{"line":116,"column":16},"end":{"line":119,"column":17}},{"start":{"line":116,"column":16},"end":{"line":119,"column":17}}],"line":116},"4":{"loc":{"start":{"line":162,"column":12},"end":{"line":184,"column":13}},"type":"switch","locations":[{"start":{"line":163,"column":14},"end":{"line":170,"column":19}},{"start":{"line":172,"column":14},"end":{"line":174,"column":63}},{"start":{"line":176,"column":14},"end":{"line":179,"column":35}},{"start":{"line":181,"column":14},"end":{"line":181,"column":22}},{"start":{"line":182,"column":14},"end":{"line":183,"column":40}}],"line":162},"5":{"loc":{"start":{"line":204,"column":12},"end":{"line":244,"column":13}},"type":"switch","locations":[{"start":{"line":205,"column":14},"end":{"line":212,"column":19}},{"start":{"line":214,"column":14},"end":{"line":227,"column":19}},{"start":{"line":229,"column":14},"end":{"line":231,"column":67}},{"start":{"line":233,"column":14},"end":{"line":234,"column":56}},{"start":{"line":236,"column":14},"end":{"line":239,"column":35}},{"start":{"line":241,"column":14},"end":{"line":241,"column":22}},{"start":{"line":242,"column":14},"end":{"line":243,"column":40}}],"line":204},"6":{"loc":{"start":{"line":217,"column":16},"end":{"line":220,"column":17}},"type":"if","locations":[{"start":{"line":217,"column":16},"end":{"line":220,"column":17}},{"start":{"line":217,"column":16},"end":{"line":220,"column":17}}],"line":217}},"s":{"0":1,"1":1,"2":1,"3":1,"4":1,"5":1,"6":1,"7":0,"8":1,"9":1,"10":0,"11":0,"12":0,"13":0,"14":0,"15":0,"16":0,"17":0,"18":0,"19":0,"20":0,"21":0,"22":1,"23":1,"24":0,"25":0,"26":0,"27":0,"28":0,"29":0,"30":0,"31":0,"32":0,"33":0,"34":0,"35":0,"36":1,"37":1,"38":0,"39":0,"40":0,"41":0,"42":0,"43":0,"44":0,"45":0,"46":0,"47":0,"48":0,"49":0,"50":0,"51":0,"52":0,"53":0,"54":0,"55":0,"56":0,"57":1,"58":1,"59":0,"60":0,"61":0,"62":0,"63":0,"64":0,"65":0,"66":0,"67":0,"68":0,"69":0,"70":0,"71":0,"72":1,"73":1,"74":0,"75":0,"76":0,"77":0,"78":0,"79":0,"80":0,"81":0,"82":0,"83":0,"84":0,"85":0,"86":0,"87":0,"88":0,"89":0,"90":0,"91":0,"92":0,"93":0,"94":1,"95":1,"96":1},"f":{"0":1,"1":0,"2":1,"3":0,"4":0,"5":0,"6":1,"7":0,"8":0,"9":0,"10":1,"11":0,"12":0,"13":0,"14":1,"15":0,"16":0,"17":0,"18":1,"19":0,"20":0,"21":0},"b":{"0":[0,0,0,0,0],"1":[0,0,0,0,0],"2":[0,0,0,0,0,0,0],"3":[0,0],"4":[0,0,0,0,0],"5":[0,0,0,0,0,0,0],"6":[0,0]},"inputSourceMap":{"version":3,"sources":["productsService.js"],"names":["productsService","database","products","findAll","newProduct","create","id","updateProduct","findOne","where","Number","productToUpdate","update","theProducts","productsToDelete","destroy","deletedProducts","module","exports"],"mappings":";;;;;;;;;;;;AAAA;;IAEMA,e;;;;;;;;;;;;;;;;;;;uBAGaC,mBAASC,QAAT,CAAkBC,OAAlB,E;;;;;;;;;;;;;;;;;;;;;;;;;;;;;qDAMOC,U;;;;;;;uBAEPH,mBAASC,QAAT,CAAkBG,MAAlB,CAAyBD,UAAzB,C;;;;;;;;;;;;;;;;;;;;;;;;;;;;;qDAMUE,E,EAAIC,c;;;;;;;;uBAEGN,mBAASC,QAAT,CAAkBM,OAAlB,CAA0B;AACtDC,kBAAAA,KAAK,EAAE;AAAEH,oBAAAA,EAAE,EAAEI,MAAM,CAACJ,EAAD;AAAZ;AAD+C,iBAA1B,C;;;AAAxBK,gBAAAA,e;;qBAIFA,e;;;;;;uBACIV,mBAASC,QAAT,CAAkBU,MAAlB,CAAyBL,cAAzB,EAAwC;AAC5CE,kBAAAA,KAAK,EAAE;AAAEH,oBAAAA,EAAE,EAAEI,MAAM,CAACJ,EAAD;AAAZ;AADqC,iBAAxC,C;;;kDAICC,c;;;kDAEF,I;;;;;;;;;;;;;;;;;;;;;;;;;;qDAMcD,E;;;;;;;;uBAEKL,mBAASC,QAAT,CAAkBM,OAAlB,CAA0B;AAClDC,kBAAAA,KAAK,EAAE;AAAEH,oBAAAA,EAAE,EAAEI,MAAM,CAACJ,EAAD;AAAZ;AAD2C,iBAA1B,C;;;AAApBO,gBAAAA,W;kDAICA,W;;;;;;;;;;;;;;;;;;;;;;;;;;qDAMgBP,E;;;;;;;;uBAEQL,mBAASC,QAAT,CAAkBM,OAAlB,CAA0B;AACvDC,kBAAAA,KAAK,EAAE;AAAEH,oBAAAA,EAAE,EAAEI,MAAM,CAACJ,EAAD;AAAZ;AADgD,iBAA1B,C;;;AAAzBQ,gBAAAA,gB;;qBAIFA,gB;;;;;;uBAC4Bb,mBAASC,QAAT,CAAkBa,OAAlB,CAA0B;AACtDN,kBAAAA,KAAK,EAAE;AAAEH,oBAAAA,EAAE,EAAEI,MAAM,CAACJ,EAAD;AAAZ;AAD+C,iBAA1B,C;;;AAAxBU,gBAAAA,e;kDAGCA,e;;;kDAEF,I;;;;;;;;;;;;;;;;;;;;;;;;;AAObC,MAAM,CAACC,OAAP,GAAiBlB,eAAjB","sourceRoot":"/app/api/server/services","sourcesContent":["import database from \"../src/models\";\n\nclass productsService {\n  static async getAllProducts() {\n    try {\n      return await database.products.findAll();\n    } catch (error) {\n      throw error;\n    }\n  }\n\n  static async addProduct(newProduct) {\n    try {\n      return await database.products.create(newProduct);\n    } catch (error) {\n      throw error;\n    }\n  }\n\n  static async updateProduct(id, updateProduct) {\n    try {\n      const productToUpdate = await database.products.findOne({\n        where: { id: Number(id) }\n      });\n\n      if (productToUpdate) {\n        await database.products.update(updateProduct, {\n          where: { id: Number(id) }\n        });\n\n        return updateProduct;\n      }\n      return null;\n    } catch (error) {\n      throw error;\n    }\n  }\n\n  static async getProducts(id) {\n    try {\n      const theProducts = await database.products.findOne({\n        where: { id: Number(id) }\n      });\n\n      return theProducts;\n    } catch (error) {\n      throw error;\n    }\n  }\n\n  static async deleteProduct(id) {\n    try {\n      const productsToDelete = await database.products.findOne({\n        where: { id: Number(id) }\n      });\n\n      if (productsToDelete) {\n        const deletedProducts = await database.products.destroy({\n          where: { id: Number(id) }\n        });\n        return deletedProducts;\n      }\n      return null;\n    } catch (error) {\n      throw error;\n    }\n  }\n}\n\nmodule.exports = productsService;\n"]},"_coverageSchema":"1a1c01bbd47fc00a2c39e90264f33305004495a9","hash":"4d0812c81e33fc344ec4964524d54fe9a9e0fc7f","contentHash":"d003f096c71819eaaaccee0ab9f8f51c455a8173cf95361d135f208bbb4464bc"},"/app/api/server/src/models/index.js":{"path":"/app/api/server/src/models/index.js","statementMap":{"0":{"start":{"line":3,"column":29},"end":{"line":3,"column":84}},"1":{"start":{"line":5,"column":0},"end":{"line":7,"column":3}},"2":{"start":{"line":8,"column":0},"end":{"line":8,"column":28}},"3":{"start":{"line":10,"column":10},"end":{"line":10,"column":47}},"4":{"start":{"line":12,"column":12},"end":{"line":12,"column":51}},"5":{"start":{"line":14,"column":17},"end":{"line":14,"column":61}},"6":{"start":{"line":16,"column":14},"end":{"line":16,"column":65}},"7":{"start":{"line":18,"column":0},"end":{"line":18,"column":27}},"8":{"start":{"line":20,"column":15},"end":{"line":20,"column":52}},"9":{"start":{"line":22,"column":10},"end":{"line":22,"column":47}},"10":{"start":{"line":23,"column":13},"end":{"line":23,"column":36}},"11":{"start":{"line":24,"column":9},"end":{"line":24,"column":11}},"12":{"start":{"line":27,"column":0},"end":{"line":41,"column":1}},"13":{"start":{"line":28,"column":2},"end":{"line":28,"column":86}},"14":{"start":{"line":29,"column":2},"end":{"line":38,"column":5}},"15":{"start":{"line":40,"column":2},"end":{"line":40,"column":99}},"16":{"start":{"line":43,"column":0},"end":{"line":48,"column":3}},"17":{"start":{"line":44,"column":2},"end":{"line":44,"column":82}},"18":{"start":{"line":46,"column":14},"end":{"line":46,"column":73}},"19":{"start":{"line":47,"column":2},"end":{"line":47,"column":25}},"20":{"start":{"line":50,"column":0},"end":{"line":54,"column":3}},"21":{"start":{"line":51,"column":2},"end":{"line":53,"column":3}},"22":{"start":{"line":52,"column":4},"end":{"line":52,"column":32}},"23":{"start":{"line":55,"column":0},"end":{"line":55,"column":25}},"24":{"start":{"line":56,"column":0},"end":{"line":56,"column":37}},"25":{"start":{"line":57,"column":15},"end":{"line":57,"column":17}},"26":{"start":{"line":58,"column":0},"end":{"line":58,"column":30}}},"fnMap":{"0":{"name":"(anonymous_0)","decl":{"start":{"line":43,"column":45},"end":{"line":43,"column":46}},"loc":{"start":{"line":43,"column":61},"end":{"line":45,"column":1}},"line":43},"1":{"name":"(anonymous_1)","decl":{"start":{"line":45,"column":11},"end":{"line":45,"column":12}},"loc":{"start":{"line":45,"column":27},"end":{"line":48,"column":1}},"line":45},"2":{"name":"(anonymous_2)","decl":{"start":{"line":50,"column":24},"end":{"line":50,"column":25}},"loc":{"start":{"line":50,"column":45},"end":{"line":54,"column":1}},"line":50}},"branchMap":{"0":{"loc":{"start":{"line":22,"column":10},"end":{"line":22,"column":47}},"type":"binary-expr","locations":[{"start":{"line":22,"column":10},"end":{"line":22,"column":30}},{"start":{"line":22,"column":34},"end":{"line":22,"column":47}}],"line":22},"1":{"loc":{"start":{"line":27,"column":0},"end":{"line":41,"column":1}},"type":"if","locations":[{"start":{"line":27,"column":0},"end":{"line":41,"column":1}},{"start":{"line":27,"column":0},"end":{"line":41,"column":1}}],"line":27},"2":{"loc":{"start":{"line":44,"column":9},"end":{"line":44,"column":81}},"type":"binary-expr","locations":[{"start":{"line":44,"column":9},"end":{"line":44,"column":32}},{"start":{"line":44,"column":36},"end":{"line":44,"column":53}},{"start":{"line":44,"column":57},"end":{"line":44,"column":81}}],"line":44},"3":{"loc":{"start":{"line":51,"column":2},"end":{"line":53,"column":3}},"type":"if","locations":[{"start":{"line":51,"column":2},"end":{"line":53,"column":3}},{"start":{"line":51,"column":2},"end":{"line":53,"column":3}}],"line":51}},"s":{"0":1,"1":1,"2":1,"3":1,"4":1,"5":1,"6":1,"7":1,"8":1,"9":1,"10":1,"11":1,"12":1,"13":0,"14":0,"15":1,"16":1,"17":5,"18":4,"19":4,"20":1,"21":4,"22":4,"23":1,"24":1,"25":1,"26":1},"f":{"0":5,"1":4,"2":4},"b":{"0":[1,1],"1":[0,1],"2":[5,5,4],"3":[4,0]},"inputSourceMap":{"version":3,"sources":["index.js"],"names":["require","config","basename","path","__filename","env","process","NODE_ENV","configJson","db","sequelize","environment","Sequelize","use_env_variable","DB_NAME","DB_USER","DB_PASS","host","DB_HOST","port","DB_PORT","dialect","dialectOption","ssl","logging","database","username","password","fs","readdirSync","__dirname","filter","file","indexOf","slice","forEach","model","join","name","Object","keys","modelName","associate"],"mappings":"AAAA;;;;;;;;;AAEA;;AACA;;AACA;;AACA;;AAJAA,OAAO,CAAC,QAAD,CAAP,CAAkBC,MAAlB;;AAMA,IAAMC,QAAQ,GAAGC,iBAAKD,QAAL,CAAcE,UAAd,CAAjB;;AACA,IAAMC,GAAG,GAAGC,OAAO,CAACD,GAAR,CAAYE,QAAZ,IAAwB,aAApC;AAEA,IAAMN,MAAM,GAAGO,mBAAWH,GAAX,CAAf;AAEA,IAAMI,EAAE,GAAG,EAAX;AAEA,IAAIC,SAAJ;;AACA,IAAIT,MAAM,CAACU,WAAP,KAAuB,YAA3B,EAAyC;AACvCD,EAAAA,SAAS,GAAG,IAAIE,qBAAJ,CACRN,OAAO,CAACD,GAAR,CAAYJ,MAAM,CAACY,gBAAnB,CADQ,EAC8BZ,MAD9B,CAAZ;AAGAS,EAAAA,SAAS,GAAG,IAAIE,qBAAJ,CACVN,OAAO,CAACD,GAAR,CAAYS,OADF,EAEVR,OAAO,CAACD,GAAR,CAAYU,OAFF,EAGVT,OAAO,CAACD,GAAR,CAAYW,OAHF,EAGW;AACnBC,IAAAA,IAAI,EAAEX,OAAO,CAACD,GAAR,CAAYa,OADC;AAEnBC,IAAAA,IAAI,EAAEb,OAAO,CAACD,GAAR,CAAYe,OAFC;AAGnBC,IAAAA,OAAO,EAAE,UAHU;AAInBC,IAAAA,aAAa,EAAE;AACbC,MAAAA,GAAG,EAAE,IADQ;AAEb,gBAAQ;AAFK,KAJI;AAQnBC,IAAAA,OAAO,EAAE;AARU,GAHX,CAAZ;AAcD,CAlBD,MAkBO;AACLd,EAAAA,SAAS,GAAG,IAAIE,qBAAJ,CACTX,MAAM,CAACwB,QADE,EACQxB,MAAM,CAACyB,QADf,EACyBzB,MAAM,CAAC0B,QADhC,EAC0C1B,MAD1C,CAAZ;AAGD;;AAED2B,eACGC,WADH,CACeC,SADf,EAEGC,MAFH,CAEU,UAACC,IAAD,EAAU;AAChB,SAAQA,IAAI,CAACC,OAAL,CAAa,GAAb,MAAsB,CAAvB,IACCD,IAAI,KAAK9B,QADV,IACwB8B,IAAI,CAACE,KAAL,CAAW,CAAC,CAAZ,MAAmB,KADlD;AAED,CALH,EAMGC,OANH,CAMW,UAACH,IAAD,EAAU;AACjB,MAAMI,KAAK,GAAG1B,SAAS,UAAT,CAAiBP,iBAAKkC,IAAL,CAAUP,SAAV,EAAqBE,IAArB,CAAjB,CAAd;AACAvB,EAAAA,EAAE,CAAC2B,KAAK,CAACE,IAAP,CAAF,GAAiBF,KAAjB;AACD,CATH;;AAWAG,MAAM,CAACC,IAAP,CAAY/B,EAAZ,EAAgB0B,OAAhB,CAAwB,UAACM,SAAD,EAAe;AACrC,MAAIhC,EAAE,CAACgC,SAAD,CAAF,CAAcC,SAAlB,EAA6B;AAC3BjC,IAAAA,EAAE,CAACgC,SAAD,CAAF,CAAcC,SAAd,CAAwBjC,EAAxB;AACD;AACF,CAJD;AAMAA,EAAE,CAACC,SAAH,GAAeA,SAAf;AACAD,EAAE,CAACG,SAAH,GAAeA,qBAAf;eAEeH,E","sourceRoot":"/app/api/server/src/models","sourcesContent":["'use strict';\nrequire('dotenv').config();\nimport fs from 'fs';\nimport path from 'path';\nimport Sequelize from 'sequelize';\nimport configJson from '../config/config';\n\nconst basename = path.basename(__filename);\nconst env = process.env.NODE_ENV || 'development';\n\nconst config = configJson[env];\n\nconst db = {};\n\nlet sequelize\nif (config.environment === 'production') {\n  sequelize = new Sequelize(\n      process.env[config.use_env_variable], config\n    )\n  sequelize = new Sequelize(\n    process.env.DB_NAME,\n    process.env.DB_USER,\n    process.env.DB_PASS, {\n      host: process.env.DB_HOST,\n      port: process.env.DB_PORT,\n      dialect: 'postgres',\n      dialectOption: {\n        ssl: true,\n        native: true\n      },\n      logging: true\n    }\n  )\n} else {\n  sequelize = new Sequelize(\n     config.database, config.username, config.password, config\n  )\n}\n\nfs\n  .readdirSync(__dirname)\n  .filter((file) => {\n    return (file.indexOf('.') !== 0) &&\n           (file !== basename) && (file.slice(-3) === '.js')\n  })\n  .forEach((file) => {\n    const model = sequelize.import(path.join(__dirname, file))\n    db[model.name] = model\n  })\n\nObject.keys(db).forEach((modelName) => {\n  if (db[modelName].associate) {\n    db[modelName].associate(db)\n  }\n})\n\ndb.sequelize = sequelize\ndb.Sequelize = Sequelize\n\nexport default db;"]},"_coverageSchema":"1a1c01bbd47fc00a2c39e90264f33305004495a9","hash":"d83c8ec2bd5012e7a8d1e7362c85eff47169cbdf","contentHash":"435af55ebf76c07e62bb403d7500460a6346f5880bc7cc01f20cf28184adcf37"},"/app/api/server/src/config/config.js":{"path":"/app/api/server/src/config/config.js","statementMap":{"0":{"start":{"line":3,"column":0},"end":{"line":3,"column":27}},"1":{"start":{"line":5,"column":0},"end":{"line":30,"column":2}}},"fnMap":{},"branchMap":{},"s":{"0":1,"1":1},"f":{},"b":{},"inputSourceMap":{"version":3,"sources":["config.js"],"names":["require","config","module","exports","process","env","DB_USER","DB_PASS","DB_DATABASE","DB_HOST"],"mappings":";;AAAAA,OAAO,CAAC,QAAD,CAAP,CAAkBC,MAAlB;;AAEAC,MAAM,CAACC,OAAP,GAAiB;AACb,iBAAe;AACf,gBAAY,UADG;AAEf,gBAAY,IAFG;AAGf,gBAAY,uBAHG;AAIf,YAAQ,IAJO;AAKf,eAAW;AALI,GADF;AAQf,UAAQ;AACN,gBAAY,UADN;AAEN,gBAAY,IAFN;AAGN,gBAAY,gBAHN;AAIN,YAAQ,IAJF;AAKN,eAAW;AALL,GARO;AAef,gBAAc;AACZ,gBAAYC,OAAO,CAACC,GAAR,CAAYC,OADZ;AAEZ,gBAAYF,OAAO,CAACC,GAAR,CAAYE,OAFZ;AAGZ,gBAAYH,OAAO,CAACC,GAAR,CAAYG,WAHZ;AAIZ,YAAQJ,OAAO,CAACC,GAAR,CAAYI,OAJR;AAKZ,eAAW,UALC;AAMZ,sBAAkB;AAChB,aAAO;AADS;AANN;AAfC,CAAjB","sourceRoot":"/app/api/server/src/config","sourcesContent":["require('dotenv').config();\n\nmodule.exports = {\n    \"development\": {\n    \"username\": \"postgres\",\n    \"password\": null,\n    \"database\": \"new_store_development\",\n    \"host\": \"db\",\n    \"dialect\": \"postgres\",\n  },\n  \"test\": {\n    \"username\": \"postgres\",\n    \"password\": null,\n    \"database\": \"new_store_test\",\n    \"host\": \"db\",\n    \"dialect\": \"postgres\",\n  },\n  \"production\": {\n    \"username\": process.env.DB_USER,\n    \"password\": process.env.DB_PASS,\n    \"database\": process.env.DB_DATABASE,\n    \"host\": process.env.DB_HOST,\n    \"dialect\": \"postgres\",\n    \"dialectOptions\": {\n      \"ssl\": true\n    }\n  }\n}"]},"_coverageSchema":"1a1c01bbd47fc00a2c39e90264f33305004495a9","hash":"808dfd711a26e0fac7b594563678cbd3ac2647de","contentHash":"381ccca52e5c9b995d1fe64d297b46ded899b2a1f66a3eaca59474ba03ea26a8"},"/app/api/server/src/models/items.js":{"path":"/app/api/server/src/models/items.js","statementMap":{"0":{"start":{"line":3,"column":0},"end":{"line":15,"column":2}},"1":{"start":{"line":4,"column":14},"end":{"line":9,"column":8}},"2":{"start":{"line":11,"column":2},"end":{"line":12,"column":4}},"3":{"start":{"line":14,"column":2},"end":{"line":14,"column":15}}},"fnMap":{"0":{"name":"(anonymous_0)","decl":{"start":{"line":3,"column":17},"end":{"line":3,"column":18}},"loc":{"start":{"line":3,"column":49},"end":{"line":15,"column":1}},"line":3},"1":{"name":"(anonymous_1)","decl":{"start":{"line":11,"column":20},"end":{"line":11,"column":21}},"loc":{"start":{"line":11,"column":38},"end":{"line":12,"column":3}},"line":11}},"branchMap":{},"s":{"0":1,"1":1,"2":1,"3":1},"f":{"0":1,"1":1},"b":{},"inputSourceMap":{"version":3,"sources":["items.js"],"names":["module","exports","sequelize","DataTypes","items","define","ProductId","INTEGER","OrderId","quantity","options","STRING","associate","models"],"mappings":"AAAA;;AACAA,MAAM,CAACC,OAAP,GAAiB,UAACC,SAAD,EAAYC,SAAZ,EAA0B;AACzC,MAAMC,KAAK,GAAGF,SAAS,CAACG,MAAV,CACZ,OADY,EAEZ;AACEC,IAAAA,SAAS,EAAEH,SAAS,CAACI,OADvB;AAEEC,IAAAA,OAAO,EAAEL,SAAS,CAACI,OAFrB;AAGEE,IAAAA,QAAQ,EAAEN,SAAS,CAACI,OAHtB;AAIEG,IAAAA,OAAO,EAAEP,SAAS,CAACQ;AAJrB,GAFY,EAQZ,EARY,CAAd;;AAUAP,EAAAA,KAAK,CAACQ,SAAN,GAAkB,UAASC,MAAT,EAAiB,CACjC;AACD,GAFD;;AAGA,SAAOT,KAAP;AACD,CAfD","sourceRoot":"/app/api/server/src/models","sourcesContent":["\"use strict\";\nmodule.exports = (sequelize, DataTypes) => {\n  const items = sequelize.define(\n    \"items\",\n    {\n      ProductId: DataTypes.INTEGER,\n      OrderId: DataTypes.INTEGER,\n      quantity: DataTypes.INTEGER,\n      options: DataTypes.STRING\n    },\n    {}\n  );\n  items.associate = function(models) {\n    // associations can be defined here\n  };\n  return items;\n};\n"]},"_coverageSchema":"1a1c01bbd47fc00a2c39e90264f33305004495a9","hash":"750d1e123a92d924bc50542db2b7c3d1c9683298","contentHash":"a12c7dfdae3d76c99c9e720d26082b2a8a28c1634c9764bdf4e86bc2d5a26fc0"},"/app/api/server/src/models/orders.js":{"path":"/app/api/server/src/models/orders.js","statementMap":{"0":{"start":{"line":3,"column":0},"end":{"line":19,"column":2}},"1":{"start":{"line":4,"column":15},"end":{"line":11,"column":8}},"2":{"start":{"line":13,"column":2},"end":{"line":16,"column":4}},"3":{"start":{"line":14,"column":4},"end":{"line":14,"column":33}},"4":{"start":{"line":15,"column":4},"end":{"line":15,"column":36}},"5":{"start":{"line":18,"column":2},"end":{"line":18,"column":16}}},"fnMap":{"0":{"name":"(anonymous_0)","decl":{"start":{"line":3,"column":17},"end":{"line":3,"column":18}},"loc":{"start":{"line":3,"column":49},"end":{"line":19,"column":1}},"line":3},"1":{"name":"(anonymous_1)","decl":{"start":{"line":13,"column":21},"end":{"line":13,"column":22}},"loc":{"start":{"line":13,"column":39},"end":{"line":16,"column":3}},"line":13}},"branchMap":{},"s":{"0":1,"1":1,"2":1,"3":1,"4":1,"5":1},"f":{"0":1,"1":1},"b":{},"inputSourceMap":{"version":3,"sources":["orders.js"],"names":["module","exports","sequelize","DataTypes","orders","define","clientName","STRING","tablesId","INTEGER","total","DECIMAL","status","time","DATE","finalTime","associate","models","hasMany","items","belongsTo","tables"],"mappings":"AAAA;;AACAA,MAAM,CAACC,OAAP,GAAiB,UAACC,SAAD,EAAYC,SAAZ,EAA0B;AACzC,MAAMC,MAAM,GAAGF,SAAS,CAACG,MAAV,CACb,QADa,EAEb;AACEC,IAAAA,UAAU,EAAEH,SAAS,CAACI,MADxB;AAEEC,IAAAA,QAAQ,EAAEL,SAAS,CAACM,OAFtB;AAGEC,IAAAA,KAAK,EAAEP,SAAS,CAACQ,OAHnB;AAIEC,IAAAA,MAAM,EAAET,SAAS,CAACI,MAJpB;AAKEM,IAAAA,IAAI,EAAEV,SAAS,CAACW,IALlB;AAMEC,IAAAA,SAAS,EAAEZ,SAAS,CAACW;AANvB,GAFa,EAUb,EAVa,CAAf;;AAYAV,EAAAA,MAAM,CAACY,SAAP,GAAmB,UAASC,MAAT,EAAiB;AAClCb,IAAAA,MAAM,CAACc,OAAP,CAAeD,MAAM,CAACE,KAAtB;AACAf,IAAAA,MAAM,CAACgB,SAAP,CAAiBH,MAAM,CAACI,MAAxB;AACD,GAHD;;AAIA,SAAOjB,MAAP;AACD,CAlBD","sourceRoot":"/app/api/server/src/models","sourcesContent":["\"use strict\";\nmodule.exports = (sequelize, DataTypes) => {\n  const orders = sequelize.define(\n    \"orders\",\n    {\n      clientName: DataTypes.STRING,\n      tablesId: DataTypes.INTEGER,\n      total: DataTypes.DECIMAL,\n      status: DataTypes.STRING,\n      time: DataTypes.DATE,\n      finalTime: DataTypes.DATE\n    },\n    {}\n  );\n  orders.associate = function(models) {\n    orders.hasMany(models.items);\n    orders.belongsTo(models.tables);\n  };\n  return orders;\n};\n"]},"_coverageSchema":"1a1c01bbd47fc00a2c39e90264f33305004495a9","hash":"c6b8f99e43a21b193ee65d738e6bd6440d8420a1","contentHash":"87a829710aaba56e64fa2e0af836773b478e79bff16c6982c532e0e2b94e4c2e"},"/app/api/server/src/models/products.js":{"path":"/app/api/server/src/models/products.js","statementMap":{"0":{"start":{"line":3,"column":0},"end":{"line":17,"column":2}},"1":{"start":{"line":4,"column":17},"end":{"line":10,"column":8}},"2":{"start":{"line":12,"column":2},"end":{"line":14,"column":4}},"3":{"start":{"line":13,"column":4},"end":{"line":13,"column":35}},"4":{"start":{"line":16,"column":2},"end":{"line":16,"column":18}}},"fnMap":{"0":{"name":"(anonymous_0)","decl":{"start":{"line":3,"column":17},"end":{"line":3,"column":18}},"loc":{"start":{"line":3,"column":49},"end":{"line":17,"column":1}},"line":3},"1":{"name":"(anonymous_1)","decl":{"start":{"line":12,"column":23},"end":{"line":12,"column":24}},"loc":{"start":{"line":12,"column":41},"end":{"line":14,"column":3}},"line":12}},"branchMap":{},"s":{"0":1,"1":1,"2":1,"3":1,"4":1},"f":{"0":1,"1":1},"b":{},"inputSourceMap":{"version":3,"sources":["products.js"],"names":["module","exports","sequelize","DataTypes","products","define","name","STRING","price","DECIMAL","isExtras","BOOLEAN","hasOptions","type","associate","models","hasMany","items"],"mappings":"AAAA;;AACAA,MAAM,CAACC,OAAP,GAAiB,UAACC,SAAD,EAAYC,SAAZ,EAA0B;AACzC,MAAMC,QAAQ,GAAGF,SAAS,CAACG,MAAV,CACf,UADe,EAEf;AACEC,IAAAA,IAAI,EAAEH,SAAS,CAACI,MADlB;AAEEC,IAAAA,KAAK,EAAEL,SAAS,CAACM,OAFnB;AAGEC,IAAAA,QAAQ,EAAEP,SAAS,CAACQ,OAHtB;AAIEC,IAAAA,UAAU,EAAET,SAAS,CAACQ,OAJxB;AAKEE,IAAAA,IAAI,EAAEV,SAAS,CAACI;AALlB,GAFe,EASf,EATe,CAAjB;;AAWAH,EAAAA,QAAQ,CAACU,SAAT,GAAqB,UAASC,MAAT,EAAiB;AACpCX,IAAAA,QAAQ,CAACY,OAAT,CAAiBD,MAAM,CAACE,KAAxB;AACD,GAFD;;AAGA,SAAOb,QAAP;AACD,CAhBD","sourceRoot":"/app/api/server/src/models","sourcesContent":["\"use strict\";\nmodule.exports = (sequelize, DataTypes) => {\n  const products = sequelize.define(\n    \"products\",\n    {\n      name: DataTypes.STRING,\n      price: DataTypes.DECIMAL,\n      isExtras: DataTypes.BOOLEAN,\n      hasOptions: DataTypes.BOOLEAN,\n      type: DataTypes.STRING\n    },\n    {}\n  );\n  products.associate = function(models) {\n    products.hasMany(models.items);\n  };\n  return products;\n};\n"]},"_coverageSchema":"1a1c01bbd47fc00a2c39e90264f33305004495a9","hash":"b68563bbece061106033f7e879e3c83c8ad8b96d","contentHash":"ab35115a0683ec51133c5b57daf36ce2ecee4762023ac98c362bdcaa80373734"},"/app/api/server/src/models/tables.js":{"path":"/app/api/server/src/models/tables.js","statementMap":{"0":{"start":{"line":3,"column":0},"end":{"line":13,"column":2}},"1":{"start":{"line":4,"column":15},"end":{"line":6,"column":8}},"2":{"start":{"line":8,"column":2},"end":{"line":10,"column":4}},"3":{"start":{"line":9,"column":4},"end":{"line":9,"column":34}},"4":{"start":{"line":12,"column":2},"end":{"line":12,"column":16}}},"fnMap":{"0":{"name":"(anonymous_0)","decl":{"start":{"line":3,"column":17},"end":{"line":3,"column":18}},"loc":{"start":{"line":3,"column":49},"end":{"line":13,"column":1}},"line":3},"1":{"name":"(anonymous_1)","decl":{"start":{"line":8,"column":21},"end":{"line":8,"column":22}},"loc":{"start":{"line":8,"column":39},"end":{"line":10,"column":3}},"line":8}},"branchMap":{},"s":{"0":1,"1":1,"2":1,"3":1,"4":1},"f":{"0":1,"1":1},"b":{},"inputSourceMap":{"version":3,"sources":["tables.js"],"names":["module","exports","sequelize","DataTypes","tables","define","number","INTEGER","associate","models","hasMany","orders"],"mappings":"AAAA;;AACAA,MAAM,CAACC,OAAP,GAAiB,UAACC,SAAD,EAAYC,SAAZ,EAA0B;AACzC,MAAMC,MAAM,GAAGF,SAAS,CAACG,MAAV,CACb,QADa,EAEb;AACEC,IAAAA,MAAM,EAAEH,SAAS,CAACI;AADpB,GAFa,EAKb,EALa,CAAf;;AAOAH,EAAAA,MAAM,CAACI,SAAP,GAAmB,UAASC,MAAT,EAAiB;AAClCL,IAAAA,MAAM,CAACM,OAAP,CAAeD,MAAM,CAACE,MAAtB;AACD,GAFD;;AAGA,SAAOP,MAAP;AACD,CAZD","sourceRoot":"/app/api/server/src/models","sourcesContent":["\"use strict\";\nmodule.exports = (sequelize, DataTypes) => {\n  const tables = sequelize.define(\n    \"tables\",\n    {\n      number: DataTypes.INTEGER\n    },\n    {}\n  );\n  tables.associate = function(models) {\n    tables.hasMany(models.orders);\n  };\n  return tables;\n};\n"]},"_coverageSchema":"1a1c01bbd47fc00a2c39e90264f33305004495a9","hash":"5720f9d72cb64a0c2f051220e7ba530b69d582e4","contentHash":"31bec0e43e7ff810348965826f612bea6de5569bab4f262e7261f844acbb0fea"},"/app/api/server/utils/Utils.js":{"path":"/app/api/server/utils/Utils.js","statementMap":{"0":{"start":{"line":3,"column":29},"end":{"line":3,"column":84}},"1":{"start":{"line":5,"column":0},"end":{"line":7,"column":3}},"2":{"start":{"line":8,"column":0},"end":{"line":8,"column":28}},"3":{"start":{"line":10,"column":23},"end":{"line":10,"column":95}},"4":{"start":{"line":12,"column":20},"end":{"line":12,"column":89}},"5":{"start":{"line":16,"column":0},"end":{"line":60,"column":3}},"6":{"start":{"line":18,"column":4},"end":{"line":18,"column":49}},"7":{"start":{"line":19,"column":4},"end":{"line":19,"column":27}},"8":{"start":{"line":20,"column":4},"end":{"line":20,"column":21}},"9":{"start":{"line":21,"column":4},"end":{"line":21,"column":21}},"10":{"start":{"line":22,"column":4},"end":{"line":22,"column":24}},"11":{"start":{"line":25,"column":2},"end":{"line":58,"column":6}},"12":{"start":{"line":28,"column":6},"end":{"line":28,"column":35}},"13":{"start":{"line":29,"column":6},"end":{"line":29,"column":29}},"14":{"start":{"line":30,"column":6},"end":{"line":30,"column":23}},"15":{"start":{"line":31,"column":6},"end":{"line":31,"column":28}},"16":{"start":{"line":36,"column":6},"end":{"line":36,"column":35}},"17":{"start":{"line":37,"column":6},"end":{"line":37,"column":29}},"18":{"start":{"line":38,"column":6},"end":{"line":38,"column":26}},"19":{"start":{"line":43,"column":19},"end":{"line":47,"column":7}},"20":{"start":{"line":49,"column":6},"end":{"line":51,"column":7}},"21":{"start":{"line":50,"column":8},"end":{"line":50,"column":56}},"22":{"start":{"line":53,"column":6},"end":{"line":56,"column":9}},"23":{"start":{"line":59,"column":2},"end":{"line":59,"column":14}},"24":{"start":{"line":62,"column":0},"end":{"line":62,"column":26}}},"fnMap":{"0":{"name":"(anonymous_0)","decl":{"start":{"line":16,"column":0},"end":{"line":16,"column":1}},"loc":{"start":{"line":16,"column":12},"end":{"line":60,"column":1}},"line":16},"1":{"name":"Util","decl":{"start":{"line":17,"column":11},"end":{"line":17,"column":15}},"loc":{"start":{"line":17,"column":18},"end":{"line":23,"column":3}},"line":17},"2":{"name":"setSuccess","decl":{"start":{"line":27,"column":20},"end":{"line":27,"column":30}},"loc":{"start":{"line":27,"column":58},"end":{"line":32,"column":5}},"line":27},"3":{"name":"setError","decl":{"start":{"line":35,"column":20},"end":{"line":35,"column":28}},"loc":{"start":{"line":35,"column":50},"end":{"line":39,"column":5}},"line":35},"4":{"name":"send","decl":{"start":{"line":42,"column":20},"end":{"line":42,"column":24}},"loc":{"start":{"line":42,"column":30},"end":{"line":57,"column":5}},"line":42}},"branchMap":{"0":{"loc":{"start":{"line":49,"column":6},"end":{"line":51,"column":7}},"type":"if","locations":[{"start":{"line":49,"column":6},"end":{"line":51,"column":7}},{"start":{"line":49,"column":6},"end":{"line":51,"column":7}}],"line":49}},"s":{"0":1,"1":1,"2":1,"3":1,"4":1,"5":1,"6":3,"7":3,"8":3,"9":3,"10":3,"11":1,"12":2,"13":2,"14":2,"15":2,"16":15,"17":15,"18":15,"19":17,"20":17,"21":2,"22":15,"23":1,"24":1},"f":{"0":1,"1":3,"2":2,"3":15,"4":17},"b":{"0":[2,15]},"inputSourceMap":{"version":3,"sources":["Utils.js"],"names":["Util","statusCode","type","data","message","res","result","status","json"],"mappings":";;;;;;;;;;;;;IAAqBA,I;;;AACnB,kBAAc;AAAA;AACZ,SAAKC,UAAL,GAAkB,IAAlB;AACA,SAAKC,IAAL,GAAY,IAAZ;AACA,SAAKC,IAAL,GAAY,IAAZ;AACA,SAAKC,OAAL,GAAe,IAAf;AACD;;;;+BAEUH,U,EAAYG,O,EAASD,I,EAAM;AACpC,WAAKF,UAAL,GAAkBA,UAAlB;AACA,WAAKG,OAAL,GAAeA,OAAf;AACA,WAAKD,IAAL,GAAYA,IAAZ;AACA,WAAKD,IAAL,GAAY,SAAZ;AACD;;;6BAEQD,U,EAAYG,O,EAAS;AAC5B,WAAKH,UAAL,GAAkBA,UAAlB;AACA,WAAKG,OAAL,GAAeA,OAAf;AACA,WAAKF,IAAL,GAAY,OAAZ;AACD;;;yBAEIG,G,EAAK;AACR,UAAMC,MAAM,GAAG;AACbC,QAAAA,MAAM,EAAE,KAAKL,IADA;AAEbE,QAAAA,OAAO,EAAE,KAAKA,OAFD;AAGbD,QAAAA,IAAI,EAAE,KAAKA;AAHE,OAAf;;AAMA,UAAI,KAAKD,IAAL,KAAc,SAAlB,EAA6B;AAC3B,eAAOG,GAAG,CAACE,MAAJ,CAAW,KAAKN,UAAhB,EAA4BO,IAA5B,CAAiCF,MAAjC,CAAP;AACD;;AACD,aAAOD,GAAG,CAACE,MAAJ,CAAW,KAAKN,UAAhB,EAA4BO,IAA5B,CAAiC;AACtCD,QAAAA,MAAM,EAAE,KAAKL,IADyB;AAEtCE,QAAAA,OAAO,EAAE,KAAKA;AAFwB,OAAjC,CAAP;AAID","sourceRoot":"/app/api/server/utils","sourcesContent":["export default class Util {\n  constructor() {\n    this.statusCode = null;\n    this.type = null;\n    this.data = null;\n    this.message = null;\n  }\n\n  setSuccess(statusCode, message, data) {\n    this.statusCode = statusCode;\n    this.message = message;\n    this.data = data;\n    this.type = \"success\";\n  }\n\n  setError(statusCode, message) {\n    this.statusCode = statusCode;\n    this.message = message;\n    this.type = \"error\";\n  }\n\n  send(res) {\n    const result = {\n      status: this.type,\n      message: this.message,\n      data: this.data\n    };\n\n    if (this.type === \"success\") {\n      return res.status(this.statusCode).json(result);\n    }\n    return res.status(this.statusCode).json({\n      status: this.type,\n      message: this.message\n    });\n  }\n}\n"]},"_coverageSchema":"1a1c01bbd47fc00a2c39e90264f33305004495a9","hash":"f4b83eb74e3f5dc5a823985c093e13c1eda267eb","contentHash":"bf71c673e36dde51a477b04b3192ad171c25a5d777ee40235cd4ee46f5cafef2"},"/app/api/server/routes/ordersRoutes.js":{"path":"/app/api/server/routes/ordersRoutes.js","statementMap":{"0":{"start":{"line":3,"column":29},"end":{"line":3,"column":84}},"1":{"start":{"line":5,"column":0},"end":{"line":7,"column":3}},"2":{"start":{"line":8,"column":0},"end":{"line":8,"column":28}},"3":{"start":{"line":10,"column":15},"end":{"line":10,"column":33}},"4":{"start":{"line":12,"column":24},"end":{"line":12,"column":90}},"5":{"start":{"line":14,"column":13},"end":{"line":14,"column":35}},"6":{"start":{"line":15,"column":0},"end":{"line":15,"column":59}},"7":{"start":{"line":16,"column":0},"end":{"line":16,"column":69}},"8":{"start":{"line":17,"column":0},"end":{"line":17,"column":73}},"9":{"start":{"line":18,"column":0},"end":{"line":18,"column":56}},"10":{"start":{"line":19,"column":0},"end":{"line":19,"column":67}},"11":{"start":{"line":20,"column":0},"end":{"line":20,"column":58}},"12":{"start":{"line":21,"column":0},"end":{"line":21,"column":62}},"13":{"start":{"line":22,"column":0},"end":{"line":22,"column":73}},"14":{"start":{"line":23,"column":0},"end":{"line":23,"column":67}},"15":{"start":{"line":24,"column":0},"end":{"line":24,"column":79}},"16":{"start":{"line":25,"column":15},"end":{"line":25,"column":21}},"17":{"start":{"line":26,"column":0},"end":{"line":26,"column":30}}},"fnMap":{},"branchMap":{},"s":{"0":1,"1":1,"2":1,"3":1,"4":1,"5":1,"6":1,"7":1,"8":1,"9":1,"10":1,"11":1,"12":1,"13":1,"14":1,"15":1,"16":1,"17":1},"f":{},"b":{},"inputSourceMap":{"version":3,"sources":["ordersRoutes.js"],"names":["router","get","OrderController","getAllOrders","getAllOrdersItems","post","addOrder","addOrdersItems","getOrder","put","updatedOrder","updateOrdersItems","deleteOrder","deleteOrdersItems"],"mappings":";;;;;;;;;AAAA;;AACA;;AAEA,IAAMA,MAAM,GAAG,sBAAf;AACAA,MAAM,CAACC,GAAP,CAAW,GAAX,EAAgBC,6BAAgBC,YAAhC;AACAH,MAAM,CAACC,GAAP,CAAW,QAAX,EAAqBC,6BAAgBE,iBAArC;AACAJ,MAAM,CAACC,GAAP,CAAW,YAAX,EAAyBC,6BAAgBE,iBAAzC;AACAJ,MAAM,CAACK,IAAP,CAAY,GAAZ,EAAiBH,6BAAgBI,QAAjC;AACAN,MAAM,CAACK,IAAP,CAAY,QAAZ,EAAsBH,6BAAgBK,cAAtC;AACAP,MAAM,CAACC,GAAP,CAAW,MAAX,EAAmBC,6BAAgBM,QAAnC;AACAR,MAAM,CAACS,GAAP,CAAW,MAAX,EAAmBP,6BAAgBQ,YAAnC;AACAV,MAAM,CAACS,GAAP,CAAW,YAAX,EAAyBP,6BAAgBS,iBAAzC;AACAX,MAAM,UAAN,CAAc,MAAd,EAAsBE,6BAAgBU,WAAtC;AACAZ,MAAM,UAAN,CAAc,YAAd,EAA4BE,6BAAgBW,iBAA5C;eACeb,M","sourceRoot":"/app/api/server/routes","sourcesContent":["import { Router } from 'express'\nimport OrderController from '../controllers/OrdersController';\n\nconst router = Router()\nrouter.get('/', OrderController.getAllOrders)\nrouter.get('/items', OrderController.getAllOrdersItems)\nrouter.get('/items/:id', OrderController.getAllOrdersItems);\nrouter.post('/', OrderController.addOrder);\nrouter.post('/items', OrderController.addOrdersItems);\nrouter.get('/:id', OrderController.getOrder);\nrouter.put('/:id', OrderController.updatedOrder);\nrouter.put('/items/:id', OrderController.updateOrdersItems);\nrouter.delete('/:id', OrderController.deleteOrder);\nrouter.delete('/items/:id', OrderController.deleteOrdersItems);\nexport default router"]},"_coverageSchema":"1a1c01bbd47fc00a2c39e90264f33305004495a9","hash":"f27644b1a3cf746a6a81035599b8cacb809b031e","contentHash":"b12864780d1ad4d1639e8783f4167818b60b37c836f26f773ce136526476124d"},"/app/api/server/controllers/OrdersController.js":{"path":"/app/api/server/controllers/OrdersController.js","statementMap":{"0":{"start":{"line":3,"column":29},"end":{"line":3,"column":84}},"1":{"start":{"line":5,"column":0},"end":{"line":7,"column":3}},"2":{"start":{"line":8,"column":0},"end":{"line":8,"column":28}},"3":{"start":{"line":10,"column":19},"end":{"line":10,"column":80}},"4":{"start":{"line":12,"column":25},"end":{"line":12,"column":99}},"5":{"start":{"line":14,"column":23},"end":{"line":14,"column":95}},"6":{"start":{"line":16,"column":20},"end":{"line":16,"column":89}},"7":{"start":{"line":18,"column":20},"end":{"line":18,"column":79}},"8":{"start":{"line":20,"column":13},"end":{"line":20,"column":62}},"9":{"start":{"line":22,"column":11},"end":{"line":22,"column":34}},"10":{"start":{"line":26,"column":0},"end":{"line":554,"column":3}},"11":{"start":{"line":28,"column":4},"end":{"line":28,"column":61}},"12":{"start":{"line":31,"column":2},"end":{"line":552,"column":6}},"13":{"start":{"line":34,"column":26},"end":{"line":69,"column":9}},"14":{"start":{"line":38,"column":8},"end":{"line":68,"column":36}},"15":{"start":{"line":39,"column":10},"end":{"line":67,"column":11}},"16":{"start":{"line":40,"column":12},"end":{"line":66,"column":13}},"17":{"start":{"line":42,"column":16},"end":{"line":42,"column":34}},"18":{"start":{"line":43,"column":16},"end":{"line":43,"column":34}},"19":{"start":{"line":44,"column":16},"end":{"line":44,"column":63}},"20":{"start":{"line":47,"column":16},"end":{"line":47,"column":42}},"21":{"start":{"line":49,"column":16},"end":{"line":53,"column":17}},"22":{"start":{"line":50,"column":18},"end":{"line":50,"column":70}},"23":{"start":{"line":52,"column":18},"end":{"line":52,"column":57}},"24":{"start":{"line":55,"column":16},"end":{"line":55,"column":65}},"25":{"start":{"line":58,"column":16},"end":{"line":58,"column":34}},"26":{"start":{"line":59,"column":16},"end":{"line":59,"column":51}},"27":{"start":{"line":60,"column":16},"end":{"line":60,"column":48}},"28":{"start":{"line":61,"column":16},"end":{"line":61,"co
[...]
or(400, \"Please input a valid numeric value\");\n      return util.send(res);\n    }\n    try {\n      const updateTable = await tablesService.updateTable(id, alteredTable);\n      if (!updateTable) {\n        util.setError(404, `Cannot find Table with the id: ${id}`);\n      } else {\n        util.setSuccess(200, \"Table updated\", updateTable);\n      }\n      return util.send(res);\n    } catch (error) {\n      util.setError(404, error);\n      return util.send(res);\n    }\n  }\n\n  static async getTable(req, res) {\n    const { id } = req.params;\n\n    if (!Number(id)) {\n      util.setError(400, \"Please input a valid numeric value\");\n      return util.send(res);\n    }\n\n    try {\n      const theTable = await tablesService.getTable(id);\n\n      if (!theTable) {\n        util.setError(404, `Cannot find Table with the id ${id}`);\n      } else {\n        util.setSuccess(200, \"Found Table\", theTable);\n      }\n      return util.send(res);\n    } catch (error) {\n      util.setError(404, error);\n      return util.send(res);\n    }\n  }\n\n  static async deleteTable(req, res) {\n    const { id } = req.params;\n\n    if (!Number(id)) {\n      util.setError(400, \"Please provide a numeric value\");\n      return util.send(res);\n    }\n\n    try {\n      const TableToDelete = await tablesService.deleteTable(id);\n\n      if (TableToDelete) {\n        util.setSuccess(200, \"Table deleted\");\n      } else {\n        util.setError(404, `Table with the id ${id} cannot be found`);\n      }\n      return util.send(res);\n    } catch (error) {\n      util.setError(400, error);\n      return util.send(res);\n    }\n  }\n}\n\nexport default TablesController;"]},"_coverageSchema":"1a1c01bbd47fc00a2c39e90264f33305004495a9","hash":"42cafdb0d82b1529860b0fa88afe7ab926b05a08","contentHash":"7904518a9d5176264f1aee98bb89a0fa858fc6601662f81071b05beabc90a9fd"},"/app/api/server/services/tablesService.js":{"path":"/app/api/server/services/tablesService.js","statementMap":{"0":{"start":{"line":3,"column":29},"end":{"line":3,"column":84}},"1":{"start":{"line":5,"column":0},"end":{"line":7,"column":3}},"2":{"start":{"line":8,"column":0},"end":{"line":8,"column":28}},"3":{"start":{"line":10,"column":19},"end":{"line":10,"column":80}},"4":{"start":{"line":12,"column":25},"end":{"line":12,"column":99}},"5":{"start":{"line":14,"column":23},"end":{"line":14,"column":95}},"6":{"start":{"line":16,"column":20},"end":{"line":16,"column":89}},"7":{"start":{"line":18,"column":14},"end":{"line":18,"column":62}},"8":{"start":{"line":22,"column":0},"end":{"line":262,"column":3}},"9":{"start":{"line":24,"column":4},"end":{"line":24,"column":58}},"10":{"start":{"line":27,"column":2},"end":{"line":260,"column":6}},"11":{"start":{"line":30,"column":26},"end":{"line":55,"column":9}},"12":{"start":{"line":33,"column":8},"end":{"line":54,"column":36}},"13":{"start":{"line":34,"column":10},"end":{"line":53,"column":11}},"14":{"start":{"line":35,"column":12},"end":{"line":52,"column":13}},"15":{"start":{"line":37,"column":16},"end":{"line":37,"column":34}},"16":{"start":{"line":38,"column":16},"end":{"line":38,"column":34}},"17":{"start":{"line":39,"column":16},"end":{"line":39,"column":59}},"18":{"start":{"line":42,"column":16},"end":{"line":42,"column":64}},"19":{"start":{"line":45,"column":16},"end":{"line":45,"column":34}},"20":{"start":{"line":46,"column":16},"end":{"line":46,"column":51}},"21":{"start":{"line":47,"column":16},"end":{"line":47,"column":34}},"22":{"start":{"line":51,"column":16},"end":{"line":51,"column":39}},"23":{"start":{"line":58,"column":8},"end":{"line":58,"column":52}},"24":{"start":{"line":61,"column":6},"end":{"line":61,"column":26}},"25":{"start":{"line":66,"column":22},"end":{"line":91,"column":9}},"26":{"start":{"line":69,"column":8},"end":{"line":90,"column":37}},"27":{"start":{"line":70,"column":10},"end":{"line":89,"column":11}},"28":{"start":{"line":71,"column":12},"end":{"line":88,"column":13}},"29":{"start":{"line":73,"column":16},"end":{"line":73,"column":35}},"30":{"start":{"line":74,"column":16},"end":{"line":74,"column":35}},"31":{"start":{"line":75,"column":16},"end":{"line":75,"column":66}},"32":{"start":{"line":78,"column":16},"end":{"line":78,"column":66}},"33":{"start":{"line":81,"column":16},"end":{"line":81,"column":35}},"34":{"start":{"line":82,"column":16},"end":{"line":82,"column":53}},"35":{"start":{"line":83,"column":16},"end":{"line":83,"column":35}},"36":{"start":{"line":87,"column":16},"end":{"line":87,"column":40}},"37":{"start":{"line":94,"column":8},"end":{"line":94,"column":48}},"38":{"start":{"line":97,"column":6},"end":{"line":97,"column":22}},"39":{"start":{"line":102,"column":26},"end":{"line":150,"column":9}},"40":{"start":{"line":106,"column":8},"end":{"line":149,"column":38}},"41":{"start":{"line":107,"column":10},"end":{"line":148,"column":11}},"42":{"start":{"line":108,"column":12},"end":{"line":147,"column":13}},"43":{"start":{"line":110,"column":16},"end":{"line":110,"column":35}},"44":{"start":{"line":111,"column":16},"end":{"line":111,"column":35}},"45":{"start":{"line":112,"column":16},"end":{"line":116,"column":19}},"46":{"start":{"line":119,"column":16},"end":{"line":119,"column":47}},"47":{"start":{"line":121,"column":16},"end":{"line":124,"column":17}},"48":{"start":{"line":122,"column":18},"end":{"line":122,"column":37}},"49":{"start":{"line":123,"column":18},"end":{"line":123,"column":24}},"50":{"start":{"line":126,"column":16},"end":{"line":126,"column":35}},"51":{"start":{"line":127,"column":16},"end":{"line":131,"column":19}},"52":{"start":{"line":134,"column":16},"end":{"line":134,"column":64}},"53":{"start":{"line":137,"column":16},"end":{"line":137,"column":56}},"54":{"start":{"line":140,"column":16},"end":{"line":140,"column":36}},"55":{"start":{"line":141,"column":16},"end":{"line":141,"column":53}},"56":{"start":{"line":142,"column":16},"end":{"line":142,"column":35}},"57":{"start":{"line":146,"column":16},"end":{"line":146,"column":40}},"58":{"start":{"line":153,"column":8},"end":{"line":153,"column":52}},"59":{"start":{"line":156,"column":6},"end":{"line":156,"column":25}},"60":{"start":{"line":161,"column":23},"end":{"line":192,"column":9}},"61":{"start":{"line":165,"column":8},"end":{"line":191,"column":37}},"62":{"start":{"line":166,"column":10},"end":{"line":190,"column":11}},"63":{"start":{"line":167,"column":12},"end":{"line":189,"column":13}},"64":{"start":{"line":169,"column":16},"end":{"line":169,"column":35}},"65":{"start":{"line":170,"column":16},"end":{"line":170,"column":35}},"66":{"start":{"line":171,"column":16},"end":{"line":175,"column":19}},"67":{"start":{"line":178,"column":16},"end":{"line":178,"column":43}},"68":{"start":{"line":179,"column":16},"end":{"line":179,"column":61}},"69":{"start":{"line":182,"column":16},"end":{"line":182,"column":35}},"70":{"start":{"line":183,"column":16},"end":{"line":183,"column":53}},"71":{"start":{"line":184,"column":16},"end":{"line":184,"column":35}},"72":{"start":{"line":188,"column":16},"end":{"line":188,"column":40}},"73":{"start":{"line":195,"column":8},"end":{"line":195,"column":49}},"74":{"start":{"line":198,"column":6},"end":{"line":198,"column":23}},"75":{"start":{"line":203,"column":25},"end":{"line":252,"column":9}},"76":{"start":{"line":207,"column":8},"end":{"line":251,"column":38}},"77":{"start":{"line":208,"column":10},"end":{"line":250,"column":11}},"78":{"start":{"line":209,"column":12},"end":{"line":249,"column":13}},"79":{"start":{"line":211,"column":16},"end":{"line":211,"column":35}},"80":{"start":{"line":212,"column":16},"end":{"line":212,"column":35}},"81":{"start":{"line":213,"column":16},"end":{"line":217,"column":19}},"82":{"start":{"line":220,"column":16},"end":{"line":220,"column":48}},"83":{"start":{"line":222,"column":16},"end":{"line":225,"column":17}},"84":{"start":{"line":223,"column":18},"end":{"line":223,"column":37}},"85":{"start":{"line":224,"column":18},"end":{"line":224,"column":24}},"86":{"start":{"line":227,"column":16},"end":{"line":227,"column":35}},"87":{"start":{"line":228,"column":16},"end":{"line":232,"column":19}},"88":{"start":{"line":235,"column":16},"end":{"line":235,"column":47}},"89":{"start":{"line":236,"column":16},"end":{"line":236,"column":65}},"90":{"start":{"line":239,"column":16},"end":{"line":239,"column":56}},"91":{"start":{"line":242,"column":16},"end":{"line":242,"column":36}},"92":{"start":{"line":243,"column":16},"end":{"line":243,"column":53}},"93":{"start":{"line":244,"column":16},"end":{"line":244,"column":35}},"94":{"start":{"line":248,"column":16},"end":{"line":248,"column":40}},"95":{"start":{"line":255,"column":8},"end":{"line":255,"column":51}},"96":{"start":{"line":258,"column":6},"end":{"line":258,"column":25}},"97":{"start":{"line":261,"column":2},"end":{"line":261,"column":23}},"98":{"start":{"line":264,"column":15},"end":{"line":264,"column":28}},"99":{"start":{"line":265,"column":0},"end":{"line":265,"column":30}}},"fnMap":{"0":{"name":"(anonymous_0)","decl":{"start":{"line":22,"column":0},"end":{"line":22,"column":1}},"loc":{"start":{"line":22,"column":12},"end":{"line":262,"column":1}},"line":22},"1":{"name":"tablesService","decl":{"start":{"line":23,"column":11},"end":{"line":23,"column":24}},"loc":{"start":{"line":23,"column":27},"end":{"line":25,"column":3}},"line":23},"2":{"name":"(anonymous_2)","decl":{"start":{"line":29,"column":11},"end":{"line":29,"column":12}},"loc":{"start":{"line":29,"column":23},"end":{"line":62,"column":5}},"line":29},"3":{"name":"_callee","decl":{"start":{"line":32,"column":44},"end":{"line":32,"column":51}},"loc":{"start":{"line":32,"column":54},"end":{"line":55,"column":7}},"line":32},"4":{"name":"_callee$","decl":{"start":{"line":33,"column":53},"end":{"line":33,"column":61}},"loc":{"start":{"line":33,"column":72},"end":{"line":54,"column":9}},"line":33},"5":{"name":"getAllTables","decl":{"start":{"line":57,"column":15},"end":{"line":57,"column":27}},"loc":{"start":{"line":57,"column":30},"end":{"line":59,"column":7}},"line":57},"6":{"name":"(anonymous_6)","decl":{"start":{"line":65,"column":11},"end":{"line":65,"column":12}},"loc":{"start":{"line":65,"column":23},"end":{"line":98,"column":5}},"line":65},"7":{"name":"_callee2","decl":{"start":{"line":68,"column":44},"end":{"line":68,"column":52}},"loc":{"start":{"line":68,"column":63},"end":{"line":91,"column":7}},"line":68},"8":{"name":"_callee2$","decl":{"start":{"line":69,"column":53},"end":{"line":69,"column":62}},"loc":{"start":{"line":69,"column":74},"end":{"line":90,"column":9}},"line":69},"9":{"name":"addTable","decl":{"start":{"line":93,"column":15},"end":{"line":93,"column":23}},"loc":{"start":{"line":93,"column":28},"end":{"line":95,"column":7}},"line":93},"10":{"name":"(anonymous_10)","decl":{"start":{"line":101,"column":11},"end":{"line":101,"column":12}},"loc":{"start":{"line":101,"column":23},"end":{"line":157,"column":5}},"line":101},"11":{"name":"_callee3","decl":{"start":{"line":104,"column":44},"end":{"line":104,"column":52}},"loc":{"start":{"line":104,"column":71},"end":{"line":150,"column":7}},"line":104},"12":{"name":"_callee3$","decl":{"start":{"line":106,"column":53},"end":{"line":106,"column":62}},"loc":{"start":{"line":106,"column":74},"end":{"line":149,"column":9}},"line":106},"13":{"name":"updateTable","decl":{"start":{"line":152,"column":15},"end":{"line":152,"column":26}},"loc":{"start":{"line":152,"column":37},"end":{"line":154,"column":7}},"line":152},"14":{"name":"(anonymous_14)","decl":{"start":{"line":160,"column":11},"end":{"line":160,"column":12}},"loc":{"start":{"line":160,"column":23},"end":{"line":199,"column":5}},"line":160},"15":{"name":"_callee4","decl":{"start":{"line":163,"column":44},"end":{"line":163,"column":52}},"loc":{"start":{"line":163,"column":57},"end":{"line":192,"column":7}},"line":163},"16":{"name":"_callee4$","decl":{"start":{"line":165,"column":53},"end":{"line":165,"column":62}},"loc":{"start":{"line":165,"column":74},"end":{"line":191,"column":9}},"line":165},"17":{"name":"getTables","decl":{"start":{"line":194,"column":15},"end":{"line":194,"column":24}},"loc":{"start":{"line":194,"column":30},"end":{"line":196,"column":7}},"line":194},"18":{"name":"(anonymous_18)","decl":{"start":{"line":202,"column":11},"end":{"line":202,"column":12}},"loc":{"start":{"line":202,"column":23},"end":{"line":259,"column":5}},"line":202},"19":{"name":"_callee5","decl":{"start":{"line":205,"column":44},"end":{"line":205,"column":52}},"loc":{"start":{"line":205,"column":57},"end":{"line":252,"column":7}},"line":205},"20":{"name":"_callee5$","decl":{"start":{"line":207,"column":53},"end":{"line":207,"column":62}},"loc":{"start":{"line":207,"column":74},"end":{"line":251,"column":9}},"line":207},"21":{"name":"deleteTable","decl":{"start":{"line":254,"column":15},"end":{"line":254,"column":26}},"loc":{"start":{"line":254,"column":32},"end":{"line":256,"column":7}},"line":254}},"branchMap":{"0":{"loc":{"start":{"line":35,"column":12},"end":{"line":52,"column":13}},"type":"switch","locations":[{"start":{"line":36,"column":14},"end":{"line":39,"column":59}},{"start":{"line":41,"column":14},"end":{"line":42,"column":64}},{"start":{"line":44,"column":14},"end":{"line":47,"column":34}},{"start":{"line":49,"column":14},"end":{"line":49,"column":21}},{"start":{"line":50,"column":14},"end":{"line":51,"column":39}}],"line":35},"1":{"loc":{"start":{"line":71,"column":12},"end":{"line":88,"column":13}},"type":"switch","locations":[{"start":{"line":72,"column":14},"end":{"line":75,"column":66}},{"start":{"line":77,"column":14},"end":{"line":78,"column":66}},{"start":{"line":80,"column":14},"end":{"line":83,"column":35}},{"start":{"line":85,"column":14},"end":{"line":85,"column":21}},{"start":{"line":86,"column":14},"end":{"line":87,"column":40}}],"line":71},"2":{"loc":{"start":{"line":108,"column":12},"end":{"line":147,"column":13}},"type":"switch","locations":[{"start":{"line":109,"column":14},"end":{"line":116,"column":19}},{"start":{"line":118,"column":14},"end":{"line":131,"column":19}},{"start":{"line":133,"column":14},"end":{"line":134,"column":64}},{"start":{"line":136,"column":14},"end":{"line":137,"column":56}},{"start":{"line":139,"column":14},"end":{"line":142,"column":35}},{"start":{"line":144,"column":14},"end":{"line":144,"column":22}},{"start":{"line":145,"column":14},"end":{"line":146,"column":40}}],"line":108},"3":{"loc":{"start":{"line":121,"column":16},"end":{"line":124,"column":17}},"type":"if","locations":[{"start":{"line":121,"column":16},"end":{"line":124,"column":17}},{"start":{"line":121,"column":16},"end":{"line":124,"column":17}}],"line":121},"4":{"loc":{"start":{"line":167,"column":12},"end":{"line":189,"column":13}},"type":"switch","locations":[{"start":{"line":168,"column":14},"end":{"line":175,"column":19}},{"start":{"line":177,"column":14},"end":{"line":179,"column":61}},{"start":{"line":181,"column":14},"end":{"line":184,"column":35}},{"start":{"line":186,"column":14},"end":{"line":186,"column":22}},{"start":{"line":187,"column":14},"end":{"line":188,"column":40}}],"line":167},"5":{"loc":{"start":{"line":209,"column":12},"end":{"line":249,"column":13}},"type":"switch","locations":[{"start":{"line":210,"column":14},"end":{"line":217,"column":19}},{"start":{"line":219,"column":14},"end":{"line":232,"column":19}},{"start":{"line":234,"column":14},"end":{"line":236,"column":65}},{"start":{"line":238,"column":14},"end":{"line":239,"column":56}},{"start":{"line":241,"column":14},"end":{"line":244,"column":35}},{"start":{"line":246,"column":14},"end":{"line":246,"column":22}},{"start":{"line":247,"column":14},"end":{"line":248,"column":40}}],"line":209},"6":{"loc":{"start":{"line":222,"column":16},"end":{"line":225,"column":17}},"type":"if","locations":[{"start":{"line":222,"column":16},"end":{"line":225,"column":17}},{"start":{"line":222,"column":16},"end":{"line":225,"column":17}}],"line":222}},"s":{"0":1,"1":1,"2":1,"3":1,"4":1,"5":1,"6":1,"7":1,"8":1,"9":0,"10":1,"11":1,"12":0,"13":0,"14":0,"15":0,"16":0,"17":0,"18":0,"19":0,"20":0,"21":0,"22":0,"23":0,"24":1,"25":1,"26":3,"27":7,"28":7,"29":3,"30":3,"31":3,"32":2,"33":0,"34":0,"35":0,"36":2,"37":3,"38":1,"39":1,"40":0,"41":0,"42":0,"43":0,"44":0,"45":0,"46":0,"47":0,"48":0,"49":0,"50":0,"51":0,"52":0,"53":0,"54":0,"55":0,"56":0,"57":0,"58":0,"59":1,"60":1,"61":0,"62":0,"63":0,"64":0,"65":0,"66":0,"67":0,"68":0,"69":0,"70":0,"71":0,"72":0,"73":0,"74":1,"75":1,"76":0,"77":0,"78":0,"79":0,"80":0,"81":0,"82":0,"83":0,"84":0,"85":0,"86":0,"87":0,"88":0,"89":0,"90":0,"91":0,"92":0,"93":0,"94":0,"95":0,"96":1,"97":1,"98":1,"99":1},"f":{"0":1,"1":0,"2":1,"3":0,"4":0,"5":0,"6":1,"7":3,"8":7,"9":3,"10":1,"11":0,"12":0,"13":0,"14":1,"15":0,"16":0,"17":0,"18":1,"19":0,"20":0,"21":0},"b":{"0":[0,0,0,0,0],"1":[3,2,0,0,2],"2":[0,0,0,0,0,0,0],"3":[0,0],"4":[0,0,0,0,0],"5":[0,0,0,0,0,0,0],"6":[0,0]},"inputSourceMap":{"version":3,"sources":["tablesService.js"],"names":["tablesService","database","tables","findAll","newTable","create","id","updateTable","findOne","where","Number","tableToUpdate","update","theTables","tablesToDelete","destroy","deletedTables"],"mappings":";;;;;;;;;;;;;;;;;AAAA;;IAEMA,a;;;;;;;;;;;;;;;;;;;uBAGaC,mBAASC,MAAT,CAAgBC,OAAhB,E;;;;;;;;;;;;;;;;;;;;;;;;;;;;;qDAMKC,Q;;;;;;;uBAELH,mBAASC,MAAT,CAAgBG,MAAhB,CAAuBD,QAAvB,C;;;;;;;;;;;;;;;;;;;;;;;;;;;;;qDAMQE,E,EAAIC,Y;;;;;;;;uBAEGN,mBAASC,MAAT,CAAgBM,OAAhB,CAAwB;AAClDC,kBAAAA,KAAK,EAAE;AAAEH,oBAAAA,EAAE,EAAEI,MAAM,CAACJ,EAAD;AAAZ;AAD2C,iBAAxB,C;;;AAAtBK,gBAAAA,a;;qBAIFA,a;;;;;;uBACIV,mBAASC,MAAT,CAAgBU,MAAhB,CAAuBL,YAAvB,EAAoC;AACxCE,kBAAAA,KAAK,EAAE;AAAEH,oBAAAA,EAAE,EAAEI,MAAM,CAACJ,EAAD;AAAZ;AADiC,iBAApC,C;;;kDAICC,Y;;;kDAEF,I;;;;;;;;;;;;;;;;;;;;;;;;;;qDAMYD,E;;;;;;;;uBAEKL,mBAASC,MAAT,CAAgBM,OAAhB,CAAwB;AAC9CC,kBAAAA,KAAK,EAAE;AAAEH,oBAAAA,EAAE,EAAEI,MAAM,CAACJ,EAAD;AAAZ;AADuC,iBAAxB,C;;;AAAlBO,gBAAAA,S;kDAICA,S;;;;;;;;;;;;;;;;;;;;;;;;;;qDAMcP,E;;;;;;;;uBAEQL,mBAASC,MAAT,CAAgBM,OAAhB,CAAwB;AACnDC,kBAAAA,KAAK,EAAE;AAAEH,oBAAAA,EAAE,EAAEI,MAAM,CAACJ,EAAD;AAAZ;AAD4C,iBAAxB,C;;;AAAvBQ,gBAAAA,c;;qBAIFA,c;;;;;;uBAC0Bb,mBAASC,MAAT,CAAgBa,OAAhB,CAAwB;AAClDN,kBAAAA,KAAK,EAAE;AAAEH,oBAAAA,EAAE,EAAEI,MAAM,CAACJ,EAAD;AAAZ;AAD2C,iBAAxB,C;;;AAAtBU,gBAAAA,a;kDAGCA,a;;;kDAEF,I;;;;;;;;;;;;;;;;;;;;;;;;;eAOEhB,a","sourceRoot":"/app/api/server/services","sourcesContent":["import database from \"../src/models\";\n\nclass tablesService {\n  static async getAllTables() {\n    try {\n      return await database.tables.findAll();\n    } catch (error) {\n      throw error;\n    }\n  }\n\n  static async addTable(newTable) {\n    try {\n      return await database.tables.create(newTable);\n    } catch (error) {\n      throw error;\n    }\n  }\n\n  static async updateTable(id, updateTable) {\n    try {\n      const tableToUpdate = await database.tables.findOne({\n        where: { id: Number(id) }\n      });\n\n      if (tableToUpdate) {\n        await database.tables.update(updateTable, {\n          where: { id: Number(id) }\n        });\n\n        return updateTable;\n      }\n      return null;\n    } catch (error) {\n      throw error;\n    }\n  }\n\n  static async getTables(id) {\n    try {\n      const theTables = await database.tables.findOne({\n        where: { id: Number(id) }\n      });\n\n      return theTables;\n    } catch (error) {\n      throw error;\n    }\n  }\n\n  static async deleteTable(id) {\n    try {\n      const tablesToDelete = await database.tables.findOne({\n        where: { id: Number(id) }\n      });\n\n      if (tablesToDelete) {\n        const deletedTables = await database.tables.destroy({\n          where: { id: Number(id) }\n        });\n        return deletedTables;\n      }\n      return null;\n    } catch (error) {\n      throw error;\n    }\n  }\n}\n\nexport default tablesService;"]},"_coverageSchema":"1a1c01bbd47fc00a2c39e90264f33305004495a9","hash":"dc6db31ed26922dec17c34b7c8322f8a0d30a22f","contentHash":"634d10bfc87945fd9e399356969979952ed48bc9e0d9a8200c024bcc5f57a9eb"}}